[2.240s] Invoking command in '/home/eduard/Escritorio/Robokin/ROS/robokin/robokin_publisher': PYTHONPATH=/home/eduard/Escritorio/Robokin/ROS/build/robokin_publisher/prefix_override:/home/eduard/Escritorio/Robokin/ROS/install/robokin_publisher/lib/python3.8/site-packages:${PYTHONPATH} /usr/bin/python3 setup.py egg_info --egg-base ../../build/robokin_publisher build --build-base /home/eduard/Escritorio/Robokin/ROS/build/robokin_publisher/build install --record /home/eduard/Escritorio/Robokin/ROS/build/robokin_publisher/install.log --single-version-externally-managed
[2.561s] running egg_info
[2.563s] writing ../../build/robokin_publisher/robokin_publisher.egg-info/PKG-INFO
[2.564s] writing dependency_links to ../../build/robokin_publisher/robokin_publisher.egg-info/dependency_links.txt
[2.565s] writing entry points to ../../build/robokin_publisher/robokin_publisher.egg-info/entry_points.txt
[2.566s] writing requirements to ../../build/robokin_publisher/robokin_publisher.egg-info/requires.txt
[2.566s] writing top-level names to ../../build/robokin_publisher/robokin_publisher.egg-info/top_level.txt
[2.625s] reading manifest file '../../build/robokin_publisher/robokin_publisher.egg-info/SOURCES.txt'
[2.626s] writing manifest file '../../build/robokin_publisher/robokin_publisher.egg-info/SOURCES.txt'
[2.627s] running build
[2.627s] running build_py
[2.627s] running install
[2.628s] running install_lib
[2.630s] running install_data
[2.631s] running install_egg_info
[2.634s] removing '/home/eduard/Escritorio/Robokin/ROS/install/robokin_publisher/lib/python3.8/site-packages/robokin_publisher-0.0.0-py3.8.egg-info' (and everything under it)
[2.635s] Copying ../../build/robokin_publisher/robokin_publisher.egg-info to /home/eduard/Escritorio/Robokin/ROS/install/robokin_publisher/lib/python3.8/site-packages/robokin_publisher-0.0.0-py3.8.egg-info
[2.636s] running install_scripts
[2.663s] Installing simple_publisher script to /home/eduard/Escritorio/Robokin/ROS/install/robokin_publisher/lib/robokin_publisher
[2.664s] writing list of installed files to '/home/eduard/Escritorio/Robokin/ROS/build/robokin_publisher/install.log'
[2.939s] Invoked command in '/home/eduard/Escritorio/Robokin/ROS/robokin/robokin_publisher' returned '0': PYTHONPATH=/home/eduard/Escritorio/Robokin/ROS/build/robokin_publisher/prefix_override:/home/eduard/Escritorio/Robokin/ROS/install/robokin_publisher/lib/python3.8/site-packages:${PYTHONPATH} /usr/bin/python3 setup.py egg_info --egg-base ../../build/robokin_publisher build --build-base /home/eduard/Escritorio/Robokin/ROS/build/robokin_publisher/build install --record /home/eduard/Escritorio/Robokin/ROS/build/robokin_publisher/install.log --single-version-externally-managed
