[3.494s] DEBUG:colcon:Command line arguments: ['/usr/bin/colcon', 'build']
[3.495s] DEBUG:colcon:Parsed command line arguments: Namespace(allow_overriding=[], ament_cmake_args=None, base_paths=['.'], build_base='build', catkin_cmake_args=None, catkin_skip_building_tests=False, cmake_args=None, cmake_clean_cache=False, cmake_clean_first=False, cmake_force_configure=False, cmake_target=None, cmake_target_skip_unavailable=False, continue_on_error=False, event_handlers=None, executor='parallel', ignore_user_meta=False, install_base='install', log_base=None, log_level=None, main=<bound method BuildVerb.main of <colcon_core.verb.build.BuildVerb object at 0x7f47df572040>>, merge_install=False, metas=['./colcon.meta'], packages_above=None, packages_above_and_dependencies=None, packages_above_depth=None, packages_end=None, packages_ignore=None, packages_ignore_regex=None, packages_select=None, packages_select_build_failed=False, packages_select_by_dep=None, packages_select_regex=None, packages_select_test_failures=False, packages_skip=None, packages_skip_build_finished=False, packages_skip_by_dep=None, packages_skip_regex=None, packages_skip_test_passed=False, packages_skip_up_to=None, packages_start=None, packages_up_to=None, packages_up_to_regex=None, parallel_workers=2, paths=None, symlink_install=False, test_result_base=None, verb_extension=<colcon_core.verb.build.BuildVerb object at 0x7f47df572040>, verb_name='build', verb_parser=<colcon_defaults.argument_parser.defaults.DefaultArgumentsDecorator object at 0x7f47df1be3d0>)
[3.714s] Level 1:colcon.colcon_core.package_discovery:discover_packages(colcon_meta) check parameters
[3.715s] Level 1:colcon.colcon_core.package_discovery:discover_packages(recursive) check parameters
[3.715s] Level 1:colcon.colcon_core.package_discovery:discover_packages(ignore) check parameters
[3.715s] Level 1:colcon.colcon_core.package_discovery:discover_packages(path) check parameters
[3.715s] Level 1:colcon.colcon_core.package_discovery:discover_packages(colcon_meta) discover
[3.715s] Level 1:colcon.colcon_core.package_discovery:discover_packages(recursive) discover
[3.715s] INFO:colcon.colcon_core.package_discovery:Crawling recursively for packages in '/home/eduard/Escritorio/Robokin/ROS'
[3.716s] Level 1:colcon.colcon_core.package_identification:_identify(.) by extensions ['ignore', 'ignore_ament_install']
[3.716s] Level 1:colcon.colcon_core.package_identification:_identify(.) by extension 'ignore'
[3.716s] Level 1:colcon.colcon_core.package_identification:_identify(.) by extension 'ignore_ament_install'
[3.716s] Level 1:colcon.colcon_core.package_identification:_identify(.) by extensions ['colcon_pkg']
[3.716s] Level 1:colcon.colcon_core.package_identification:_identify(.) by extension 'colcon_pkg'
[3.716s] Level 1:colcon.colcon_core.package_identification:_identify(.) by extensions ['colcon_meta']
[3.716s] Level 1:colcon.colcon_core.package_identification:_identify(.) by extension 'colcon_meta'
[3.716s] Level 1:colcon.colcon_core.package_identification:_identify(.) by extensions ['ros']
[3.716s] Level 1:colcon.colcon_core.package_identification:_identify(.) by extension 'ros'
[3.733s] Level 1:colcon.colcon_core.package_identification:_identify(.) by extensions ['cmake', 'python']
[3.733s] Level 1:colcon.colcon_core.package_identification:_identify(.) by extension 'cmake'
[3.733s] Level 1:colcon.colcon_core.package_identification:_identify(.) by extension 'python'
[3.733s] Level 1:colcon.colcon_core.package_identification:_identify(.) by extensions ['python_setup_py']
[3.733s] Level 1:colcon.colcon_core.package_identification:_identify(.) by extension 'python_setup_py'
[3.733s] Level 1:colcon.colcon_core.package_identification:_identify(build) by extensions ['ignore', 'ignore_ament_install']
[3.733s] Level 1:colcon.colcon_core.package_identification:_identify(build) by extension 'ignore'
[3.733s] Level 1:colcon.colcon_core.package_identification:_identify(build) ignored
[3.734s] Level 1:colcon.colcon_core.package_identification:_identify(install) by extensions ['ignore', 'ignore_ament_install']
[3.734s] Level 1:colcon.colcon_core.package_identification:_identify(install) by extension 'ignore'
[3.734s] Level 1:colcon.colcon_core.package_identification:_identify(install) ignored
[3.734s] Level 1:colcon.colcon_core.package_identification:_identify(log) by extensions ['ignore', 'ignore_ament_install']
[3.734s] Level 1:colcon.colcon_core.package_identification:_identify(log) by extension 'ignore'
[3.734s] Level 1:colcon.colcon_core.package_identification:_identify(log) ignored
[3.734s] Level 1:colcon.colcon_core.package_identification:_identify(robokin) by extensions ['ignore', 'ignore_ament_install']
[3.734s] Level 1:colcon.colcon_core.package_identification:_identify(robokin) by extension 'ignore'
[3.734s] Level 1:colcon.colcon_core.package_identification:_identify(robokin) by extension 'ignore_ament_install'
[3.734s] Level 1:colcon.colcon_core.package_identification:_identify(robokin) by extensions ['colcon_pkg']
[3.734s] Level 1:colcon.colcon_core.package_identification:_identify(robokin) by extension 'colcon_pkg'
[3.735s] Level 1:colcon.colcon_core.package_identification:_identify(robokin) by extensions ['colcon_meta']
[3.735s] Level 1:colcon.colcon_core.package_identification:_identify(robokin) by extension 'colcon_meta'
[3.735s] Level 1:colcon.colcon_core.package_identification:_identify(robokin) by extensions ['ros']
[3.735s] Level 1:colcon.colcon_core.package_identification:_identify(robokin) by extension 'ros'
[3.735s] Level 1:colcon.colcon_core.package_identification:_identify(robokin) by extensions ['cmake', 'python']
[3.735s] Level 1:colcon.colcon_core.package_identification:_identify(robokin) by extension 'cmake'
[3.735s] Level 1:colcon.colcon_core.package_identification:_identify(robokin) by extension 'python'
[3.735s] Level 1:colcon.colcon_core.package_identification:_identify(robokin) by extensions ['python_setup_py']
[3.735s] Level 1:colcon.colcon_core.package_identification:_identify(robokin) by extension 'python_setup_py'
[3.735s] Level 1:colcon.colcon_core.package_identification:_identify(robokin/robokin) by extensions ['ignore', 'ignore_ament_install']
[3.735s] Level 1:colcon.colcon_core.package_identification:_identify(robokin/robokin) by extension 'ignore'
[3.735s] Level 1:colcon.colcon_core.package_identification:_identify(robokin/robokin) by extension 'ignore_ament_install'
[3.735s] Level 1:colcon.colcon_core.package_identification:_identify(robokin/robokin) by extensions ['colcon_pkg']
[3.735s] Level 1:colcon.colcon_core.package_identification:_identify(robokin/robokin) by extension 'colcon_pkg'
[3.735s] Level 1:colcon.colcon_core.package_identification:_identify(robokin/robokin) by extensions ['colcon_meta']
[3.736s] Level 1:colcon.colcon_core.package_identification:_identify(robokin/robokin) by extension 'colcon_meta'
[3.736s] Level 1:colcon.colcon_core.package_identification:_identify(robokin/robokin) by extensions ['ros']
[3.736s] Level 1:colcon.colcon_core.package_identification:_identify(robokin/robokin) by extension 'ros'
[3.740s] DEBUG:colcon.colcon_core.package_identification:Package 'robokin/robokin' with type 'ros.ament_cmake' and name 'robokin'
[3.740s] Level 1:colcon.colcon_core.package_identification:_identify(robokin/robokin_nav_system) by extensions ['ignore', 'ignore_ament_install']
[3.740s] Level 1:colcon.colcon_core.package_identification:_identify(robokin/robokin_nav_system) by extension 'ignore'
[3.740s] Level 1:colcon.colcon_core.package_identification:_identify(robokin/robokin_nav_system) by extension 'ignore_ament_install'
[3.741s] Level 1:colcon.colcon_core.package_identification:_identify(robokin/robokin_nav_system) by extensions ['colcon_pkg']
[3.741s] Level 1:colcon.colcon_core.package_identification:_identify(robokin/robokin_nav_system) by extension 'colcon_pkg'
[3.741s] Level 1:colcon.colcon_core.package_identification:_identify(robokin/robokin_nav_system) by extensions ['colcon_meta']
[3.741s] Level 1:colcon.colcon_core.package_identification:_identify(robokin/robokin_nav_system) by extension 'colcon_meta'
[3.741s] Level 1:colcon.colcon_core.package_identification:_identify(robokin/robokin_nav_system) by extensions ['ros']
[3.741s] Level 1:colcon.colcon_core.package_identification:_identify(robokin/robokin_nav_system) by extension 'ros'
[3.743s] DEBUG:colcon.colcon_core.package_identification:Package 'robokin/robokin_nav_system' with type 'ros.ament_python' and name 'robokin_nav_system'
[3.743s] Level 1:colcon.colcon_core.package_identification:_identify(robokin/robokin_publisher) by extensions ['ignore', 'ignore_ament_install']
[3.743s] Level 1:colcon.colcon_core.package_identification:_identify(robokin/robokin_publisher) by extension 'ignore'
[3.744s] Level 1:colcon.colcon_core.package_identification:_identify(robokin/robokin_publisher) by extension 'ignore_ament_install'
[3.744s] Level 1:colcon.colcon_core.package_identification:_identify(robokin/robokin_publisher) by extensions ['colcon_pkg']
[3.744s] Level 1:colcon.colcon_core.package_identification:_identify(robokin/robokin_publisher) by extension 'colcon_pkg'
[3.744s] Level 1:colcon.colcon_core.package_identification:_identify(robokin/robokin_publisher) by extensions ['colcon_meta']
[3.744s] Level 1:colcon.colcon_core.package_identification:_identify(robokin/robokin_publisher) by extension 'colcon_meta'
[3.744s] Level 1:colcon.colcon_core.package_identification:_identify(robokin/robokin_publisher) by extensions ['ros']
[3.744s] Level 1:colcon.colcon_core.package_identification:_identify(robokin/robokin_publisher) by extension 'ros'
[3.745s] DEBUG:colcon.colcon_core.package_identification:Package 'robokin/robokin_publisher' with type 'ros.ament_python' and name 'robokin_publisher'
[3.745s] Level 1:colcon.colcon_core.package_identification:_identify(robokin/robokin_world) by extensions ['ignore', 'ignore_ament_install']
[3.746s] Level 1:colcon.colcon_core.package_identification:_identify(robokin/robokin_world) by extension 'ignore'
[3.746s] Level 1:colcon.colcon_core.package_identification:_identify(robokin/robokin_world) by extension 'ignore_ament_install'
[3.746s] Level 1:colcon.colcon_core.package_identification:_identify(robokin/robokin_world) by extensions ['colcon_pkg']
[3.746s] Level 1:colcon.colcon_core.package_identification:_identify(robokin/robokin_world) by extension 'colcon_pkg'
[3.746s] Level 1:colcon.colcon_core.package_identification:_identify(robokin/robokin_world) by extensions ['colcon_meta']
[3.746s] Level 1:colcon.colcon_core.package_identification:_identify(robokin/robokin_world) by extension 'colcon_meta'
[3.746s] Level 1:colcon.colcon_core.package_identification:_identify(robokin/robokin_world) by extensions ['ros']
[3.746s] Level 1:colcon.colcon_core.package_identification:_identify(robokin/robokin_world) by extension 'ros'
[3.748s] DEBUG:colcon.colcon_core.package_identification:Package 'robokin/robokin_world' with type 'ros.ament_cmake' and name 'robokin_world'
[3.748s] Level 1:colcon.colcon_core.package_discovery:discover_packages(recursive) using defaults
[3.748s] Level 1:colcon.colcon_core.package_discovery:discover_packages(ignore) discover
[3.748s] Level 1:colcon.colcon_core.package_discovery:discover_packages(ignore) using defaults
[3.748s] Level 1:colcon.colcon_core.package_discovery:discover_packages(path) discover
[3.748s] Level 1:colcon.colcon_core.package_discovery:discover_packages(path) using defaults
[4.063s] Level 1:colcon.colcon_core.package_discovery:discover_packages(prefix_path) check parameters
[4.064s] Level 1:colcon.colcon_core.package_discovery:discover_packages(prefix_path) discover
[4.178s] DEBUG:colcon.colcon_installed_package_information.package_discovery:Found 14 installed packages in /home/eduard/turtlebot3_ws/install
[4.235s] DEBUG:colcon.colcon_installed_package_information.package_discovery:Found 336 installed packages in /opt/ros/galactic
[4.238s] Level 1:colcon.colcon_core.package_discovery:discover_packages(prefix_path) using defaults
[4.501s] Level 5:colcon.colcon_core.verb:set package 'robokin_nav_system' build argument 'cmake_args' from command line to 'None'
[4.502s] Level 5:colcon.colcon_core.verb:set package 'robokin_nav_system' build argument 'cmake_target' from command line to 'None'
[4.502s] Level 5:colcon.colcon_core.verb:set package 'robokin_nav_system' build argument 'cmake_target_skip_unavailable' from command line to 'False'
[4.502s] Level 5:colcon.colcon_core.verb:set package 'robokin_nav_system' build argument 'cmake_clean_cache' from command line to 'False'
[4.502s] Level 5:colcon.colcon_core.verb:set package 'robokin_nav_system' build argument 'cmake_clean_first' from command line to 'False'
[4.502s] Level 5:colcon.colcon_core.verb:set package 'robokin_nav_system' build argument 'cmake_force_configure' from command line to 'False'
[4.502s] Level 5:colcon.colcon_core.verb:set package 'robokin_nav_system' build argument 'ament_cmake_args' from command line to 'None'
[4.502s] Level 5:colcon.colcon_core.verb:set package 'robokin_nav_system' build argument 'catkin_cmake_args' from command line to 'None'
[4.502s] Level 5:colcon.colcon_core.verb:set package 'robokin_nav_system' build argument 'catkin_skip_building_tests' from command line to 'False'
[4.502s] DEBUG:colcon.colcon_core.verb:Building package 'robokin_nav_system' with the following arguments: {'ament_cmake_args': None, 'build_base': '/home/eduard/Escritorio/Robokin/ROS/build/robokin_nav_system', 'catkin_cmake_args': None, 'catkin_skip_building_tests': False, 'cmake_args': None, 'cmake_clean_cache': False, 'cmake_clean_first': False, 'cmake_force_configure': False, 'cmake_target': None, 'cmake_target_skip_unavailable': False, 'install_base': '/home/eduard/Escritorio/Robokin/ROS/install/robokin_nav_system', 'merge_install': False, 'path': '/home/eduard/Escritorio/Robokin/ROS/robokin/robokin_nav_system', 'symlink_install': False, 'test_result_base': None}
[4.587s] Level 5:colcon.colcon_core.verb:set package 'robokin_publisher' build argument 'cmake_args' from command line to 'None'
[4.588s] Level 5:colcon.colcon_core.verb:set package 'robokin_publisher' build argument 'cmake_target' from command line to 'None'
[4.588s] Level 5:colcon.colcon_core.verb:set package 'robokin_publisher' build argument 'cmake_target_skip_unavailable' from command line to 'False'
[4.588s] Level 5:colcon.colcon_core.verb:set package 'robokin_publisher' build argument 'cmake_clean_cache' from command line to 'False'
[4.588s] Level 5:colcon.colcon_core.verb:set package 'robokin_publisher' build argument 'cmake_clean_first' from command line to 'False'
[4.588s] Level 5:colcon.colcon_core.verb:set package 'robokin_publisher' build argument 'cmake_force_configure' from command line to 'False'
[4.588s] Level 5:colcon.colcon_core.verb:set package 'robokin_publisher' build argument 'ament_cmake_args' from command line to 'None'
[4.588s] Level 5:colcon.colcon_core.verb:set package 'robokin_publisher' build argument 'catkin_cmake_args' from command line to 'None'
[4.588s] Level 5:colcon.colcon_core.verb:set package 'robokin_publisher' build argument 'catkin_skip_building_tests' from command line to 'False'
[4.588s] DEBUG:colcon.colcon_core.verb:Building package 'robokin_publisher' with the following arguments: {'ament_cmake_args': None, 'build_base': '/home/eduard/Escritorio/Robokin/ROS/build/robokin_publisher', 'catkin_cmake_args': None, 'catkin_skip_building_tests': False, 'cmake_args': None, 'cmake_clean_cache': False, 'cmake_clean_first': False, 'cmake_force_configure': False, 'cmake_target': None, 'cmake_target_skip_unavailable': False, 'install_base': '/home/eduard/Escritorio/Robokin/ROS/install/robokin_publisher', 'merge_install': False, 'path': '/home/eduard/Escritorio/Robokin/ROS/robokin/robokin_publisher', 'symlink_install': False, 'test_result_base': None}
[4.646s] Level 5:colcon.colcon_core.verb:set package 'robokin_world' build argument 'cmake_args' from command line to 'None'
[4.647s] Level 5:colcon.colcon_core.verb:set package 'robokin_world' build argument 'cmake_target' from command line to 'None'
[4.647s] Level 5:colcon.colcon_core.verb:set package 'robokin_world' build argument 'cmake_target_skip_unavailable' from command line to 'False'
[4.647s] Level 5:colcon.colcon_core.verb:set package 'robokin_world' build argument 'cmake_clean_cache' from command line to 'False'
[4.647s] Level 5:colcon.colcon_core.verb:set package 'robokin_world' build argument 'cmake_clean_first' from command line to 'False'
[4.647s] Level 5:colcon.colcon_core.verb:set package 'robokin_world' build argument 'cmake_force_configure' from command line to 'False'
[4.647s] Level 5:colcon.colcon_core.verb:set package 'robokin_world' build argument 'ament_cmake_args' from command line to 'None'
[4.647s] Level 5:colcon.colcon_core.verb:set package 'robokin_world' build argument 'catkin_cmake_args' from command line to 'None'
[4.647s] Level 5:colcon.colcon_core.verb:set package 'robokin_world' build argument 'catkin_skip_building_tests' from command line to 'False'
[4.647s] DEBUG:colcon.colcon_core.verb:Building package 'robokin_world' with the following arguments: {'ament_cmake_args': None, 'build_base': '/home/eduard/Escritorio/Robokin/ROS/build/robokin_world', 'catkin_cmake_args': None, 'catkin_skip_building_tests': False, 'cmake_args': None, 'cmake_clean_cache': False, 'cmake_clean_first': False, 'cmake_force_configure': False, 'cmake_target': None, 'cmake_target_skip_unavailable': False, 'install_base': '/home/eduard/Escritorio/Robokin/ROS/install/robokin_world', 'merge_install': False, 'path': '/home/eduard/Escritorio/Robokin/ROS/robokin/robokin_world', 'symlink_install': False, 'test_result_base': None}
[4.703s] Level 5:colcon.colcon_core.verb:set package 'robokin' build argument 'cmake_args' from command line to 'None'
[4.703s] Level 5:colcon.colcon_core.verb:set package 'robokin' build argument 'cmake_target' from command line to 'None'
[4.703s] Level 5:colcon.colcon_core.verb:set package 'robokin' build argument 'cmake_target_skip_unavailable' from command line to 'False'
[4.703s] Level 5:colcon.colcon_core.verb:set package 'robokin' build argument 'cmake_clean_cache' from command line to 'False'
[4.703s] Level 5:colcon.colcon_core.verb:set package 'robokin' build argument 'cmake_clean_first' from command line to 'False'
[4.703s] Level 5:colcon.colcon_core.verb:set package 'robokin' build argument 'cmake_force_configure' from command line to 'False'
[4.703s] Level 5:colcon.colcon_core.verb:set package 'robokin' build argument 'ament_cmake_args' from command line to 'None'
[4.703s] Level 5:colcon.colcon_core.verb:set package 'robokin' build argument 'catkin_cmake_args' from command line to 'None'
[4.704s] Level 5:colcon.colcon_core.verb:set package 'robokin' build argument 'catkin_skip_building_tests' from command line to 'False'
[4.704s] DEBUG:colcon.colcon_core.verb:Building package 'robokin' with the following arguments: {'ament_cmake_args': None, 'build_base': '/home/eduard/Escritorio/Robokin/ROS/build/robokin', 'catkin_cmake_args': None, 'catkin_skip_building_tests': False, 'cmake_args': None, 'cmake_clean_cache': False, 'cmake_clean_first': False, 'cmake_force_configure': False, 'cmake_target': None, 'cmake_target_skip_unavailable': False, 'install_base': '/home/eduard/Escritorio/Robokin/ROS/install/robokin', 'merge_install': False, 'path': '/home/eduard/Escritorio/Robokin/ROS/robokin/robokin', 'symlink_install': False, 'test_result_base': None}
[4.786s] INFO:colcon.colcon_core.executor:Executing jobs using 'parallel' executor
[4.844s] DEBUG:colcon.colcon_parallel_executor.executor.parallel:run_until_complete
[4.845s] INFO:colcon.colcon_ros.task.ament_python.build:Building ROS package in '/home/eduard/Escritorio/Robokin/ROS/robokin/robokin_publisher' with build type 'ament_python'
[4.845s] Level 1:colcon.colcon_core.shell:create_environment_hook('robokin_publisher', 'ament_prefix_path')
[4.916s] INFO:colcon.colcon_core.plugin_system:Skipping extension 'colcon_core.shell.bat': Not used on non-Windows systems
[4.917s] INFO:colcon.colcon_core.shell:Creating environment hook '/home/eduard/Escritorio/Robokin/ROS/install/robokin_publisher/share/robokin_publisher/hook/ament_prefix_path.ps1'
[4.918s] INFO:colcon.colcon_core.shell:Creating environment descriptor '/home/eduard/Escritorio/Robokin/ROS/install/robokin_publisher/share/robokin_publisher/hook/ament_prefix_path.dsv'
[4.919s] INFO:colcon.colcon_core.shell:Creating environment hook '/home/eduard/Escritorio/Robokin/ROS/install/robokin_publisher/share/robokin_publisher/hook/ament_prefix_path.sh'
[4.980s] INFO:colcon.colcon_core.shell:Skip shell extension 'powershell' for command environment: Not usable outside of PowerShell
[4.980s] DEBUG:colcon.colcon_core.shell:Skip shell extension 'dsv' for command environment
[5.169s] INFO:colcon.colcon_ros.task.ament_cmake.build:Building ROS package in '/home/eduard/Escritorio/Robokin/ROS/robokin/robokin_world' with build type 'ament_cmake'
[5.169s] INFO:colcon.colcon_cmake.task.cmake.build:Building CMake package in '/home/eduard/Escritorio/Robokin/ROS/robokin/robokin_world'
[5.236s] INFO:colcon.colcon_core.shell:Skip shell extension 'powershell' for command environment: Not usable outside of PowerShell
[5.236s] DEBUG:colcon.colcon_core.shell:Skip shell extension 'dsv' for command environment
[5.805s] INFO:colcon.colcon_core.task.python.build:Building Python package in '/home/eduard/Escritorio/Robokin/ROS/robokin/robokin_publisher'
[5.867s] INFO:colcon.colcon_core.shell:Skip shell extension 'powershell' for command environment: Not usable outside of PowerShell
[5.867s] DEBUG:colcon.colcon_core.shell:Skip shell extension 'dsv' for command environment
[6.050s] DEBUG:colcon.colcon_core.event_handler.log_command:Invoking command in '/home/eduard/Escritorio/Robokin/ROS/build/robokin_world': CMAKE_PREFIX_PATH=${CMAKE_PREFIX_PATH}:/home/eduard/turtlebot3_ws/install/show_msg:/home/eduard/turtlebot3_ws/install/provide_map:/home/eduard/turtlebot3_ws/install/my_nav2_system:/home/eduard/turtlebot3_ws/install/my_first_subscriber:/home/eduard/turtlebot3_ws/install/my_first_service:/home/eduard/turtlebot3_ws/install/my_first_publisher:/home/eduard/turtlebot3_ws/install/my_first_node:/home/eduard/turtlebot3_ws/install/my_first_action:/opt/ros/galactic /usr/bin/cmake /home/eduard/Escritorio/Robokin/ROS/robokin/robokin_world -DCMAKE_INSTALL_PREFIX=/home/eduard/Escritorio/Robokin/ROS/install/robokin_world
[6.815s] DEBUG:colcon.colcon_core.event_handler.log_command:Invoking command in '/home/eduard/Escritorio/Robokin/ROS/robokin/robokin_publisher': PYTHONPATH=/home/eduard/Escritorio/Robokin/ROS/build/robokin_publisher/prefix_override:/home/eduard/Escritorio/Robokin/ROS/install/robokin_publisher/lib/python3.8/site-packages:${PYTHONPATH} /usr/bin/python3 setup.py egg_info --egg-base ../../build/robokin_publisher build --build-base /home/eduard/Escritorio/Robokin/ROS/build/robokin_publisher/build install --record /home/eduard/Escritorio/Robokin/ROS/build/robokin_publisher/install.log --single-version-externally-managed
[7.324s] DEBUG:colcon.colcon_core.event_handler.log_command:Invoked command in '/home/eduard/Escritorio/Robokin/ROS/robokin/robokin_publisher' returned '0': PYTHONPATH=/home/eduard/Escritorio/Robokin/ROS/build/robokin_publisher/prefix_override:/home/eduard/Escritorio/Robokin/ROS/install/robokin_publisher/lib/python3.8/site-packages:${PYTHONPATH} /usr/bin/python3 setup.py egg_info --egg-base ../../build/robokin_publisher build --build-base /home/eduard/Escritorio/Robokin/ROS/build/robokin_publisher/build install --record /home/eduard/Escritorio/Robokin/ROS/build/robokin_publisher/install.log --single-version-externally-managed
[7.394s] Level 1:colcon.colcon_core.environment:checking '/home/eduard/Escritorio/Robokin/ROS/install/robokin_publisher' for CMake module files
[7.395s] Level 1:colcon.colcon_core.environment:checking '/home/eduard/Escritorio/Robokin/ROS/install/robokin_publisher' for CMake config files
[7.396s] Level 1:colcon.colcon_core.environment:checking '/home/eduard/Escritorio/Robokin/ROS/install/robokin_publisher/lib'
[7.396s] Level 1:colcon.colcon_core.environment:checking '/home/eduard/Escritorio/Robokin/ROS/install/robokin_publisher/bin'
[7.396s] Level 1:colcon.colcon_core.environment:checking '/home/eduard/Escritorio/Robokin/ROS/install/robokin_publisher/lib/pkgconfig/robokin_publisher.pc'
[7.396s] Level 1:colcon.colcon_core.environment:checking '/home/eduard/Escritorio/Robokin/ROS/install/robokin_publisher/lib/python3.8/site-packages'
[7.397s] Level 1:colcon.colcon_core.shell:create_environment_hook('robokin_publisher', 'pythonpath')
[7.464s] INFO:colcon.colcon_core.shell:Creating environment hook '/home/eduard/Escritorio/Robokin/ROS/install/robokin_publisher/share/robokin_publisher/hook/pythonpath.ps1'
[7.465s] INFO:colcon.colcon_core.shell:Creating environment descriptor '/home/eduard/Escritorio/Robokin/ROS/install/robokin_publisher/share/robokin_publisher/hook/pythonpath.dsv'
[7.466s] INFO:colcon.colcon_core.shell:Creating environment hook '/home/eduard/Escritorio/Robokin/ROS/install/robokin_publisher/share/robokin_publisher/hook/pythonpath.sh'
[7.467s] Level 1:colcon.colcon_core.environment:checking '/home/eduard/Escritorio/Robokin/ROS/install/robokin_publisher/bin'
[7.467s] Level 1:colcon.colcon_core.environment:create_environment_scripts_only(robokin_publisher)
[7.536s] INFO:colcon.colcon_core.shell:Creating package script '/home/eduard/Escritorio/Robokin/ROS/install/robokin_publisher/share/robokin_publisher/package.ps1'
[7.539s] INFO:colcon.colcon_core.shell:Creating package descriptor '/home/eduard/Escritorio/Robokin/ROS/install/robokin_publisher/share/robokin_publisher/package.dsv'
[7.540s] INFO:colcon.colcon_core.shell:Creating package script '/home/eduard/Escritorio/Robokin/ROS/install/robokin_publisher/share/robokin_publisher/package.sh'
[7.542s] INFO:colcon.colcon_core.shell:Creating package script '/home/eduard/Escritorio/Robokin/ROS/install/robokin_publisher/share/robokin_publisher/package.bash'
[7.543s] INFO:colcon.colcon_core.shell:Creating package script '/home/eduard/Escritorio/Robokin/ROS/install/robokin_publisher/share/robokin_publisher/package.zsh'
[7.545s] Level 1:colcon.colcon_core.environment:create_file_with_runtime_dependencies(/home/eduard/Escritorio/Robokin/ROS/install/robokin_publisher/share/colcon-core/packages/robokin_publisher)
[7.546s] INFO:colcon.colcon_ros.task.ament_python.build:Building ROS package in '/home/eduard/Escritorio/Robokin/ROS/robokin/robokin_nav_system' with build type 'ament_python'
[7.546s] Level 1:colcon.colcon_core.shell:create_environment_hook('robokin_nav_system', 'ament_prefix_path')
[7.657s] INFO:colcon.colcon_core.shell:Creating environment hook '/home/eduard/Escritorio/Robokin/ROS/install/robokin_nav_system/share/robokin_nav_system/hook/ament_prefix_path.ps1'
[7.658s] INFO:colcon.colcon_core.shell:Creating environment descriptor '/home/eduard/Escritorio/Robokin/ROS/install/robokin_nav_system/share/robokin_nav_system/hook/ament_prefix_path.dsv'
[7.664s] INFO:colcon.colcon_core.shell:Creating environment hook '/home/eduard/Escritorio/Robokin/ROS/install/robokin_nav_system/share/robokin_nav_system/hook/ament_prefix_path.sh'
[7.745s] INFO:colcon.colcon_core.shell:Skip shell extension 'powershell' for command environment: Not usable outside of PowerShell
[7.745s] DEBUG:colcon.colcon_core.shell:Skip shell extension 'dsv' for command environment
[8.284s] INFO:colcon.colcon_core.task.python.build:Building Python package in '/home/eduard/Escritorio/Robokin/ROS/robokin/robokin_nav_system'
[8.349s] INFO:colcon.colcon_core.shell:Skip shell extension 'powershell' for command environment: Not usable outside of PowerShell
[8.349s] DEBUG:colcon.colcon_core.shell:Skip shell extension 'dsv' for command environment
[9.211s] DEBUG:colcon.colcon_core.event_handler.log_command:Invoking command in '/home/eduard/Escritorio/Robokin/ROS/robokin/robokin_nav_system': PYTHONPATH=/home/eduard/Escritorio/Robokin/ROS/build/robokin_nav_system/prefix_override:/home/eduard/Escritorio/Robokin/ROS/install/robokin_nav_system/lib/python3.8/site-packages:${PYTHONPATH} /usr/bin/python3 setup.py egg_info --egg-base ../../build/robokin_nav_system build --build-base /home/eduard/Escritorio/Robokin/ROS/build/robokin_nav_system/build install --record /home/eduard/Escritorio/Robokin/ROS/build/robokin_nav_system/install.log --single-version-externally-managed
[9.833s] DEBUG:colcon.colcon_core.event_handler.log_command:Invoked command in '/home/eduard/Escritorio/Robokin/ROS/robokin/robokin_nav_system' returned '0': PYTHONPATH=/home/eduard/Escritorio/Robokin/ROS/build/robokin_nav_system/prefix_override:/home/eduard/Escritorio/Robokin/ROS/install/robokin_nav_system/lib/python3.8/site-packages:${PYTHONPATH} /usr/bin/python3 setup.py egg_info --egg-base ../../build/robokin_nav_system build --build-base /home/eduard/Escritorio/Robokin/ROS/build/robokin_nav_system/build install --record /home/eduard/Escritorio/Robokin/ROS/build/robokin_nav_system/install.log --single-version-externally-managed
[9.886s] Level 1:colcon.colcon_core.environment:checking '/home/eduard/Escritorio/Robokin/ROS/install/robokin_nav_system' for CMake module files
[9.887s] Level 1:colcon.colcon_core.environment:checking '/home/eduard/Escritorio/Robokin/ROS/install/robokin_nav_system' for CMake config files
[9.887s] Level 1:colcon.colcon_core.environment:checking '/home/eduard/Escritorio/Robokin/ROS/install/robokin_nav_system/lib'
[9.887s] Level 1:colcon.colcon_core.environment:checking '/home/eduard/Escritorio/Robokin/ROS/install/robokin_nav_system/bin'
[9.887s] Level 1:colcon.colcon_core.environment:checking '/home/eduard/Escritorio/Robokin/ROS/install/robokin_nav_system/lib/pkgconfig/robokin_nav_system.pc'
[9.888s] Level 1:colcon.colcon_core.environment:checking '/home/eduard/Escritorio/Robokin/ROS/install/robokin_nav_system/lib/python3.8/site-packages'
[9.888s] Level 1:colcon.colcon_core.shell:create_environment_hook('robokin_nav_system', 'pythonpath')
[9.958s] INFO:colcon.colcon_core.shell:Creating environment hook '/home/eduard/Escritorio/Robokin/ROS/install/robokin_nav_system/share/robokin_nav_system/hook/pythonpath.ps1'
[9.958s] INFO:colcon.colcon_core.shell:Creating environment descriptor '/home/eduard/Escritorio/Robokin/ROS/install/robokin_nav_system/share/robokin_nav_system/hook/pythonpath.dsv'
[9.959s] INFO:colcon.colcon_core.shell:Creating environment hook '/home/eduard/Escritorio/Robokin/ROS/install/robokin_nav_system/share/robokin_nav_system/hook/pythonpath.sh'
[9.960s] Level 1:colcon.colcon_core.environment:checking '/home/eduard/Escritorio/Robokin/ROS/install/robokin_nav_system/bin'
[9.960s] Level 1:colcon.colcon_core.environment:create_environment_scripts_only(robokin_nav_system)
[10.026s] INFO:colcon.colcon_core.shell:Creating package script '/home/eduard/Escritorio/Robokin/ROS/install/robokin_nav_system/share/robokin_nav_system/package.ps1'
[10.027s] INFO:colcon.colcon_core.shell:Creating package descriptor '/home/eduard/Escritorio/Robokin/ROS/install/robokin_nav_system/share/robokin_nav_system/package.dsv'
[10.027s] INFO:colcon.colcon_core.shell:Creating package script '/home/eduard/Escritorio/Robokin/ROS/install/robokin_nav_system/share/robokin_nav_system/package.sh'
[10.028s] INFO:colcon.colcon_core.shell:Creating package script '/home/eduard/Escritorio/Robokin/ROS/install/robokin_nav_system/share/robokin_nav_system/package.bash'
[10.028s] INFO:colcon.colcon_core.shell:Creating package script '/home/eduard/Escritorio/Robokin/ROS/install/robokin_nav_system/share/robokin_nav_system/package.zsh'
[10.028s] Level 1:colcon.colcon_core.environment:create_file_with_runtime_dependencies(/home/eduard/Escritorio/Robokin/ROS/install/robokin_nav_system/share/colcon-core/packages/robokin_nav_system)
[11.356s] DEBUG:colcon.colcon_core.event_handler.log_command:Invoked command in '/home/eduard/Escritorio/Robokin/ROS/build/robokin_world' returned '0': CMAKE_PREFIX_PATH=${CMAKE_PREFIX_PATH}:/home/eduard/turtlebot3_ws/install/show_msg:/home/eduard/turtlebot3_ws/install/provide_map:/home/eduard/turtlebot3_ws/install/my_nav2_system:/home/eduard/turtlebot3_ws/install/my_first_subscriber:/home/eduard/turtlebot3_ws/install/my_first_service:/home/eduard/turtlebot3_ws/install/my_first_publisher:/home/eduard/turtlebot3_ws/install/my_first_node:/home/eduard/turtlebot3_ws/install/my_first_action:/opt/ros/galactic /usr/bin/cmake /home/eduard/Escritorio/Robokin/ROS/robokin/robokin_world -DCMAKE_INSTALL_PREFIX=/home/eduard/Escritorio/Robokin/ROS/install/robokin_world
[11.356s] DEBUG:colcon.colcon_core.event_handler.log_command:Invoking command in '/home/eduard/Escritorio/Robokin/ROS/build/robokin_world': CMAKE_PREFIX_PATH=${CMAKE_PREFIX_PATH}:/home/eduard/turtlebot3_ws/install/show_msg:/home/eduard/turtlebot3_ws/install/provide_map:/home/eduard/turtlebot3_ws/install/my_nav2_system:/home/eduard/turtlebot3_ws/install/my_first_subscriber:/home/eduard/turtlebot3_ws/install/my_first_service:/home/eduard/turtlebot3_ws/install/my_first_publisher:/home/eduard/turtlebot3_ws/install/my_first_node:/home/eduard/turtlebot3_ws/install/my_first_action:/opt/ros/galactic /usr/bin/cmake --build /home/eduard/Escritorio/Robokin/ROS/build/robokin_world -- -j2 -l2
[25.569s] DEBUG:colcon.colcon_core.event_handler.log_command:Invoked command in '/home/eduard/Escritorio/Robokin/ROS/build/robokin_world' returned '0': CMAKE_PREFIX_PATH=${CMAKE_PREFIX_PATH}:/home/eduard/turtlebot3_ws/install/show_msg:/home/eduard/turtlebot3_ws/install/provide_map:/home/eduard/turtlebot3_ws/install/my_nav2_system:/home/eduard/turtlebot3_ws/install/my_first_subscriber:/home/eduard/turtlebot3_ws/install/my_first_service:/home/eduard/turtlebot3_ws/install/my_first_publisher:/home/eduard/turtlebot3_ws/install/my_first_node:/home/eduard/turtlebot3_ws/install/my_first_action:/opt/ros/galactic /usr/bin/cmake --build /home/eduard/Escritorio/Robokin/ROS/build/robokin_world -- -j2 -l2
[25.620s] DEBUG:colcon.colcon_core.event_handler.log_command:Invoking command in '/home/eduard/Escritorio/Robokin/ROS/build/robokin_world': CMAKE_PREFIX_PATH=${CMAKE_PREFIX_PATH}:/home/eduard/turtlebot3_ws/install/show_msg:/home/eduard/turtlebot3_ws/install/provide_map:/home/eduard/turtlebot3_ws/install/my_nav2_system:/home/eduard/turtlebot3_ws/install/my_first_subscriber:/home/eduard/turtlebot3_ws/install/my_first_service:/home/eduard/turtlebot3_ws/install/my_first_publisher:/home/eduard/turtlebot3_ws/install/my_first_node:/home/eduard/turtlebot3_ws/install/my_first_action:/opt/ros/galactic /usr/bin/cmake --install /home/eduard/Escritorio/Robokin/ROS/build/robokin_world
[25.708s] DEBUG:colcon.colcon_core.event_handler.log_command:Invoked command in '/home/eduard/Escritorio/Robokin/ROS/build/robokin_world' returned '1': CMAKE_PREFIX_PATH=${CMAKE_PREFIX_PATH}:/home/eduard/turtlebot3_ws/install/show_msg:/home/eduard/turtlebot3_ws/install/provide_map:/home/eduard/turtlebot3_ws/install/my_nav2_system:/home/eduard/turtlebot3_ws/install/my_first_subscriber:/home/eduard/turtlebot3_ws/install/my_first_service:/home/eduard/turtlebot3_ws/install/my_first_publisher:/home/eduard/turtlebot3_ws/install/my_first_node:/home/eduard/turtlebot3_ws/install/my_first_action:/opt/ros/galactic /usr/bin/cmake --install /home/eduard/Escritorio/Robokin/ROS/build/robokin_world
[25.844s] Level 1:colcon.colcon_core.environment:create_environment_scripts_only(robokin_world)
[25.909s] Level 1:colcon.colcon_core.environment:checking '/home/eduard/Escritorio/Robokin/ROS/install/robokin_world' for CMake module files
[25.910s] Level 1:colcon.colcon_core.environment:checking '/home/eduard/Escritorio/Robokin/ROS/install/robokin_world' for CMake config files
[25.911s] Level 1:colcon.colcon_core.environment:checking '/home/eduard/Escritorio/Robokin/ROS/install/robokin_world/lib'
[25.911s] Level 1:colcon.colcon_core.environment:checking '/home/eduard/Escritorio/Robokin/ROS/install/robokin_world/bin'
[25.911s] Level 1:colcon.colcon_core.environment:checking '/home/eduard/Escritorio/Robokin/ROS/install/robokin_world/lib/pkgconfig/robokin_world.pc'
[25.911s] Level 1:colcon.colcon_core.environment:checking '/home/eduard/Escritorio/Robokin/ROS/install/robokin_world/lib/python3.8/site-packages'
[25.912s] Level 1:colcon.colcon_core.environment:checking '/home/eduard/Escritorio/Robokin/ROS/install/robokin_world/bin'
[25.974s] INFO:colcon.colcon_core.shell:Creating package script '/home/eduard/Escritorio/Robokin/ROS/install/robokin_world/share/robokin_world/package.ps1'
[25.975s] INFO:colcon.colcon_core.shell:Creating package descriptor '/home/eduard/Escritorio/Robokin/ROS/install/robokin_world/share/robokin_world/package.dsv'
[25.975s] INFO:colcon.colcon_core.shell:Creating package script '/home/eduard/Escritorio/Robokin/ROS/install/robokin_world/share/robokin_world/package.sh'
[25.976s] INFO:colcon.colcon_core.shell:Creating package script '/home/eduard/Escritorio/Robokin/ROS/install/robokin_world/share/robokin_world/package.bash'
[25.976s] INFO:colcon.colcon_core.shell:Creating package script '/home/eduard/Escritorio/Robokin/ROS/install/robokin_world/share/robokin_world/package.zsh'
[25.977s] Level 1:colcon.colcon_core.environment:create_file_with_runtime_dependencies(/home/eduard/Escritorio/Robokin/ROS/install/robokin_world/share/colcon-core/packages/robokin_world)
[25.988s] DEBUG:colcon.colcon_parallel_executor.executor.parallel:closing loop
[25.988s] DEBUG:colcon.colcon_parallel_executor.executor.parallel:loop closed
[25.988s] DEBUG:colcon.colcon_parallel_executor.executor.parallel:run_until_complete finished with '1'
[25.989s] DEBUG:colcon.colcon_core.event_reactor:joining thread
[26.073s] INFO:colcon.colcon_core.plugin_system:Skipping extension 'colcon_notification.desktop_notification.terminal_notifier': Not used on non-Darwin systems
[26.074s] INFO:colcon.colcon_core.plugin_system:Skipping extension 'colcon_notification.desktop_notification.win32': Not used on non-Windows systems
[26.074s] INFO:colcon.colcon_notification.desktop_notification:Sending desktop notification using 'notify2'
[26.295s] DEBUG:colcon.colcon_core.event_reactor:joined thread
[26.361s] INFO:colcon.colcon_core.shell:Creating prefix script '/home/eduard/Escritorio/Robokin/ROS/install/local_setup.ps1'
[26.364s] INFO:colcon.colcon_core.shell:Creating prefix util module '/home/eduard/Escritorio/Robokin/ROS/install/_local_setup_util_ps1.py'
[26.367s] INFO:colcon.colcon_core.shell:Creating prefix chain script '/home/eduard/Escritorio/Robokin/ROS/install/setup.ps1'
[26.445s] INFO:colcon.colcon_core.shell:Creating prefix script '/home/eduard/Escritorio/Robokin/ROS/install/local_setup.sh'
[26.446s] INFO:colcon.colcon_core.shell:Creating prefix util module '/home/eduard/Escritorio/Robokin/ROS/install/_local_setup_util_sh.py'
[26.447s] INFO:colcon.colcon_core.shell:Creating prefix chain script '/home/eduard/Escritorio/Robokin/ROS/install/setup.sh'
[26.528s] INFO:colcon.colcon_core.shell:Creating prefix script '/home/eduard/Escritorio/Robokin/ROS/install/local_setup.bash'
[26.530s] INFO:colcon.colcon_core.shell:Creating prefix chain script '/home/eduard/Escritorio/Robokin/ROS/install/setup.bash'
[26.601s] INFO:colcon.colcon_core.shell:Creating prefix script '/home/eduard/Escritorio/Robokin/ROS/install/local_setup.zsh'
[26.603s] INFO:colcon.colcon_core.shell:Creating prefix chain script '/home/eduard/Escritorio/Robokin/ROS/install/setup.zsh'
