[1.759s] Invoking command in '/home/eduard/Escritorio/Robokin/ROS/build/robokin_world': CMAKE_PREFIX_PATH=${CMAKE_PREFIX_PATH}:/home/eduard/turtlebot3_ws/install/show_msg:/home/eduard/turtlebot3_ws/install/provide_map:/home/eduard/turtlebot3_ws/install/my_nav2_system:/home/eduard/turtlebot3_ws/install/my_first_subscriber:/home/eduard/turtlebot3_ws/install/my_first_service:/home/eduard/turtlebot3_ws/install/my_first_publisher:/home/eduard/turtlebot3_ws/install/my_first_node:/home/eduard/turtlebot3_ws/install/my_first_action:/opt/ros/galactic /usr/bin/cmake --build /home/eduard/Escritorio/Robokin/ROS/build/robokin_world -- -j2 -l2
[2.210s] [100%] Built target turtlebot3_drive
[2.261s] Invoked command in '/home/eduard/Escritorio/Robokin/ROS/build/robokin_world' returned '0': CMAKE_PREFIX_PATH=${CMAKE_PREFIX_PATH}:/home/eduard/turtlebot3_ws/install/show_msg:/home/eduard/turtlebot3_ws/install/provide_map:/home/eduard/turtlebot3_ws/install/my_nav2_system:/home/eduard/turtlebot3_ws/install/my_first_subscriber:/home/eduard/turtlebot3_ws/install/my_first_service:/home/eduard/turtlebot3_ws/install/my_first_publisher:/home/eduard/turtlebot3_ws/install/my_first_node:/home/eduard/turtlebot3_ws/install/my_first_action:/opt/ros/galactic /usr/bin/cmake --build /home/eduard/Escritorio/Robokin/ROS/build/robokin_world -- -j2 -l2
[2.672s] Invoking command in '/home/eduard/Escritorio/Robokin/ROS/build/robokin_world': CMAKE_PREFIX_PATH=${CMAKE_PREFIX_PATH}:/home/eduard/turtlebot3_ws/install/show_msg:/home/eduard/turtlebot3_ws/install/provide_map:/home/eduard/turtlebot3_ws/install/my_nav2_system:/home/eduard/turtlebot3_ws/install/my_first_subscriber:/home/eduard/turtlebot3_ws/install/my_first_service:/home/eduard/turtlebot3_ws/install/my_first_publisher:/home/eduard/turtlebot3_ws/install/my_first_node:/home/eduard/turtlebot3_ws/install/my_first_action:/opt/ros/galactic /usr/bin/cmake --install /home/eduard/Escritorio/Robokin/ROS/build/robokin_world
[2.741s] -- Install configuration: ""
[2.746s] -- Up-to-date: /home/eduard/Escritorio/Robokin/ROS/install/robokin_world/lib/robokin_world/turtlebot3_drive
[2.747s] -- Up-to-date: /home/eduard/Escritorio/Robokin/ROS/install/robokin_world/share/robokin_world//launch
[2.748s] -- Up-to-date: /home/eduard/Escritorio/Robokin/ROS/install/robokin_world/share/robokin_world//launch/robokin_world.launch.py
[2.748s] -- Up-to-date: /home/eduard/Escritorio/Robokin/ROS/install/robokin_world/share/robokin_world//models
[2.749s] -- Up-to-date: /home/eduard/Escritorio/Robokin/ROS/install/robokin_world/share/robokin_world//models/turtlebot3_burger
[2.749s] -- Up-to-date: /home/eduard/Escritorio/Robokin/ROS/install/robokin_world/share/robokin_world//models/turtlebot3_burger/model-1_4.sdf
[2.750s] -- Up-to-date: /home/eduard/Escritorio/Robokin/ROS/install/robokin_world/share/robokin_world//models/turtlebot3_burger/meshes
[2.750s] -- Up-to-date: /home/eduard/Escritorio/Robokin/ROS/install/robokin_world/share/robokin_world//models/turtlebot3_burger/meshes/lds.dae
[2.751s] -- Up-to-date: /home/eduard/Escritorio/Robokin/ROS/install/robokin_world/share/robokin_world//models/turtlebot3_burger/meshes/tire.dae
[2.751s] -- Up-to-date: /home/eduard/Escritorio/Robokin/ROS/install/robokin_world/share/robokin_world//models/turtlebot3_burger/meshes/burger_base.dae
[2.752s] -- Up-to-date: /home/eduard/Escritorio/Robokin/ROS/install/robokin_world/share/robokin_world//models/turtlebot3_burger/model.config
[2.753s] -- Up-to-date: /home/eduard/Escritorio/Robokin/ROS/install/robokin_world/share/robokin_world//models/turtlebot3_burger/model.sdf
[2.754s] -- Up-to-date: /home/eduard/Escritorio/Robokin/ROS/install/robokin_world/share/robokin_world//models/cafe_table
[2.755s] -- Up-to-date: /home/eduard/Escritorio/Robokin/ROS/install/robokin_world/share/robokin_world//models/cafe_table/model-1_4.sdf
[2.755s] -- Up-to-date: /home/eduard/Escritorio/Robokin/ROS/install/robokin_world/share/robokin_world//models/cafe_table/meshes
[2.755s] -- Up-to-date: /home/eduard/Escritorio/Robokin/ROS/install/robokin_world/share/robokin_world//models/cafe_table/meshes/cafe_table.dae
[2.755s] -- Up-to-date: /home/eduard/Escritorio/Robokin/ROS/install/robokin_world/share/robokin_world//models/cafe_table/materials
[2.756s] -- Up-to-date: /home/eduard/Escritorio/Robokin/ROS/install/robokin_world/share/robokin_world//models/cafe_table/materials/textures
[2.757s] -- Up-to-date: /home/eduard/Escritorio/Robokin/ROS/install/robokin_world/share/robokin_world//models/cafe_table/materials/textures/Wood_Floor_Dark.jpg
[2.758s] -- Up-to-date: /home/eduard/Escritorio/Robokin/ROS/install/robokin_world/share/robokin_world//models/cafe_table/materials/textures/Maple.jpg
[2.758s] -- Up-to-date: /home/eduard/Escritorio/Robokin/ROS/install/robokin_world/share/robokin_world//models/cafe_table/model.config
[2.758s] -- Up-to-date: /home/eduard/Escritorio/Robokin/ROS/install/robokin_world/share/robokin_world//models/cafe_table/model.sdf
[2.759s] -- Up-to-date: /home/eduard/Escritorio/Robokin/ROS/install/robokin_world/share/robokin_world//models/cafe
[2.759s] -- Up-to-date: /home/eduard/Escritorio/Robokin/ROS/install/robokin_world/share/robokin_world//models/cafe/meshes
[2.759s] -- Up-to-date: /home/eduard/Escritorio/Robokin/ROS/install/robokin_world/share/robokin_world//models/cafe/meshes/cafe.dae
[2.760s] -- Up-to-date: /home/eduard/Escritorio/Robokin/ROS/install/robokin_world/share/robokin_world//models/cafe/materials
[2.760s] -- Up-to-date: /home/eduard/Escritorio/Robokin/ROS/install/robokin_world/share/robokin_world//models/cafe/materials/textures
[2.761s] -- Up-to-date: /home/eduard/Escritorio/Robokin/ROS/install/robokin_world/share/robokin_world//models/cafe/materials/textures/__auto_29.jpg
[2.761s] -- Up-to-date: /home/eduard/Escritorio/Robokin/ROS/install/robokin_world/share/robokin_world//models/cafe/materials/textures/__auto_21.jpg
[2.761s] -- Up-to-date: /home/eduard/Escritorio/Robokin/ROS/install/robokin_world/share/robokin_world//models/cafe/materials/textures/__auto_10.jpg
[2.762s] -- Up-to-date: /home/eduard/Escritorio/Robokin/ROS/install/robokin_world/share/robokin_world//models/cafe/materials/textures/__auto_26.jpg
[2.762s] -- Up-to-date: /home/eduard/Escritorio/Robokin/ROS/install/robokin_world/share/robokin_world//models/cafe/materials/textures/__auto_28.jpg
[2.763s] -- Up-to-date: /home/eduard/Escritorio/Robokin/ROS/install/robokin_world/share/robokin_world//models/cafe/materials/textures/__auto_37.jpg
[2.763s] -- Up-to-date: /home/eduard/Escritorio/Robokin/ROS/install/robokin_world/share/robokin_world//models/cafe/materials/textures/__auto_2.jpg
[2.763s] -- Up-to-date: /home/eduard/Escritorio/Robokin/ROS/install/robokin_world/share/robokin_world//models/cafe/materials/textures/__auto_35.jpg
[2.763s] -- Up-to-date: /home/eduard/Escritorio/Robokin/ROS/install/robokin_world/share/robokin_world//models/cafe/materials/textures/__auto_22.jpg
[2.763s] -- Up-to-date: /home/eduard/Escritorio/Robokin/ROS/install/robokin_world/share/robokin_world//models/cafe/materials/textures/__auto_23.jpg
[2.763s] -- Up-to-date: /home/eduard/Escritorio/Robokin/ROS/install/robokin_world/share/robokin_world//models/cafe/materials/textures/__auto_34.jpg
[2.763s] -- Up-to-date: /home/eduard/Escritorio/Robokin/ROS/install/robokin_world/share/robokin_world//models/cafe/materials/textures/__auto_24.jpg
[2.767s] -- Up-to-date: /home/eduard/Escritorio/Robokin/ROS/install/robokin_world/share/robokin_world//models/cafe/materials/textures/__auto_25.jpg
[2.767s] -- Up-to-date: /home/eduard/Escritorio/Robokin/ROS/install/robokin_world/share/robokin_world//models/cafe/materials/textures/__auto_30.jpg
[2.767s] -- Up-to-date: /home/eduard/Escritorio/Robokin/ROS/install/robokin_world/share/robokin_world//models/cafe/materials/textures/__auto_31.jpg
[2.767s] -- Up-to-date: /home/eduard/Escritorio/Robokin/ROS/install/robokin_world/share/robokin_world//models/cafe/model.config
[2.768s] -- Up-to-date: /home/eduard/Escritorio/Robokin/ROS/install/robokin_world/share/robokin_world//models/cafe/model.sdf
[2.768s] -- Up-to-date: /home/eduard/Escritorio/Robokin/ROS/install/robokin_world/share/robokin_world//world
[2.771s] -- Up-to-date: /home/eduard/Escritorio/Robokin/ROS/install/robokin_world/share/robokin_world//world/burger_pi.model
[2.771s] -- Up-to-date: /home/eduard/Escritorio/Robokin/ROS/install/robokin_world/share/robokin_world//world/burger.model
[2.771s] -- Up-to-date: /home/eduard/Escritorio/Robokin/ROS/install/robokin_world/share/robokin_world//urdf
[2.771s] -- Up-to-date: /home/eduard/Escritorio/Robokin/ROS/install/robokin_world/share/robokin_world//urdf/turtlebot3_burger_pi.urdf
[2.771s] -- Up-to-date: /home/eduard/Escritorio/Robokin/ROS/install/robokin_world/share/robokin_world//urdf/turtlebot3_burger.urdf
[2.771s] -- Up-to-date: /home/eduard/Escritorio/Robokin/ROS/install/robokin_world/include/
[2.771s] -- Up-to-date: /home/eduard/Escritorio/Robokin/ROS/install/robokin_world/include//robokin_world
[2.772s] -- Up-to-date: /home/eduard/Escritorio/Robokin/ROS/install/robokin_world/share/ament_index/resource_index/package_run_dependencies/robokin_world
[2.772s] -- Up-to-date: /home/eduard/Escritorio/Robokin/ROS/install/robokin_world/share/ament_index/resource_index/parent_prefix_path/robokin_world
[2.772s] -- Up-to-date: /home/eduard/Escritorio/Robokin/ROS/install/robokin_world/share/robokin_world/environment/ament_prefix_path.sh
[2.772s] -- Up-to-date: /home/eduard/Escritorio/Robokin/ROS/install/robokin_world/share/robokin_world/environment/ament_prefix_path.dsv
[2.772s] -- Up-to-date: /home/eduard/Escritorio/Robokin/ROS/install/robokin_world/share/robokin_world/environment/path.sh
[2.773s] -- Up-to-date: /home/eduard/Escritorio/Robokin/ROS/install/robokin_world/share/robokin_world/environment/path.dsv
[2.773s] -- Up-to-date: /home/eduard/Escritorio/Robokin/ROS/install/robokin_world/share/robokin_world/local_setup.bash
[2.782s] -- Up-to-date: /home/eduard/Escritorio/Robokin/ROS/install/robokin_world/share/robokin_world/local_setup.sh
[2.801s] -- Up-to-date: /home/eduard/Escritorio/Robokin/ROS/install/robokin_world/share/robokin_world/local_setup.zsh
[2.801s] -- Up-to-date: /home/eduard/Escritorio/Robokin/ROS/install/robokin_world/share/robokin_world/local_setup.dsv
[2.802s] -- Installing: /home/eduard/Escritorio/Robokin/ROS/install/robokin_world/share/robokin_world/package.dsv
[2.802s] -- Up-to-date: /home/eduard/Escritorio/Robokin/ROS/install/robokin_world/share/ament_index/resource_index/packages/robokin_world
[2.802s] -- Up-to-date: /home/eduard/Escritorio/Robokin/ROS/install/robokin_world/share/robokin_world/cmake/ament_cmake_export_include_directories-extras.cmake
[2.802s] -- Up-to-date: /home/eduard/Escritorio/Robokin/ROS/install/robokin_world/share/robokin_world/cmake/ament_cmake_export_dependencies-extras.cmake
[2.802s] -- Up-to-date: /home/eduard/Escritorio/Robokin/ROS/install/robokin_world/share/robokin_world/cmake/robokin_worldConfig.cmake
[2.802s] -- Up-to-date: /home/eduard/Escritorio/Robokin/ROS/install/robokin_world/share/robokin_world/cmake/robokin_worldConfig-version.cmake
[2.803s] -- Up-to-date: /home/eduard/Escritorio/Robokin/ROS/install/robokin_world/share/robokin_world/package.xml
[2.803s] Invoked command in '/home/eduard/Escritorio/Robokin/ROS/build/robokin_world' returned '0': CMAKE_PREFIX_PATH=${CMAKE_PREFIX_PATH}:/home/eduard/turtlebot3_ws/install/show_msg:/home/eduard/turtlebot3_ws/install/provide_map:/home/eduard/turtlebot3_ws/install/my_nav2_system:/home/eduard/turtlebot3_ws/install/my_first_subscriber:/home/eduard/turtlebot3_ws/install/my_first_service:/home/eduard/turtlebot3_ws/install/my_first_publisher:/home/eduard/turtlebot3_ws/install/my_first_node:/home/eduard/turtlebot3_ws/install/my_first_action:/opt/ros/galactic /usr/bin/cmake --install /home/eduard/Escritorio/Robokin/ROS/build/robokin_world
