[3.644s] DEBUG:colcon:Command line arguments: ['/usr/bin/colcon', 'build']
[3.644s] DEBUG:colcon:Parsed command line arguments: Namespace(allow_overriding=[], ament_cmake_args=None, base_paths=['.'], build_base='build', catkin_cmake_args=None, catkin_skip_building_tests=False, cmake_args=None, cmake_clean_cache=False, cmake_clean_first=False, cmake_force_configure=False, cmake_target=None, cmake_target_skip_unavailable=False, continue_on_error=False, event_handlers=None, executor='parallel', ignore_user_meta=False, install_base='install', log_base=None, log_level=None, main=<bound method BuildVerb.main of <colcon_core.verb.build.BuildVerb object at 0x7ff0934eb820>>, merge_install=False, metas=['./colcon.meta'], packages_above=None, packages_above_and_dependencies=None, packages_above_depth=None, packages_end=None, packages_ignore=None, packages_ignore_regex=None, packages_select=None, packages_select_build_failed=False, packages_select_by_dep=None, packages_select_regex=None, packages_select_test_failures=False, packages_skip=None, packages_skip_build_finished=False, packages_skip_by_dep=None, packages_skip_regex=None, packages_skip_test_passed=False, packages_skip_up_to=None, packages_start=None, packages_up_to=None, packages_up_to_regex=None, parallel_workers=2, paths=None, symlink_install=False, test_result_base=None, verb_extension=<colcon_core.verb.build.BuildVerb object at 0x7ff0934eb820>, verb_name='build', verb_parser=<colcon_defaults.argument_parser.defaults.DefaultArgumentsDecorator object at 0x7ff0930abc70>)
[3.793s] Level 1:colcon.colcon_core.package_discovery:discover_packages(colcon_meta) check parameters
[3.794s] Level 1:colcon.colcon_core.package_discovery:discover_packages(recursive) check parameters
[3.794s] Level 1:colcon.colcon_core.package_discovery:discover_packages(ignore) check parameters
[3.794s] Level 1:colcon.colcon_core.package_discovery:discover_packages(path) check parameters
[3.795s] Level 1:colcon.colcon_core.package_discovery:discover_packages(colcon_meta) discover
[3.795s] Level 1:colcon.colcon_core.package_discovery:discover_packages(recursive) discover
[3.795s] INFO:colcon.colcon_core.package_discovery:Crawling recursively for packages in '/home/eduard/Escritorio/Robokin/ROS'
[3.795s] Level 1:colcon.colcon_core.package_identification:_identify(.) by extensions ['ignore', 'ignore_ament_install']
[3.796s] Level 1:colcon.colcon_core.package_identification:_identify(.) by extension 'ignore'
[3.796s] Level 1:colcon.colcon_core.package_identification:_identify(.) by extension 'ignore_ament_install'
[3.796s] Level 1:colcon.colcon_core.package_identification:_identify(.) by extensions ['colcon_pkg']
[3.796s] Level 1:colcon.colcon_core.package_identification:_identify(.) by extension 'colcon_pkg'
[3.797s] Level 1:colcon.colcon_core.package_identification:_identify(.) by extensions ['colcon_meta']
[3.797s] Level 1:colcon.colcon_core.package_identification:_identify(.) by extension 'colcon_meta'
[3.797s] Level 1:colcon.colcon_core.package_identification:_identify(.) by extensions ['ros']
[3.798s] Level 1:colcon.colcon_core.package_identification:_identify(.) by extension 'ros'
[3.813s] Level 1:colcon.colcon_core.package_identification:_identify(.) by extensions ['cmake', 'python']
[3.813s] Level 1:colcon.colcon_core.package_identification:_identify(.) by extension 'cmake'
[3.813s] Level 1:colcon.colcon_core.package_identification:_identify(.) by extension 'python'
[3.814s] Level 1:colcon.colcon_core.package_identification:_identify(.) by extensions ['python_setup_py']
[3.814s] Level 1:colcon.colcon_core.package_identification:_identify(.) by extension 'python_setup_py'
[3.814s] Level 1:colcon.colcon_core.package_identification:_identify(build) by extensions ['ignore', 'ignore_ament_install']
[3.815s] Level 1:colcon.colcon_core.package_identification:_identify(build) by extension 'ignore'
[3.815s] Level 1:colcon.colcon_core.package_identification:_identify(build) ignored
[3.815s] Level 1:colcon.colcon_core.package_identification:_identify(install) by extensions ['ignore', 'ignore_ament_install']
[3.816s] Level 1:colcon.colcon_core.package_identification:_identify(install) by extension 'ignore'
[3.816s] Level 1:colcon.colcon_core.package_identification:_identify(install) ignored
[3.816s] Level 1:colcon.colcon_core.package_identification:_identify(log) by extensions ['ignore', 'ignore_ament_install']
[3.816s] Level 1:colcon.colcon_core.package_identification:_identify(log) by extension 'ignore'
[3.817s] Level 1:colcon.colcon_core.package_identification:_identify(log) ignored
[3.817s] Level 1:colcon.colcon_core.package_identification:_identify(robokin) by extensions ['ignore', 'ignore_ament_install']
[3.817s] Level 1:colcon.colcon_core.package_identification:_identify(robokin) by extension 'ignore'
[3.818s] Level 1:colcon.colcon_core.package_identification:_identify(robokin) by extension 'ignore_ament_install'
[3.818s] Level 1:colcon.colcon_core.package_identification:_identify(robokin) by extensions ['colcon_pkg']
[3.818s] Level 1:colcon.colcon_core.package_identification:_identify(robokin) by extension 'colcon_pkg'
[3.818s] Level 1:colcon.colcon_core.package_identification:_identify(robokin) by extensions ['colcon_meta']
[3.818s] Level 1:colcon.colcon_core.package_identification:_identify(robokin) by extension 'colcon_meta'
[3.819s] Level 1:colcon.colcon_core.package_identification:_identify(robokin) by extensions ['ros']
[3.819s] Level 1:colcon.colcon_core.package_identification:_identify(robokin) by extension 'ros'
[3.819s] Level 1:colcon.colcon_core.package_identification:_identify(robokin) by extensions ['cmake', 'python']
[3.819s] Level 1:colcon.colcon_core.package_identification:_identify(robokin) by extension 'cmake'
[3.820s] Level 1:colcon.colcon_core.package_identification:_identify(robokin) by extension 'python'
[3.820s] Level 1:colcon.colcon_core.package_identification:_identify(robokin) by extensions ['python_setup_py']
[3.820s] Level 1:colcon.colcon_core.package_identification:_identify(robokin) by extension 'python_setup_py'
[3.820s] Level 1:colcon.colcon_core.package_identification:_identify(robokin/robokin) by extensions ['ignore', 'ignore_ament_install']
[3.821s] Level 1:colcon.colcon_core.package_identification:_identify(robokin/robokin) by extension 'ignore'
[3.821s] Level 1:colcon.colcon_core.package_identification:_identify(robokin/robokin) by extension 'ignore_ament_install'
[3.821s] Level 1:colcon.colcon_core.package_identification:_identify(robokin/robokin) by extensions ['colcon_pkg']
[3.821s] Level 1:colcon.colcon_core.package_identification:_identify(robokin/robokin) by extension 'colcon_pkg'
[3.822s] Level 1:colcon.colcon_core.package_identification:_identify(robokin/robokin) by extensions ['colcon_meta']
[3.822s] Level 1:colcon.colcon_core.package_identification:_identify(robokin/robokin) by extension 'colcon_meta'
[3.822s] Level 1:colcon.colcon_core.package_identification:_identify(robokin/robokin) by extensions ['ros']
[3.822s] Level 1:colcon.colcon_core.package_identification:_identify(robokin/robokin) by extension 'ros'
[3.827s] DEBUG:colcon.colcon_core.package_identification:Package 'robokin/robokin' with type 'ros.ament_cmake' and name 'robokin'
[3.827s] Level 1:colcon.colcon_core.package_identification:_identify(robokin/robokin_nav_system) by extensions ['ignore', 'ignore_ament_install']
[3.828s] Level 1:colcon.colcon_core.package_identification:_identify(robokin/robokin_nav_system) by extension 'ignore'
[3.828s] Level 1:colcon.colcon_core.package_identification:_identify(robokin/robokin_nav_system) by extension 'ignore_ament_install'
[3.828s] Level 1:colcon.colcon_core.package_identification:_identify(robokin/robokin_nav_system) by extensions ['colcon_pkg']
[3.828s] Level 1:colcon.colcon_core.package_identification:_identify(robokin/robokin_nav_system) by extension 'colcon_pkg'
[3.829s] Level 1:colcon.colcon_core.package_identification:_identify(robokin/robokin_nav_system) by extensions ['colcon_meta']
[3.829s] Level 1:colcon.colcon_core.package_identification:_identify(robokin/robokin_nav_system) by extension 'colcon_meta'
[3.829s] Level 1:colcon.colcon_core.package_identification:_identify(robokin/robokin_nav_system) by extensions ['ros']
[3.829s] Level 1:colcon.colcon_core.package_identification:_identify(robokin/robokin_nav_system) by extension 'ros'
[3.831s] DEBUG:colcon.colcon_core.package_identification:Package 'robokin/robokin_nav_system' with type 'ros.ament_python' and name 'robokin_nav_system'
[3.831s] Level 1:colcon.colcon_core.package_identification:_identify(robokin/robokin_publisher) by extensions ['ignore', 'ignore_ament_install']
[3.832s] Level 1:colcon.colcon_core.package_identification:_identify(robokin/robokin_publisher) by extension 'ignore'
[3.832s] Level 1:colcon.colcon_core.package_identification:_identify(robokin/robokin_publisher) by extension 'ignore_ament_install'
[3.832s] Level 1:colcon.colcon_core.package_identification:_identify(robokin/robokin_publisher) by extensions ['colcon_pkg']
[3.832s] Level 1:colcon.colcon_core.package_identification:_identify(robokin/robokin_publisher) by extension 'colcon_pkg'
[3.833s] Level 1:colcon.colcon_core.package_identification:_identify(robokin/robokin_publisher) by extensions ['colcon_meta']
[3.833s] Level 1:colcon.colcon_core.package_identification:_identify(robokin/robokin_publisher) by extension 'colcon_meta'
[3.833s] Level 1:colcon.colcon_core.package_identification:_identify(robokin/robokin_publisher) by extensions ['ros']
[3.833s] Level 1:colcon.colcon_core.package_identification:_identify(robokin/robokin_publisher) by extension 'ros'
[3.835s] DEBUG:colcon.colcon_core.package_identification:Package 'robokin/robokin_publisher' with type 'ros.ament_python' and name 'robokin_publisher'
[3.835s] Level 1:colcon.colcon_core.package_identification:_identify(robokin/robokin_world) by extensions ['ignore', 'ignore_ament_install']
[3.836s] Level 1:colcon.colcon_core.package_identification:_identify(robokin/robokin_world) by extension 'ignore'
[3.836s] Level 1:colcon.colcon_core.package_identification:_identify(robokin/robokin_world) by extension 'ignore_ament_install'
[3.836s] Level 1:colcon.colcon_core.package_identification:_identify(robokin/robokin_world) by extensions ['colcon_pkg']
[3.837s] Level 1:colcon.colcon_core.package_identification:_identify(robokin/robokin_world) by extension 'colcon_pkg'
[3.837s] Level 1:colcon.colcon_core.package_identification:_identify(robokin/robokin_world) by extensions ['colcon_meta']
[3.837s] Level 1:colcon.colcon_core.package_identification:_identify(robokin/robokin_world) by extension 'colcon_meta'
[3.837s] Level 1:colcon.colcon_core.package_identification:_identify(robokin/robokin_world) by extensions ['ros']
[3.837s] Level 1:colcon.colcon_core.package_identification:_identify(robokin/robokin_world) by extension 'ros'
[3.839s] DEBUG:colcon.colcon_core.package_identification:Package 'robokin/robokin_world' with type 'ros.ament_cmake' and name 'robokin_world'
[3.840s] Level 1:colcon.colcon_core.package_discovery:discover_packages(recursive) using defaults
[3.840s] Level 1:colcon.colcon_core.package_discovery:discover_packages(ignore) discover
[3.840s] Level 1:colcon.colcon_core.package_discovery:discover_packages(ignore) using defaults
[3.840s] Level 1:colcon.colcon_core.package_discovery:discover_packages(path) discover
[3.841s] Level 1:colcon.colcon_core.package_discovery:discover_packages(path) using defaults
[4.158s] Level 1:colcon.colcon_core.package_discovery:discover_packages(prefix_path) check parameters
[4.159s] Level 1:colcon.colcon_core.package_discovery:discover_packages(prefix_path) discover
[4.286s] DEBUG:colcon.colcon_installed_package_information.package_discovery:Found 4 installed packages in /home/eduard/Escritorio/Robokin/ROS/install
[4.371s] DEBUG:colcon.colcon_installed_package_information.package_discovery:Found 14 installed packages in /home/eduard/turtlebot3_ws/install
[4.433s] DEBUG:colcon.colcon_installed_package_information.package_discovery:Found 336 installed packages in /opt/ros/galactic
[4.436s] Level 1:colcon.colcon_core.package_discovery:discover_packages(prefix_path) using defaults
[4.670s] Level 5:colcon.colcon_core.verb:set package 'robokin_nav_system' build argument 'cmake_args' from command line to 'None'
[4.670s] Level 5:colcon.colcon_core.verb:set package 'robokin_nav_system' build argument 'cmake_target' from command line to 'None'
[4.670s] Level 5:colcon.colcon_core.verb:set package 'robokin_nav_system' build argument 'cmake_target_skip_unavailable' from command line to 'False'
[4.670s] Level 5:colcon.colcon_core.verb:set package 'robokin_nav_system' build argument 'cmake_clean_cache' from command line to 'False'
[4.670s] Level 5:colcon.colcon_core.verb:set package 'robokin_nav_system' build argument 'cmake_clean_first' from command line to 'False'
[4.670s] Level 5:colcon.colcon_core.verb:set package 'robokin_nav_system' build argument 'cmake_force_configure' from command line to 'False'
[4.671s] Level 5:colcon.colcon_core.verb:set package 'robokin_nav_system' build argument 'ament_cmake_args' from command line to 'None'
[4.671s] Level 5:colcon.colcon_core.verb:set package 'robokin_nav_system' build argument 'catkin_cmake_args' from command line to 'None'
[4.671s] Level 5:colcon.colcon_core.verb:set package 'robokin_nav_system' build argument 'catkin_skip_building_tests' from command line to 'False'
[4.671s] DEBUG:colcon.colcon_core.verb:Building package 'robokin_nav_system' with the following arguments: {'ament_cmake_args': None, 'build_base': '/home/eduard/Escritorio/Robokin/ROS/build/robokin_nav_system', 'catkin_cmake_args': None, 'catkin_skip_building_tests': False, 'cmake_args': None, 'cmake_clean_cache': False, 'cmake_clean_first': False, 'cmake_force_configure': False, 'cmake_target': None, 'cmake_target_skip_unavailable': False, 'install_base': '/home/eduard/Escritorio/Robokin/ROS/install/robokin_nav_system', 'merge_install': False, 'path': '/home/eduard/Escritorio/Robokin/ROS/robokin/robokin_nav_system', 'symlink_install': False, 'test_result_base': None}
[4.728s] Level 5:colcon.colcon_core.verb:set package 'robokin_publisher' build argument 'cmake_args' from command line to 'None'
[4.729s] Level 5:colcon.colcon_core.verb:set package 'robokin_publisher' build argument 'cmake_target' from command line to 'None'
[4.729s] Level 5:colcon.colcon_core.verb:set package 'robokin_publisher' build argument 'cmake_target_skip_unavailable' from command line to 'False'
[4.729s] Level 5:colcon.colcon_core.verb:set package 'robokin_publisher' build argument 'cmake_clean_cache' from command line to 'False'
[4.729s] Level 5:colcon.colcon_core.verb:set package 'robokin_publisher' build argument 'cmake_clean_first' from command line to 'False'
[4.729s] Level 5:colcon.colcon_core.verb:set package 'robokin_publisher' build argument 'cmake_force_configure' from command line to 'False'
[4.729s] Level 5:colcon.colcon_core.verb:set package 'robokin_publisher' build argument 'ament_cmake_args' from command line to 'None'
[4.729s] Level 5:colcon.colcon_core.verb:set package 'robokin_publisher' build argument 'catkin_cmake_args' from command line to 'None'
[4.729s] Level 5:colcon.colcon_core.verb:set package 'robokin_publisher' build argument 'catkin_skip_building_tests' from command line to 'False'
[4.729s] DEBUG:colcon.colcon_core.verb:Building package 'robokin_publisher' with the following arguments: {'ament_cmake_args': None, 'build_base': '/home/eduard/Escritorio/Robokin/ROS/build/robokin_publisher', 'catkin_cmake_args': None, 'catkin_skip_building_tests': False, 'cmake_args': None, 'cmake_clean_cache': False, 'cmake_clean_first': False, 'cmake_force_configure': False, 'cmake_target': None, 'cmake_target_skip_unavailable': False, 'install_base': '/home/eduard/Escritorio/Robokin/ROS/install/robokin_publisher', 'merge_install': False, 'path': '/home/eduard/Escritorio/Robokin/ROS/robokin/robokin_publisher', 'symlink_install': False, 'test_result_base': None}
[4.786s] Level 5:colcon.colcon_core.verb:set package 'robokin_world' build argument 'cmake_args' from command line to 'None'
[4.786s] Level 5:colcon.colcon_core.verb:set package 'robokin_world' build argument 'cmake_target' from command line to 'None'
[4.787s] Level 5:colcon.colcon_core.verb:set package 'robokin_world' build argument 'cmake_target_skip_unavailable' from command line to 'False'
[4.787s] Level 5:colcon.colcon_core.verb:set package 'robokin_world' build argument 'cmake_clean_cache' from command line to 'False'
[4.787s] Level 5:colcon.colcon_core.verb:set package 'robokin_world' build argument 'cmake_clean_first' from command line to 'False'
[4.787s] Level 5:colcon.colcon_core.verb:set package 'robokin_world' build argument 'cmake_force_configure' from command line to 'False'
[4.787s] Level 5:colcon.colcon_core.verb:set package 'robokin_world' build argument 'ament_cmake_args' from command line to 'None'
[4.787s] Level 5:colcon.colcon_core.verb:set package 'robokin_world' build argument 'catkin_cmake_args' from command line to 'None'
[4.787s] Level 5:colcon.colcon_core.verb:set package 'robokin_world' build argument 'catkin_skip_building_tests' from command line to 'False'
[4.787s] DEBUG:colcon.colcon_core.verb:Building package 'robokin_world' with the following arguments: {'ament_cmake_args': None, 'build_base': '/home/eduard/Escritorio/Robokin/ROS/build/robokin_world', 'catkin_cmake_args': None, 'catkin_skip_building_tests': False, 'cmake_args': None, 'cmake_clean_cache': False, 'cmake_clean_first': False, 'cmake_force_configure': False, 'cmake_target': None, 'cmake_target_skip_unavailable': False, 'install_base': '/home/eduard/Escritorio/Robokin/ROS/install/robokin_world', 'merge_install': False, 'path': '/home/eduard/Escritorio/Robokin/ROS/robokin/robokin_world', 'symlink_install': False, 'test_result_base': None}
[4.847s] Level 5:colcon.colcon_core.verb:set package 'robokin' build argument 'cmake_args' from command line to 'None'
[4.847s] Level 5:colcon.colcon_core.verb:set package 'robokin' build argument 'cmake_target' from command line to 'None'
[4.847s] Level 5:colcon.colcon_core.verb:set package 'robokin' build argument 'cmake_target_skip_unavailable' from command line to 'False'
[4.847s] Level 5:colcon.colcon_core.verb:set package 'robokin' build argument 'cmake_clean_cache' from command line to 'False'
[4.847s] Level 5:colcon.colcon_core.verb:set package 'robokin' build argument 'cmake_clean_first' from command line to 'False'
[4.847s] Level 5:colcon.colcon_core.verb:set package 'robokin' build argument 'cmake_force_configure' from command line to 'False'
[4.847s] Level 5:colcon.colcon_core.verb:set package 'robokin' build argument 'ament_cmake_args' from command line to 'None'
[4.847s] Level 5:colcon.colcon_core.verb:set package 'robokin' build argument 'catkin_cmake_args' from command line to 'None'
[4.847s] Level 5:colcon.colcon_core.verb:set package 'robokin' build argument 'catkin_skip_building_tests' from command line to 'False'
[4.847s] DEBUG:colcon.colcon_core.verb:Building package 'robokin' with the following arguments: {'ament_cmake_args': None, 'build_base': '/home/eduard/Escritorio/Robokin/ROS/build/robokin', 'catkin_cmake_args': None, 'catkin_skip_building_tests': False, 'cmake_args': None, 'cmake_clean_cache': False, 'cmake_clean_first': False, 'cmake_force_configure': False, 'cmake_target': None, 'cmake_target_skip_unavailable': False, 'install_base': '/home/eduard/Escritorio/Robokin/ROS/install/robokin', 'merge_install': False, 'path': '/home/eduard/Escritorio/Robokin/ROS/robokin/robokin', 'symlink_install': False, 'test_result_base': None}
[4.904s] INFO:colcon.colcon_core.executor:Executing jobs using 'parallel' executor
[4.981s] DEBUG:colcon.colcon_parallel_executor.executor.parallel:run_until_complete
[4.981s] INFO:colcon.colcon_ros.task.ament_python.build:Building ROS package in '/home/eduard/Escritorio/Robokin/ROS/robokin/robokin_publisher' with build type 'ament_python'
[4.982s] Level 1:colcon.colcon_core.shell:create_environment_hook('robokin_publisher', 'ament_prefix_path')
[5.048s] INFO:colcon.colcon_core.plugin_system:Skipping extension 'colcon_core.shell.bat': Not used on non-Windows systems
[5.049s] INFO:colcon.colcon_core.shell:Creating environment hook '/home/eduard/Escritorio/Robokin/ROS/install/robokin_publisher/share/robokin_publisher/hook/ament_prefix_path.ps1'
[5.049s] INFO:colcon.colcon_core.shell:Creating environment descriptor '/home/eduard/Escritorio/Robokin/ROS/install/robokin_publisher/share/robokin_publisher/hook/ament_prefix_path.dsv'
[5.050s] INFO:colcon.colcon_core.shell:Creating environment hook '/home/eduard/Escritorio/Robokin/ROS/install/robokin_publisher/share/robokin_publisher/hook/ament_prefix_path.sh'
[5.117s] INFO:colcon.colcon_core.shell:Skip shell extension 'powershell' for command environment: Not usable outside of PowerShell
[5.118s] DEBUG:colcon.colcon_core.shell:Skip shell extension 'dsv' for command environment
[5.375s] INFO:colcon.colcon_ros.task.ament_cmake.build:Building ROS package in '/home/eduard/Escritorio/Robokin/ROS/robokin/robokin_world' with build type 'ament_cmake'
[5.375s] INFO:colcon.colcon_cmake.task.cmake.build:Building CMake package in '/home/eduard/Escritorio/Robokin/ROS/robokin/robokin_world'
[5.450s] INFO:colcon.colcon_core.shell:Skip shell extension 'powershell' for command environment: Not usable outside of PowerShell
[5.450s] DEBUG:colcon.colcon_core.shell:Skip shell extension 'dsv' for command environment
[6.073s] INFO:colcon.colcon_core.task.python.build:Building Python package in '/home/eduard/Escritorio/Robokin/ROS/robokin/robokin_publisher'
[6.134s] INFO:colcon.colcon_core.shell:Skip shell extension 'powershell' for command environment: Not usable outside of PowerShell
[6.134s] DEBUG:colcon.colcon_core.shell:Skip shell extension 'dsv' for command environment
[6.409s] DEBUG:colcon.colcon_core.event_handler.log_command:Invoking command in '/home/eduard/Escritorio/Robokin/ROS/build/robokin_world': CMAKE_PREFIX_PATH=${CMAKE_PREFIX_PATH}:/home/eduard/Escritorio/Robokin/ROS/install/robokin_publisher:/home/eduard/Escritorio/Robokin/ROS/install/robokin_nav_system:/home/eduard/turtlebot3_ws/install/show_msg:/home/eduard/turtlebot3_ws/install/provide_map:/home/eduard/turtlebot3_ws/install/my_nav2_system:/home/eduard/turtlebot3_ws/install/my_first_subscriber:/home/eduard/turtlebot3_ws/install/my_first_service:/home/eduard/turtlebot3_ws/install/my_first_publisher:/home/eduard/turtlebot3_ws/install/my_first_node:/home/eduard/turtlebot3_ws/install/my_first_action:/opt/ros/galactic /usr/bin/cmake --build /home/eduard/Escritorio/Robokin/ROS/build/robokin_world -- -j2 -l2
[6.551s] DEBUG:colcon.colcon_core.event_handler.log_command:Invoked command in '/home/eduard/Escritorio/Robokin/ROS/build/robokin_world' returned '0': CMAKE_PREFIX_PATH=${CMAKE_PREFIX_PATH}:/home/eduard/Escritorio/Robokin/ROS/install/robokin_publisher:/home/eduard/Escritorio/Robokin/ROS/install/robokin_nav_system:/home/eduard/turtlebot3_ws/install/show_msg:/home/eduard/turtlebot3_ws/install/provide_map:/home/eduard/turtlebot3_ws/install/my_nav2_system:/home/eduard/turtlebot3_ws/install/my_first_subscriber:/home/eduard/turtlebot3_ws/install/my_first_service:/home/eduard/turtlebot3_ws/install/my_first_publisher:/home/eduard/turtlebot3_ws/install/my_first_node:/home/eduard/turtlebot3_ws/install/my_first_action:/opt/ros/galactic /usr/bin/cmake --build /home/eduard/Escritorio/Robokin/ROS/build/robokin_world -- -j2 -l2
[6.611s] DEBUG:colcon.colcon_core.event_handler.log_command:Invoking command in '/home/eduard/Escritorio/Robokin/ROS/build/robokin_world': CMAKE_PREFIX_PATH=${CMAKE_PREFIX_PATH}:/home/eduard/Escritorio/Robokin/ROS/install/robokin_publisher:/home/eduard/Escritorio/Robokin/ROS/install/robokin_nav_system:/home/eduard/turtlebot3_ws/install/show_msg:/home/eduard/turtlebot3_ws/install/provide_map:/home/eduard/turtlebot3_ws/install/my_nav2_system:/home/eduard/turtlebot3_ws/install/my_first_subscriber:/home/eduard/turtlebot3_ws/install/my_first_service:/home/eduard/turtlebot3_ws/install/my_first_publisher:/home/eduard/turtlebot3_ws/install/my_first_node:/home/eduard/turtlebot3_ws/install/my_first_action:/opt/ros/galactic /usr/bin/cmake --install /home/eduard/Escritorio/Robokin/ROS/build/robokin_world
[6.714s] Level 1:colcon.colcon_core.environment:create_environment_scripts_only(robokin_world)
[6.772s] DEBUG:colcon.colcon_core.event_handler.log_command:Invoked command in '/home/eduard/Escritorio/Robokin/ROS/build/robokin_world' returned '0': CMAKE_PREFIX_PATH=${CMAKE_PREFIX_PATH}:/home/eduard/Escritorio/Robokin/ROS/install/robokin_publisher:/home/eduard/Escritorio/Robokin/ROS/install/robokin_nav_system:/home/eduard/turtlebot3_ws/install/show_msg:/home/eduard/turtlebot3_ws/install/provide_map:/home/eduard/turtlebot3_ws/install/my_nav2_system:/home/eduard/turtlebot3_ws/install/my_first_subscriber:/home/eduard/turtlebot3_ws/install/my_first_service:/home/eduard/turtlebot3_ws/install/my_first_publisher:/home/eduard/turtlebot3_ws/install/my_first_node:/home/eduard/turtlebot3_ws/install/my_first_action:/opt/ros/galactic /usr/bin/cmake --install /home/eduard/Escritorio/Robokin/ROS/build/robokin_world
[6.803s] Level 1:colcon.colcon_core.environment:checking '/home/eduard/Escritorio/Robokin/ROS/install/robokin_world' for CMake module files
[6.804s] Level 1:colcon.colcon_core.environment:checking '/home/eduard/Escritorio/Robokin/ROS/install/robokin_world' for CMake config files
[6.805s] Level 1:colcon.colcon_core.shell:create_environment_hook('robokin_world', 'cmake_prefix_path')
[6.874s] INFO:colcon.colcon_core.shell:Creating environment hook '/home/eduard/Escritorio/Robokin/ROS/install/robokin_world/share/robokin_world/hook/cmake_prefix_path.ps1'
[6.876s] INFO:colcon.colcon_core.shell:Creating environment descriptor '/home/eduard/Escritorio/Robokin/ROS/install/robokin_world/share/robokin_world/hook/cmake_prefix_path.dsv'
[6.878s] INFO:colcon.colcon_core.shell:Creating environment hook '/home/eduard/Escritorio/Robokin/ROS/install/robokin_world/share/robokin_world/hook/cmake_prefix_path.sh'
[6.880s] Level 1:colcon.colcon_core.environment:checking '/home/eduard/Escritorio/Robokin/ROS/install/robokin_world/lib'
[6.880s] Level 1:colcon.colcon_core.environment:checking '/home/eduard/Escritorio/Robokin/ROS/install/robokin_world/bin'
[6.880s] Level 1:colcon.colcon_core.environment:checking '/home/eduard/Escritorio/Robokin/ROS/install/robokin_world/lib/pkgconfig/robokin_world.pc'
[6.881s] Level 1:colcon.colcon_core.environment:checking '/home/eduard/Escritorio/Robokin/ROS/install/robokin_world/lib/python3.8/site-packages'
[6.881s] Level 1:colcon.colcon_core.environment:checking '/home/eduard/Escritorio/Robokin/ROS/install/robokin_world/bin'
[6.948s] INFO:colcon.colcon_core.shell:Creating package script '/home/eduard/Escritorio/Robokin/ROS/install/robokin_world/share/robokin_world/package.ps1'
[6.955s] INFO:colcon.colcon_core.shell:Creating package descriptor '/home/eduard/Escritorio/Robokin/ROS/install/robokin_world/share/robokin_world/package.dsv'
[6.963s] INFO:colcon.colcon_core.shell:Creating package script '/home/eduard/Escritorio/Robokin/ROS/install/robokin_world/share/robokin_world/package.sh'
[6.970s] INFO:colcon.colcon_core.shell:Creating package script '/home/eduard/Escritorio/Robokin/ROS/install/robokin_world/share/robokin_world/package.bash'
[6.972s] INFO:colcon.colcon_core.shell:Creating package script '/home/eduard/Escritorio/Robokin/ROS/install/robokin_world/share/robokin_world/package.zsh'
[6.977s] Level 1:colcon.colcon_core.environment:create_file_with_runtime_dependencies(/home/eduard/Escritorio/Robokin/ROS/install/robokin_world/share/colcon-core/packages/robokin_world)
[7.074s] Level 1:colcon.colcon_core.environment:create_environment_scripts_only(robokin_world)
[7.157s] Level 1:colcon.colcon_core.environment:checking '/home/eduard/Escritorio/Robokin/ROS/install/robokin_world' for CMake module files
[7.159s] Level 1:colcon.colcon_core.environment:checking '/home/eduard/Escritorio/Robokin/ROS/install/robokin_world' for CMake config files
[7.159s] Level 1:colcon.colcon_core.shell:create_environment_hook('robokin_world', 'cmake_prefix_path')
[7.219s] INFO:colcon.colcon_core.shell:Creating environment hook '/home/eduard/Escritorio/Robokin/ROS/install/robokin_world/share/robokin_world/hook/cmake_prefix_path.ps1'
[7.220s] INFO:colcon.colcon_core.shell:Creating environment descriptor '/home/eduard/Escritorio/Robokin/ROS/install/robokin_world/share/robokin_world/hook/cmake_prefix_path.dsv'
[7.221s] INFO:colcon.colcon_core.shell:Creating environment hook '/home/eduard/Escritorio/Robokin/ROS/install/robokin_world/share/robokin_world/hook/cmake_prefix_path.sh'
[7.222s] Level 1:colcon.colcon_core.environment:checking '/home/eduard/Escritorio/Robokin/ROS/install/robokin_world/lib'
[7.222s] Level 1:colcon.colcon_core.environment:checking '/home/eduard/Escritorio/Robokin/ROS/install/robokin_world/bin'
[7.222s] Level 1:colcon.colcon_core.environment:checking '/home/eduard/Escritorio/Robokin/ROS/install/robokin_world/lib/pkgconfig/robokin_world.pc'
[7.222s] Level 1:colcon.colcon_core.environment:checking '/home/eduard/Escritorio/Robokin/ROS/install/robokin_world/lib/python3.8/site-packages'
[7.223s] Level 1:colcon.colcon_core.environment:checking '/home/eduard/Escritorio/Robokin/ROS/install/robokin_world/bin'
[7.282s] INFO:colcon.colcon_core.shell:Creating package script '/home/eduard/Escritorio/Robokin/ROS/install/robokin_world/share/robokin_world/package.ps1'
[7.283s] INFO:colcon.colcon_core.shell:Creating package descriptor '/home/eduard/Escritorio/Robokin/ROS/install/robokin_world/share/robokin_world/package.dsv'
[7.284s] INFO:colcon.colcon_core.shell:Creating package script '/home/eduard/Escritorio/Robokin/ROS/install/robokin_world/share/robokin_world/package.sh'
[7.285s] INFO:colcon.colcon_core.shell:Creating package script '/home/eduard/Escritorio/Robokin/ROS/install/robokin_world/share/robokin_world/package.bash'
[7.286s] INFO:colcon.colcon_core.shell:Creating package script '/home/eduard/Escritorio/Robokin/ROS/install/robokin_world/share/robokin_world/package.zsh'
[7.286s] Level 1:colcon.colcon_core.environment:create_file_with_runtime_dependencies(/home/eduard/Escritorio/Robokin/ROS/install/robokin_world/share/colcon-core/packages/robokin_world)
[7.287s] INFO:colcon.colcon_ros.task.ament_python.build:Building ROS package in '/home/eduard/Escritorio/Robokin/ROS/robokin/robokin_nav_system' with build type 'ament_python'
[7.287s] Level 1:colcon.colcon_core.shell:create_environment_hook('robokin_nav_system', 'ament_prefix_path')
[7.354s] INFO:colcon.colcon_core.shell:Creating environment hook '/home/eduard/Escritorio/Robokin/ROS/install/robokin_nav_system/share/robokin_nav_system/hook/ament_prefix_path.ps1'
[7.356s] INFO:colcon.colcon_core.shell:Creating environment descriptor '/home/eduard/Escritorio/Robokin/ROS/install/robokin_nav_system/share/robokin_nav_system/hook/ament_prefix_path.dsv'
[7.358s] INFO:colcon.colcon_core.shell:Creating environment hook '/home/eduard/Escritorio/Robokin/ROS/install/robokin_nav_system/share/robokin_nav_system/hook/ament_prefix_path.sh'
[7.428s] INFO:colcon.colcon_core.shell:Skip shell extension 'powershell' for command environment: Not usable outside of PowerShell
[7.429s] DEBUG:colcon.colcon_core.shell:Skip shell extension 'dsv' for command environment
[7.702s] DEBUG:colcon.colcon_core.event_handler.log_command:Invoking command in '/home/eduard/Escritorio/Robokin/ROS/robokin/robokin_publisher': PYTHONPATH=/home/eduard/Escritorio/Robokin/ROS/build/robokin_publisher/prefix_override:/home/eduard/Escritorio/Robokin/ROS/install/robokin_publisher/lib/python3.8/site-packages:${PYTHONPATH} /usr/bin/python3 setup.py egg_info --egg-base ../../build/robokin_publisher build --build-base /home/eduard/Escritorio/Robokin/ROS/build/robokin_publisher/build install --record /home/eduard/Escritorio/Robokin/ROS/build/robokin_publisher/install.log --single-version-externally-managed
[8.083s] INFO:colcon.colcon_core.task.python.build:Building Python package in '/home/eduard/Escritorio/Robokin/ROS/robokin/robokin_nav_system'
[8.168s] INFO:colcon.colcon_core.shell:Skip shell extension 'powershell' for command environment: Not usable outside of PowerShell
[8.168s] DEBUG:colcon.colcon_core.shell:Skip shell extension 'dsv' for command environment
[8.479s] DEBUG:colcon.colcon_core.event_handler.log_command:Invoked command in '/home/eduard/Escritorio/Robokin/ROS/robokin/robokin_publisher' returned '0': PYTHONPATH=/home/eduard/Escritorio/Robokin/ROS/build/robokin_publisher/prefix_override:/home/eduard/Escritorio/Robokin/ROS/install/robokin_publisher/lib/python3.8/site-packages:${PYTHONPATH} /usr/bin/python3 setup.py egg_info --egg-base ../../build/robokin_publisher build --build-base /home/eduard/Escritorio/Robokin/ROS/build/robokin_publisher/build install --record /home/eduard/Escritorio/Robokin/ROS/build/robokin_publisher/install.log --single-version-externally-managed
[8.530s] Level 1:colcon.colcon_core.environment:checking '/home/eduard/Escritorio/Robokin/ROS/install/robokin_publisher' for CMake module files
[8.531s] Level 1:colcon.colcon_core.environment:checking '/home/eduard/Escritorio/Robokin/ROS/install/robokin_publisher' for CMake config files
[8.532s] Level 1:colcon.colcon_core.environment:checking '/home/eduard/Escritorio/Robokin/ROS/install/robokin_publisher/lib'
[8.533s] Level 1:colcon.colcon_core.environment:checking '/home/eduard/Escritorio/Robokin/ROS/install/robokin_publisher/bin'
[8.533s] Level 1:colcon.colcon_core.environment:checking '/home/eduard/Escritorio/Robokin/ROS/install/robokin_publisher/lib/pkgconfig/robokin_publisher.pc'
[8.533s] Level 1:colcon.colcon_core.environment:checking '/home/eduard/Escritorio/Robokin/ROS/install/robokin_publisher/lib/python3.8/site-packages'
[8.534s] Level 1:colcon.colcon_core.shell:create_environment_hook('robokin_publisher', 'pythonpath')
[8.591s] INFO:colcon.colcon_core.shell:Creating environment hook '/home/eduard/Escritorio/Robokin/ROS/install/robokin_publisher/share/robokin_publisher/hook/pythonpath.ps1'
[8.593s] INFO:colcon.colcon_core.shell:Creating environment descriptor '/home/eduard/Escritorio/Robokin/ROS/install/robokin_publisher/share/robokin_publisher/hook/pythonpath.dsv'
[8.594s] INFO:colcon.colcon_core.shell:Creating environment hook '/home/eduard/Escritorio/Robokin/ROS/install/robokin_publisher/share/robokin_publisher/hook/pythonpath.sh'
[8.594s] Level 1:colcon.colcon_core.environment:checking '/home/eduard/Escritorio/Robokin/ROS/install/robokin_publisher/bin'
[8.595s] Level 1:colcon.colcon_core.environment:create_environment_scripts_only(robokin_publisher)
[8.664s] INFO:colcon.colcon_core.shell:Creating package script '/home/eduard/Escritorio/Robokin/ROS/install/robokin_publisher/share/robokin_publisher/package.ps1'
[8.665s] INFO:colcon.colcon_core.shell:Creating package descriptor '/home/eduard/Escritorio/Robokin/ROS/install/robokin_publisher/share/robokin_publisher/package.dsv'
[8.666s] INFO:colcon.colcon_core.shell:Creating package script '/home/eduard/Escritorio/Robokin/ROS/install/robokin_publisher/share/robokin_publisher/package.sh'
[8.667s] INFO:colcon.colcon_core.shell:Creating package script '/home/eduard/Escritorio/Robokin/ROS/install/robokin_publisher/share/robokin_publisher/package.bash'
[8.668s] INFO:colcon.colcon_core.shell:Creating package script '/home/eduard/Escritorio/Robokin/ROS/install/robokin_publisher/share/robokin_publisher/package.zsh'
[8.668s] Level 1:colcon.colcon_core.environment:create_file_with_runtime_dependencies(/home/eduard/Escritorio/Robokin/ROS/install/robokin_publisher/share/colcon-core/packages/robokin_publisher)
[8.669s] INFO:colcon.colcon_ros.task.ament_cmake.build:Building ROS package in '/home/eduard/Escritorio/Robokin/ROS/robokin/robokin' with build type 'ament_cmake'
[8.670s] INFO:colcon.colcon_cmake.task.cmake.build:Building CMake package in '/home/eduard/Escritorio/Robokin/ROS/robokin/robokin'
[8.739s] INFO:colcon.colcon_core.shell:Skip shell extension 'powershell' for command environment: Not usable outside of PowerShell
[8.740s] DEBUG:colcon.colcon_core.shell:Skip shell extension 'dsv' for command environment
[9.004s] DEBUG:colcon.colcon_core.event_handler.log_command:Invoking command in '/home/eduard/Escritorio/Robokin/ROS/build/robokin': AMENT_PREFIX_PATH=/home/eduard/Escritorio/Robokin/ROS/install/robokin_publisher:/home/eduard/Escritorio/Robokin/ROS/install/robokin:/home/eduard/Escritorio/Robokin/ROS/install/robokin_world:/home/eduard/Escritorio/Robokin/ROS/install/robokin_nav_system:/home/eduard/turtlebot3_ws/install/turtlebot3_simulations:/home/eduard/turtlebot3_ws/install/my_world:/home/eduard/turtlebot3_ws/install/turtlebot3_gazebo:/home/eduard/turtlebot3_ws/install/turtlebot3_fake_node:/home/eduard/turtlebot3_ws/install/show_msg:/home/eduard/turtlebot3_ws/install/provide_map:/home/eduard/turtlebot3_ws/install/package_name:/home/eduard/turtlebot3_ws/install/my_nav2_system:/home/eduard/turtlebot3_ws/install/my_first_subscriber:/home/eduard/turtlebot3_ws/install/my_first_service:/home/eduard/turtlebot3_ws/install/my_first_publisher:/home/eduard/turtlebot3_ws/install/my_first_node:/home/eduard/turtlebot3_ws/install/my_first_action:/home/eduard/turtlebot3_ws/install/custom_interface:/opt/ros/galactic CMAKE_PREFIX_PATH=/home/eduard/Escritorio/Robokin/ROS/install/robokin_world:/home/eduard/Escritorio/Robokin/ROS/install/robokin:/home/eduard/turtlebot3_ws/install/turtlebot3_simulations:/home/eduard/turtlebot3_ws/install/my_world:/home/eduard/turtlebot3_ws/install/turtlebot3_gazebo:/home/eduard/turtlebot3_ws/install/turtlebot3_fake_node:/home/eduard/turtlebot3_ws/install/package_name:/home/eduard/turtlebot3_ws/install/custom_interface:/home/eduard/Escritorio/Robokin/ROS/install/robokin_publisher:/home/eduard/Escritorio/Robokin/ROS/install/robokin_nav_system:/home/eduard/turtlebot3_ws/install/show_msg:/home/eduard/turtlebot3_ws/install/provide_map:/home/eduard/turtlebot3_ws/install/my_nav2_system:/home/eduard/turtlebot3_ws/install/my_first_subscriber:/home/eduard/turtlebot3_ws/install/my_first_service:/home/eduard/turtlebot3_ws/install/my_first_publisher:/home/eduard/turtlebot3_ws/install/my_first_node:/home/eduard/turtlebot3_ws/install/my_first_action:/opt/ros/galactic /usr/bin/cmake --build /home/eduard/Escritorio/Robokin/ROS/build/robokin -- -j2 -l2
[9.056s] DEBUG:colcon.colcon_core.event_handler.log_command:Invoked command in '/home/eduard/Escritorio/Robokin/ROS/build/robokin' returned '0': AMENT_PREFIX_PATH=/home/eduard/Escritorio/Robokin/ROS/install/robokin_publisher:/home/eduard/Escritorio/Robokin/ROS/install/robokin:/home/eduard/Escritorio/Robokin/ROS/install/robokin_world:/home/eduard/Escritorio/Robokin/ROS/install/robokin_nav_system:/home/eduard/turtlebot3_ws/install/turtlebot3_simulations:/home/eduard/turtlebot3_ws/install/my_world:/home/eduard/turtlebot3_ws/install/turtlebot3_gazebo:/home/eduard/turtlebot3_ws/install/turtlebot3_fake_node:/home/eduard/turtlebot3_ws/install/show_msg:/home/eduard/turtlebot3_ws/install/provide_map:/home/eduard/turtlebot3_ws/install/package_name:/home/eduard/turtlebot3_ws/install/my_nav2_system:/home/eduard/turtlebot3_ws/install/my_first_subscriber:/home/eduard/turtlebot3_ws/install/my_first_service:/home/eduard/turtlebot3_ws/install/my_first_publisher:/home/eduard/turtlebot3_ws/install/my_first_node:/home/eduard/turtlebot3_ws/install/my_first_action:/home/eduard/turtlebot3_ws/install/custom_interface:/opt/ros/galactic CMAKE_PREFIX_PATH=/home/eduard/Escritorio/Robokin/ROS/install/robokin_world:/home/eduard/Escritorio/Robokin/ROS/install/robokin:/home/eduard/turtlebot3_ws/install/turtlebot3_simulations:/home/eduard/turtlebot3_ws/install/my_world:/home/eduard/turtlebot3_ws/install/turtlebot3_gazebo:/home/eduard/turtlebot3_ws/install/turtlebot3_fake_node:/home/eduard/turtlebot3_ws/install/package_name:/home/eduard/turtlebot3_ws/install/custom_interface:/home/eduard/Escritorio/Robokin/ROS/install/robokin_publisher:/home/eduard/Escritorio/Robokin/ROS/install/robokin_nav_system:/home/eduard/turtlebot3_ws/install/show_msg:/home/eduard/turtlebot3_ws/install/provide_map:/home/eduard/turtlebot3_ws/install/my_nav2_system:/home/eduard/turtlebot3_ws/install/my_first_subscriber:/home/eduard/turtlebot3_ws/install/my_first_service:/home/eduard/turtlebot3_ws/install/my_first_publisher:/home/eduard/turtlebot3_ws/install/my_first_node:/home/eduard/turtlebot3_ws/install/my_first_action:/opt/ros/galactic /usr/bin/cmake --build /home/eduard/Escritorio/Robokin/ROS/build/robokin -- -j2 -l2
[9.091s] DEBUG:colcon.colcon_core.event_handler.log_command:Invoking command in '/home/eduard/Escritorio/Robokin/ROS/build/robokin': AMENT_PREFIX_PATH=/home/eduard/Escritorio/Robokin/ROS/install/robokin_publisher:/home/eduard/Escritorio/Robokin/ROS/install/robokin:/home/eduard/Escritorio/Robokin/ROS/install/robokin_world:/home/eduard/Escritorio/Robokin/ROS/install/robokin_nav_system:/home/eduard/turtlebot3_ws/install/turtlebot3_simulations:/home/eduard/turtlebot3_ws/install/my_world:/home/eduard/turtlebot3_ws/install/turtlebot3_gazebo:/home/eduard/turtlebot3_ws/install/turtlebot3_fake_node:/home/eduard/turtlebot3_ws/install/show_msg:/home/eduard/turtlebot3_ws/install/provide_map:/home/eduard/turtlebot3_ws/install/package_name:/home/eduard/turtlebot3_ws/install/my_nav2_system:/home/eduard/turtlebot3_ws/install/my_first_subscriber:/home/eduard/turtlebot3_ws/install/my_first_service:/home/eduard/turtlebot3_ws/install/my_first_publisher:/home/eduard/turtlebot3_ws/install/my_first_node:/home/eduard/turtlebot3_ws/install/my_first_action:/home/eduard/turtlebot3_ws/install/custom_interface:/opt/ros/galactic CMAKE_PREFIX_PATH=/home/eduard/Escritorio/Robokin/ROS/install/robokin_world:/home/eduard/Escritorio/Robokin/ROS/install/robokin:/home/eduard/turtlebot3_ws/install/turtlebot3_simulations:/home/eduard/turtlebot3_ws/install/my_world:/home/eduard/turtlebot3_ws/install/turtlebot3_gazebo:/home/eduard/turtlebot3_ws/install/turtlebot3_fake_node:/home/eduard/turtlebot3_ws/install/package_name:/home/eduard/turtlebot3_ws/install/custom_interface:/home/eduard/Escritorio/Robokin/ROS/install/robokin_publisher:/home/eduard/Escritorio/Robokin/ROS/install/robokin_nav_system:/home/eduard/turtlebot3_ws/install/show_msg:/home/eduard/turtlebot3_ws/install/provide_map:/home/eduard/turtlebot3_ws/install/my_nav2_system:/home/eduard/turtlebot3_ws/install/my_first_subscriber:/home/eduard/turtlebot3_ws/install/my_first_service:/home/eduard/turtlebot3_ws/install/my_first_publisher:/home/eduard/turtlebot3_ws/install/my_first_node:/home/eduard/turtlebot3_ws/install/my_first_action:/opt/ros/galactic /usr/bin/cmake --install /home/eduard/Escritorio/Robokin/ROS/build/robokin
[9.110s] Level 1:colcon.colcon_core.environment:create_environment_scripts_only(robokin)
[9.122s] DEBUG:colcon.colcon_core.event_handler.log_command:Invoked command in '/home/eduard/Escritorio/Robokin/ROS/build/robokin' returned '0': AMENT_PREFIX_PATH=/home/eduard/Escritorio/Robokin/ROS/install/robokin_publisher:/home/eduard/Escritorio/Robokin/ROS/install/robokin:/home/eduard/Escritorio/Robokin/ROS/install/robokin_world:/home/eduard/Escritorio/Robokin/ROS/install/robokin_nav_system:/home/eduard/turtlebot3_ws/install/turtlebot3_simulations:/home/eduard/turtlebot3_ws/install/my_world:/home/eduard/turtlebot3_ws/install/turtlebot3_gazebo:/home/eduard/turtlebot3_ws/install/turtlebot3_fake_node:/home/eduard/turtlebot3_ws/install/show_msg:/home/eduard/turtlebot3_ws/install/provide_map:/home/eduard/turtlebot3_ws/install/package_name:/home/eduard/turtlebot3_ws/install/my_nav2_system:/home/eduard/turtlebot3_ws/install/my_first_subscriber:/home/eduard/turtlebot3_ws/install/my_first_service:/home/eduard/turtlebot3_ws/install/my_first_publisher:/home/eduard/turtlebot3_ws/install/my_first_node:/home/eduard/turtlebot3_ws/install/my_first_action:/home/eduard/turtlebot3_ws/install/custom_interface:/opt/ros/galactic CMAKE_PREFIX_PATH=/home/eduard/Escritorio/Robokin/ROS/install/robokin_world:/home/eduard/Escritorio/Robokin/ROS/install/robokin:/home/eduard/turtlebot3_ws/install/turtlebot3_simulations:/home/eduard/turtlebot3_ws/install/my_world:/home/eduard/turtlebot3_ws/install/turtlebot3_gazebo:/home/eduard/turtlebot3_ws/install/turtlebot3_fake_node:/home/eduard/turtlebot3_ws/install/package_name:/home/eduard/turtlebot3_ws/install/custom_interface:/home/eduard/Escritorio/Robokin/ROS/install/robokin_publisher:/home/eduard/Escritorio/Robokin/ROS/install/robokin_nav_system:/home/eduard/turtlebot3_ws/install/show_msg:/home/eduard/turtlebot3_ws/install/provide_map:/home/eduard/turtlebot3_ws/install/my_nav2_system:/home/eduard/turtlebot3_ws/install/my_first_subscriber:/home/eduard/turtlebot3_ws/install/my_first_service:/home/eduard/turtlebot3_ws/install/my_first_publisher:/home/eduard/turtlebot3_ws/install/my_first_node:/home/eduard/turtlebot3_ws/install/my_first_action:/opt/ros/galactic /usr/bin/cmake --install /home/eduard/Escritorio/Robokin/ROS/build/robokin
[9.177s] Level 1:colcon.colcon_core.environment:checking '/home/eduard/Escritorio/Robokin/ROS/install/robokin' for CMake module files
[9.177s] Level 1:colcon.colcon_core.environment:checking '/home/eduard/Escritorio/Robokin/ROS/install/robokin' for CMake config files
[9.178s] Level 1:colcon.colcon_core.shell:create_environment_hook('robokin', 'cmake_prefix_path')
[9.241s] INFO:colcon.colcon_core.shell:Creating environment hook '/home/eduard/Escritorio/Robokin/ROS/install/robokin/share/robokin/hook/cmake_prefix_path.ps1'
[9.251s] INFO:colcon.colcon_core.shell:Creating environment descriptor '/home/eduard/Escritorio/Robokin/ROS/install/robokin/share/robokin/hook/cmake_prefix_path.dsv'
[9.252s] INFO:colcon.colcon_core.shell:Creating environment hook '/home/eduard/Escritorio/Robokin/ROS/install/robokin/share/robokin/hook/cmake_prefix_path.sh'
[9.260s] Level 1:colcon.colcon_core.environment:checking '/home/eduard/Escritorio/Robokin/ROS/install/robokin/bin'
[9.261s] Level 1:colcon.colcon_core.environment:checking '/home/eduard/Escritorio/Robokin/ROS/install/robokin/lib/pkgconfig/robokin.pc'
[9.261s] Level 1:colcon.colcon_core.environment:checking '/home/eduard/Escritorio/Robokin/ROS/install/robokin/lib/python3.8/site-packages'
[9.261s] Level 1:colcon.colcon_core.environment:checking '/home/eduard/Escritorio/Robokin/ROS/install/robokin/bin'
[9.361s] INFO:colcon.colcon_core.shell:Creating package script '/home/eduard/Escritorio/Robokin/ROS/install/robokin/share/robokin/package.ps1'
[9.362s] INFO:colcon.colcon_core.shell:Creating package descriptor '/home/eduard/Escritorio/Robokin/ROS/install/robokin/share/robokin/package.dsv'
[9.363s] INFO:colcon.colcon_core.shell:Creating package script '/home/eduard/Escritorio/Robokin/ROS/install/robokin/share/robokin/package.sh'
[9.364s] INFO:colcon.colcon_core.shell:Creating package script '/home/eduard/Escritorio/Robokin/ROS/install/robokin/share/robokin/package.bash'
[9.365s] INFO:colcon.colcon_core.shell:Creating package script '/home/eduard/Escritorio/Robokin/ROS/install/robokin/share/robokin/package.zsh'
[9.365s] Level 1:colcon.colcon_core.environment:create_file_with_runtime_dependencies(/home/eduard/Escritorio/Robokin/ROS/install/robokin/share/colcon-core/packages/robokin)
[9.535s] Level 1:colcon.colcon_core.environment:create_environment_scripts_only(robokin)
[9.638s] Level 1:colcon.colcon_core.environment:checking '/home/eduard/Escritorio/Robokin/ROS/install/robokin' for CMake module files
[9.639s] Level 1:colcon.colcon_core.environment:checking '/home/eduard/Escritorio/Robokin/ROS/install/robokin' for CMake config files
[9.639s] Level 1:colcon.colcon_core.shell:create_environment_hook('robokin', 'cmake_prefix_path')
[9.733s] INFO:colcon.colcon_core.shell:Creating environment hook '/home/eduard/Escritorio/Robokin/ROS/install/robokin/share/robokin/hook/cmake_prefix_path.ps1'
[9.825s] INFO:colcon.colcon_core.shell:Creating environment descriptor '/home/eduard/Escritorio/Robokin/ROS/install/robokin/share/robokin/hook/cmake_prefix_path.dsv'
[9.826s] INFO:colcon.colcon_core.shell:Creating environment hook '/home/eduard/Escritorio/Robokin/ROS/install/robokin/share/robokin/hook/cmake_prefix_path.sh'
[9.827s] Level 1:colcon.colcon_core.environment:checking '/home/eduard/Escritorio/Robokin/ROS/install/robokin/bin'
[9.827s] Level 1:colcon.colcon_core.environment:checking '/home/eduard/Escritorio/Robokin/ROS/install/robokin/lib/pkgconfig/robokin.pc'
[9.827s] Level 1:colcon.colcon_core.environment:checking '/home/eduard/Escritorio/Robokin/ROS/install/robokin/lib/python3.8/site-packages'
[9.827s] Level 1:colcon.colcon_core.environment:checking '/home/eduard/Escritorio/Robokin/ROS/install/robokin/bin'
[9.918s] INFO:colcon.colcon_core.shell:Creating package script '/home/eduard/Escritorio/Robokin/ROS/install/robokin/share/robokin/package.ps1'
[9.919s] INFO:colcon.colcon_core.shell:Creating package descriptor '/home/eduard/Escritorio/Robokin/ROS/install/robokin/share/robokin/package.dsv'
[9.920s] INFO:colcon.colcon_core.shell:Creating package script '/home/eduard/Escritorio/Robokin/ROS/install/robokin/share/robokin/package.sh'
[9.921s] INFO:colcon.colcon_core.shell:Creating package script '/home/eduard/Escritorio/Robokin/ROS/install/robokin/share/robokin/package.bash'
[9.922s] INFO:colcon.colcon_core.shell:Creating package script '/home/eduard/Escritorio/Robokin/ROS/install/robokin/share/robokin/package.zsh'
[9.922s] Level 1:colcon.colcon_core.environment:create_file_with_runtime_dependencies(/home/eduard/Escritorio/Robokin/ROS/install/robokin/share/colcon-core/packages/robokin)
[9.937s] DEBUG:colcon.colcon_core.event_handler.log_command:Invoking command in '/home/eduard/Escritorio/Robokin/ROS/robokin/robokin_nav_system': PYTHONPATH=/home/eduard/Escritorio/Robokin/ROS/build/robokin_nav_system/prefix_override:/home/eduard/Escritorio/Robokin/ROS/install/robokin_nav_system/lib/python3.8/site-packages:${PYTHONPATH} /usr/bin/python3 setup.py egg_info --egg-base ../../build/robokin_nav_system build --build-base /home/eduard/Escritorio/Robokin/ROS/build/robokin_nav_system/build install --record /home/eduard/Escritorio/Robokin/ROS/build/robokin_nav_system/install.log --single-version-externally-managed
[10.426s] DEBUG:colcon.colcon_core.event_handler.log_command:Invoked command in '/home/eduard/Escritorio/Robokin/ROS/robokin/robokin_nav_system' returned '0': PYTHONPATH=/home/eduard/Escritorio/Robokin/ROS/build/robokin_nav_system/prefix_override:/home/eduard/Escritorio/Robokin/ROS/install/robokin_nav_system/lib/python3.8/site-packages:${PYTHONPATH} /usr/bin/python3 setup.py egg_info --egg-base ../../build/robokin_nav_system build --build-base /home/eduard/Escritorio/Robokin/ROS/build/robokin_nav_system/build install --record /home/eduard/Escritorio/Robokin/ROS/build/robokin_nav_system/install.log --single-version-externally-managed
[10.485s] Level 1:colcon.colcon_core.environment:checking '/home/eduard/Escritorio/Robokin/ROS/install/robokin_nav_system' for CMake module files
[10.487s] Level 1:colcon.colcon_core.environment:checking '/home/eduard/Escritorio/Robokin/ROS/install/robokin_nav_system' for CMake config files
[10.488s] Level 1:colcon.colcon_core.environment:checking '/home/eduard/Escritorio/Robokin/ROS/install/robokin_nav_system/lib'
[10.488s] Level 1:colcon.colcon_core.environment:checking '/home/eduard/Escritorio/Robokin/ROS/install/robokin_nav_system/bin'
[10.488s] Level 1:colcon.colcon_core.environment:checking '/home/eduard/Escritorio/Robokin/ROS/install/robokin_nav_system/lib/pkgconfig/robokin_nav_system.pc'
[10.488s] Level 1:colcon.colcon_core.environment:checking '/home/eduard/Escritorio/Robokin/ROS/install/robokin_nav_system/lib/python3.8/site-packages'
[10.489s] Level 1:colcon.colcon_core.shell:create_environment_hook('robokin_nav_system', 'pythonpath')
[10.560s] INFO:colcon.colcon_core.shell:Creating environment hook '/home/eduard/Escritorio/Robokin/ROS/install/robokin_nav_system/share/robokin_nav_system/hook/pythonpath.ps1'
[10.562s] INFO:colcon.colcon_core.shell:Creating environment descriptor '/home/eduard/Escritorio/Robokin/ROS/install/robokin_nav_system/share/robokin_nav_system/hook/pythonpath.dsv'
[10.563s] INFO:colcon.colcon_core.shell:Creating environment hook '/home/eduard/Escritorio/Robokin/ROS/install/robokin_nav_system/share/robokin_nav_system/hook/pythonpath.sh'
[10.564s] Level 1:colcon.colcon_core.environment:checking '/home/eduard/Escritorio/Robokin/ROS/install/robokin_nav_system/bin'
[10.564s] Level 1:colcon.colcon_core.environment:create_environment_scripts_only(robokin_nav_system)
[10.630s] INFO:colcon.colcon_core.shell:Creating package script '/home/eduard/Escritorio/Robokin/ROS/install/robokin_nav_system/share/robokin_nav_system/package.ps1'
[10.633s] INFO:colcon.colcon_core.shell:Creating package descriptor '/home/eduard/Escritorio/Robokin/ROS/install/robokin_nav_system/share/robokin_nav_system/package.dsv'
[10.635s] INFO:colcon.colcon_core.shell:Creating package script '/home/eduard/Escritorio/Robokin/ROS/install/robokin_nav_system/share/robokin_nav_system/package.sh'
[10.638s] INFO:colcon.colcon_core.shell:Creating package script '/home/eduard/Escritorio/Robokin/ROS/install/robokin_nav_system/share/robokin_nav_system/package.bash'
[10.640s] INFO:colcon.colcon_core.shell:Creating package script '/home/eduard/Escritorio/Robokin/ROS/install/robokin_nav_system/share/robokin_nav_system/package.zsh'
[10.641s] Level 1:colcon.colcon_core.environment:create_file_with_runtime_dependencies(/home/eduard/Escritorio/Robokin/ROS/install/robokin_nav_system/share/colcon-core/packages/robokin_nav_system)
[10.642s] DEBUG:colcon.colcon_parallel_executor.executor.parallel:closing loop
[10.645s] DEBUG:colcon.colcon_parallel_executor.executor.parallel:loop closed
[10.646s] DEBUG:colcon.colcon_parallel_executor.executor.parallel:run_until_complete finished with '0'
[10.646s] DEBUG:colcon.colcon_core.event_reactor:joining thread
[10.753s] INFO:colcon.colcon_core.plugin_system:Skipping extension 'colcon_notification.desktop_notification.terminal_notifier': Not used on non-Darwin systems
[10.760s] INFO:colcon.colcon_core.plugin_system:Skipping extension 'colcon_notification.desktop_notification.win32': Not used on non-Windows systems
[10.761s] INFO:colcon.colcon_notification.desktop_notification:Sending desktop notification using 'notify2'
[10.787s] DEBUG:colcon.colcon_core.event_reactor:joined thread
[10.889s] INFO:colcon.colcon_core.shell:Creating prefix script '/home/eduard/Escritorio/Robokin/ROS/install/local_setup.ps1'
[10.895s] INFO:colcon.colcon_core.shell:Creating prefix util module '/home/eduard/Escritorio/Robokin/ROS/install/_local_setup_util_ps1.py'
[10.898s] INFO:colcon.colcon_core.shell:Creating prefix chain script '/home/eduard/Escritorio/Robokin/ROS/install/setup.ps1'
[11.006s] INFO:colcon.colcon_core.shell:Creating prefix script '/home/eduard/Escritorio/Robokin/ROS/install/local_setup.sh'
[11.008s] INFO:colcon.colcon_core.shell:Creating prefix util module '/home/eduard/Escritorio/Robokin/ROS/install/_local_setup_util_sh.py'
[11.009s] INFO:colcon.colcon_core.shell:Creating prefix chain script '/home/eduard/Escritorio/Robokin/ROS/install/setup.sh'
[11.080s] INFO:colcon.colcon_core.shell:Creating prefix script '/home/eduard/Escritorio/Robokin/ROS/install/local_setup.bash'
[11.088s] INFO:colcon.colcon_core.shell:Creating prefix chain script '/home/eduard/Escritorio/Robokin/ROS/install/setup.bash'
[11.164s] INFO:colcon.colcon_core.shell:Creating prefix script '/home/eduard/Escritorio/Robokin/ROS/install/local_setup.zsh'
[11.165s] INFO:colcon.colcon_core.shell:Creating prefix chain script '/home/eduard/Escritorio/Robokin/ROS/install/setup.zsh'
