[1.751s] Invoking command in '/home/eduard/Escritorio/Robokin/ROS/robokin/robokin_nav_system': PYTHONPATH=/home/eduard/Escritorio/Robokin/ROS/build/robokin_nav_system/prefix_override:/home/eduard/Escritorio/Robokin/ROS/install/robokin_nav_system/lib/python3.8/site-packages:${PYTHONPATH} /usr/bin/python3 setup.py egg_info --egg-base ../../build/robokin_nav_system build --build-base /home/eduard/Escritorio/Robokin/ROS/build/robokin_nav_system/build install --record /home/eduard/Escritorio/Robokin/ROS/build/robokin_nav_system/install.log --single-version-externally-managed
[2.100s] running egg_info
[2.101s] writing ../../build/robokin_nav_system/robokin_nav_system.egg-info/PKG-INFO
[2.102s] writing dependency_links to ../../build/robokin_nav_system/robokin_nav_system.egg-info/dependency_links.txt
[2.103s] writing entry points to ../../build/robokin_nav_system/robokin_nav_system.egg-info/entry_points.txt
[2.104s] writing requirements to ../../build/robokin_nav_system/robokin_nav_system.egg-info/requires.txt
[2.105s] writing top-level names to ../../build/robokin_nav_system/robokin_nav_system.egg-info/top_level.txt
[2.162s] reading manifest file '../../build/robokin_nav_system/robokin_nav_system.egg-info/SOURCES.txt'
[2.164s] writing manifest file '../../build/robokin_nav_system/robokin_nav_system.egg-info/SOURCES.txt'
[2.165s] running build
[2.165s] running build_py
[2.166s] running install
[2.168s] running install_lib
[2.172s] running install_data
[2.173s] running install_egg_info
[2.177s] removing '/home/eduard/Escritorio/Robokin/ROS/install/robokin_nav_system/lib/python3.8/site-packages/robokin_nav_system-0.0.0-py3.8.egg-info' (and everything under it)
[2.190s] Copying ../../build/robokin_nav_system/robokin_nav_system.egg-info to /home/eduard/Escritorio/Robokin/ROS/install/robokin_nav_system/lib/python3.8/site-packages/robokin_nav_system-0.0.0-py3.8.egg-info
[2.192s] running install_scripts
[2.224s] Installing initial_pose_pub script to /home/eduard/Escritorio/Robokin/ROS/install/robokin_nav_system/lib/robokin_nav_system
[2.225s] Installing my_waypoints_follower script to /home/eduard/Escritorio/Robokin/ROS/install/robokin_nav_system/lib/robokin_nav_system
[2.226s] Installing navigate_to_pose script to /home/eduard/Escritorio/Robokin/ROS/install/robokin_nav_system/lib/robokin_nav_system
[2.228s] writing list of installed files to '/home/eduard/Escritorio/Robokin/ROS/build/robokin_nav_system/install.log'
[2.298s] Invoked command in '/home/eduard/Escritorio/Robokin/ROS/robokin/robokin_nav_system' returned '0': PYTHONPATH=/home/eduard/Escritorio/Robokin/ROS/build/robokin_nav_system/prefix_override:/home/eduard/Escritorio/Robokin/ROS/install/robokin_nav_system/lib/python3.8/site-packages:${PYTHONPATH} /usr/bin/python3 setup.py egg_info --egg-base ../../build/robokin_nav_system build --build-base /home/eduard/Escritorio/Robokin/ROS/build/robokin_nav_system/build install --record /home/eduard/Escritorio/Robokin/ROS/build/robokin_nav_system/install.log --single-version-externally-managed
