[1.040s] Invoking command in '/home/eduard/Escritorio/Robokin/ROS/build/robokin_world': CMAKE_PREFIX_PATH=${CMAKE_PREFIX_PATH}:/home/eduard/Escritorio/Robokin/ROS/install/robokin_publisher:/home/eduard/Escritorio/Robokin/ROS/install/robokin_nav_system:/home/eduard/turtlebot3_ws/install/show_msg:/home/eduard/turtlebot3_ws/install/provide_map:/home/eduard/turtlebot3_ws/install/my_nav2_system:/home/eduard/turtlebot3_ws/install/my_first_subscriber:/home/eduard/turtlebot3_ws/install/my_first_service:/home/eduard/turtlebot3_ws/install/my_first_publisher:/home/eduard/turtlebot3_ws/install/my_first_node:/home/eduard/turtlebot3_ws/install/my_first_action:/opt/ros/galactic /usr/bin/cmake --build /home/eduard/Escritorio/Robokin/ROS/build/robokin_world -- -j2 -l2
[1.123s] [100%] Built target turtlebot3_drive
[1.151s] Invoked command in '/home/eduard/Escritorio/Robokin/ROS/build/robokin_world' returned '0': CMAKE_PREFIX_PATH=${CMAKE_PREFIX_PATH}:/home/eduard/Escritorio/Robokin/ROS/install/robokin_publisher:/home/eduard/Escritorio/Robokin/ROS/install/robokin_nav_system:/home/eduard/turtlebot3_ws/install/show_msg:/home/eduard/turtlebot3_ws/install/provide_map:/home/eduard/turtlebot3_ws/install/my_nav2_system:/home/eduard/turtlebot3_ws/install/my_first_subscriber:/home/eduard/turtlebot3_ws/install/my_first_service:/home/eduard/turtlebot3_ws/install/my_first_publisher:/home/eduard/turtlebot3_ws/install/my_first_node:/home/eduard/turtlebot3_ws/install/my_first_action:/opt/ros/galactic /usr/bin/cmake --build /home/eduard/Escritorio/Robokin/ROS/build/robokin_world -- -j2 -l2
[1.213s] Invoking command in '/home/eduard/Escritorio/Robokin/ROS/build/robokin_world': CMAKE_PREFIX_PATH=${CMAKE_PREFIX_PATH}:/home/eduard/Escritorio/Robokin/ROS/install/robokin_publisher:/home/eduard/Escritorio/Robokin/ROS/install/robokin_nav_system:/home/eduard/turtlebot3_ws/install/show_msg:/home/eduard/turtlebot3_ws/install/provide_map:/home/eduard/turtlebot3_ws/install/my_nav2_system:/home/eduard/turtlebot3_ws/install/my_first_subscriber:/home/eduard/turtlebot3_ws/install/my_first_service:/home/eduard/turtlebot3_ws/install/my_first_publisher:/home/eduard/turtlebot3_ws/install/my_first_node:/home/eduard/turtlebot3_ws/install/my_first_action:/opt/ros/galactic /usr/bin/cmake --install /home/eduard/Escritorio/Robokin/ROS/build/robokin_world
[1.228s] -- Install configuration: ""
[1.250s] -- Up-to-date: /home/eduard/Escritorio/Robokin/ROS/install/robokin_world/lib/robokin_world/turtlebot3_drive
[1.250s] -- Up-to-date: /home/eduard/Escritorio/Robokin/ROS/install/robokin_world/share/robokin_world//launch
[1.251s] -- Up-to-date: /home/eduard/Escritorio/Robokin/ROS/install/robokin_world/share/robokin_world//launch/robokin_world.launch.py
[1.251s] -- Up-to-date: /home/eduard/Escritorio/Robokin/ROS/install/robokin_world/share/robokin_world//models
[1.251s] -- Up-to-date: /home/eduard/Escritorio/Robokin/ROS/install/robokin_world/share/robokin_world//models/turtlebot3_burger
[1.251s] -- Up-to-date: /home/eduard/Escritorio/Robokin/ROS/install/robokin_world/share/robokin_world//models/turtlebot3_burger/model-1_4.sdf
[1.251s] -- Up-to-date: /home/eduard/Escritorio/Robokin/ROS/install/robokin_world/share/robokin_world//models/turtlebot3_burger/meshes
[1.252s] -- Up-to-date: /home/eduard/Escritorio/Robokin/ROS/install/robokin_world/share/robokin_world//models/turtlebot3_burger/meshes/lds.dae
[1.252s] -- Up-to-date: /home/eduard/Escritorio/Robokin/ROS/install/robokin_world/share/robokin_world//models/turtlebot3_burger/meshes/tire.dae
[1.252s] -- Up-to-date: /home/eduard/Escritorio/Robokin/ROS/install/robokin_world/share/robokin_world//models/turtlebot3_burger/meshes/burger_base.dae
[1.252s] -- Up-to-date: /home/eduard/Escritorio/Robokin/ROS/install/robokin_world/share/robokin_world//models/turtlebot3_burger/model.config
[1.252s] -- Up-to-date: /home/eduard/Escritorio/Robokin/ROS/install/robokin_world/share/robokin_world//models/turtlebot3_burger/model.sdf
[1.252s] -- Up-to-date: /home/eduard/Escritorio/Robokin/ROS/install/robokin_world/share/robokin_world//models/cafe_table
[1.252s] -- Up-to-date: /home/eduard/Escritorio/Robokin/ROS/install/robokin_world/share/robokin_world//models/cafe_table/model-1_4.sdf
[1.252s] -- Up-to-date: /home/eduard/Escritorio/Robokin/ROS/install/robokin_world/share/robokin_world//models/cafe_table/meshes
[1.282s] -- Up-to-date: /home/eduard/Escritorio/Robokin/ROS/install/robokin_world/share/robokin_world//models/cafe_table/meshes/cafe_table.dae
[1.283s] -- Up-to-date: /home/eduard/Escritorio/Robokin/ROS/install/robokin_world/share/robokin_world//models/cafe_table/materials
[1.284s] -- Up-to-date: /home/eduard/Escritorio/Robokin/ROS/install/robokin_world/share/robokin_world//models/cafe_table/materials/textures
[1.285s] -- Up-to-date: /home/eduard/Escritorio/Robokin/ROS/install/robokin_world/share/robokin_world//models/cafe_table/materials/textures/Wood_Floor_Dark.jpg
[1.286s] -- Up-to-date: /home/eduard/Escritorio/Robokin/ROS/install/robokin_world/share/robokin_world//models/cafe_table/materials/textures/Maple.jpg
[1.287s] -- Up-to-date: /home/eduard/Escritorio/Robokin/ROS/install/robokin_world/share/robokin_world//models/cafe_table/model.config
[1.287s] -- Up-to-date: /home/eduard/Escritorio/Robokin/ROS/install/robokin_world/share/robokin_world//models/cafe_table/model.sdf
[1.287s] -- Up-to-date: /home/eduard/Escritorio/Robokin/ROS/install/robokin_world/share/robokin_world//models/cafe
[1.288s] -- Up-to-date: /home/eduard/Escritorio/Robokin/ROS/install/robokin_world/share/robokin_world//models/cafe/meshes
[1.288s] -- Up-to-date: /home/eduard/Escritorio/Robokin/ROS/install/robokin_world/share/robokin_world//models/cafe/meshes/cafe.dae
[1.288s] -- Up-to-date: /home/eduard/Escritorio/Robokin/ROS/install/robokin_world/share/robokin_world//models/cafe/materials
[1.288s] -- Up-to-date: /home/eduard/Escritorio/Robokin/ROS/install/robokin_world/share/robokin_world//models/cafe/materials/textures
[1.288s] -- Up-to-date: /home/eduard/Escritorio/Robokin/ROS/install/robokin_world/share/robokin_world//models/cafe/materials/textures/__auto_29.jpg
[1.288s] -- Up-to-date: /home/eduard/Escritorio/Robokin/ROS/install/robokin_world/share/robokin_world//models/cafe/materials/textures/__auto_21.jpg
[1.288s] -- Up-to-date: /home/eduard/Escritorio/Robokin/ROS/install/robokin_world/share/robokin_world//models/cafe/materials/textures/__auto_10.jpg
[1.288s] -- Up-to-date: /home/eduard/Escritorio/Robokin/ROS/install/robokin_world/share/robokin_world//models/cafe/materials/textures/__auto_26.jpg
[1.288s] -- Up-to-date: /home/eduard/Escritorio/Robokin/ROS/install/robokin_world/share/robokin_world//models/cafe/materials/textures/__auto_28.jpg
[1.289s] -- Up-to-date: /home/eduard/Escritorio/Robokin/ROS/install/robokin_world/share/robokin_world//models/cafe/materials/textures/__auto_37.jpg
[1.289s] -- Up-to-date: /home/eduard/Escritorio/Robokin/ROS/install/robokin_world/share/robokin_world//models/cafe/materials/textures/__auto_2.jpg
[1.289s] -- Up-to-date: /home/eduard/Escritorio/Robokin/ROS/install/robokin_world/share/robokin_world//models/cafe/materials/textures/__auto_35.jpg
[1.289s] -- Up-to-date: /home/eduard/Escritorio/Robokin/ROS/install/robokin_world/share/robokin_world//models/cafe/materials/textures/__auto_22.jpg
[1.289s] -- Up-to-date: /home/eduard/Escritorio/Robokin/ROS/install/robokin_world/share/robokin_world//models/cafe/materials/textures/__auto_23.jpg
[1.301s] -- Up-to-date: /home/eduard/Escritorio/Robokin/ROS/install/robokin_world/share/robokin_world//models/cafe/materials/textures/__auto_34.jpg
[1.301s] -- Up-to-date: /home/eduard/Escritorio/Robokin/ROS/install/robokin_world/share/robokin_world//models/cafe/materials/textures/__auto_24.jpg
[1.301s] -- Up-to-date: /home/eduard/Escritorio/Robokin/ROS/install/robokin_world/share/robokin_world//models/cafe/materials/textures/__auto_25.jpg
[1.301s] -- Up-to-date: /home/eduard/Escritorio/Robokin/ROS/install/robokin_world/share/robokin_world//models/cafe/materials/textures/__auto_30.jpg
[1.302s] -- Up-to-date: /home/eduard/Escritorio/Robokin/ROS/install/robokin_world/share/robokin_world//models/cafe/materials/textures/__auto_31.jpg
[1.302s] -- Up-to-date: /home/eduard/Escritorio/Robokin/ROS/install/robokin_world/share/robokin_world//models/cafe/model.config
[1.302s] -- Up-to-date: /home/eduard/Escritorio/Robokin/ROS/install/robokin_world/share/robokin_world//models/cafe/model.sdf
[1.302s] -- Up-to-date: /home/eduard/Escritorio/Robokin/ROS/install/robokin_world/share/robokin_world//world
[1.302s] -- Up-to-date: /home/eduard/Escritorio/Robokin/ROS/install/robokin_world/share/robokin_world//world/burger_pi.model
[1.302s] -- Up-to-date: /home/eduard/Escritorio/Robokin/ROS/install/robokin_world/share/robokin_world//world/burger.model
[1.302s] -- Up-to-date: /home/eduard/Escritorio/Robokin/ROS/install/robokin_world/share/robokin_world//urdf
[1.302s] -- Up-to-date: /home/eduard/Escritorio/Robokin/ROS/install/robokin_world/share/robokin_world//urdf/turtlebot3_burger_pi.urdf
[1.302s] -- Up-to-date: /home/eduard/Escritorio/Robokin/ROS/install/robokin_world/share/robokin_world//urdf/turtlebot3_burger.urdf
[1.333s] -- Up-to-date: /home/eduard/Escritorio/Robokin/ROS/install/robokin_world/include/
[1.333s] -- Up-to-date: /home/eduard/Escritorio/Robokin/ROS/install/robokin_world/include//robokin_world
[1.334s] -- Up-to-date: /home/eduard/Escritorio/Robokin/ROS/install/robokin_world/share/ament_index/resource_index/package_run_dependencies/robokin_world
[1.334s] -- Up-to-date: /home/eduard/Escritorio/Robokin/ROS/install/robokin_world/share/ament_index/resource_index/parent_prefix_path/robokin_world
[1.334s] -- Up-to-date: /home/eduard/Escritorio/Robokin/ROS/install/robokin_world/share/robokin_world/environment/ament_prefix_path.sh
[1.334s] -- Up-to-date: /home/eduard/Escritorio/Robokin/ROS/install/robokin_world/share/robokin_world/environment/ament_prefix_path.dsv
[1.334s] -- Up-to-date: /home/eduard/Escritorio/Robokin/ROS/install/robokin_world/share/robokin_world/environment/path.sh
[1.334s] -- Up-to-date: /home/eduard/Escritorio/Robokin/ROS/install/robokin_world/share/robokin_world/environment/path.dsv
[1.334s] -- Up-to-date: /home/eduard/Escritorio/Robokin/ROS/install/robokin_world/share/robokin_world/local_setup.bash
[1.335s] -- Up-to-date: /home/eduard/Escritorio/Robokin/ROS/install/robokin_world/share/robokin_world/local_setup.sh
[1.335s] -- Up-to-date: /home/eduard/Escritorio/Robokin/ROS/install/robokin_world/share/robokin_world/local_setup.zsh
[1.335s] -- Up-to-date: /home/eduard/Escritorio/Robokin/ROS/install/robokin_world/share/robokin_world/local_setup.dsv
[1.335s] -- Installing: /home/eduard/Escritorio/Robokin/ROS/install/robokin_world/share/robokin_world/package.dsv
[1.335s] -- Up-to-date: /home/eduard/Escritorio/Robokin/ROS/install/robokin_world/share/ament_index/resource_index/packages/robokin_world
[1.335s] -- Up-to-date: /home/eduard/Escritorio/Robokin/ROS/install/robokin_world/share/robokin_world/cmake/ament_cmake_export_include_directories-extras.cmake
[1.335s] -- Up-to-date: /home/eduard/Escritorio/Robokin/ROS/install/robokin_world/share/robokin_world/cmake/ament_cmake_export_dependencies-extras.cmake
[1.335s] -- Up-to-date: /home/eduard/Escritorio/Robokin/ROS/install/robokin_world/share/robokin_world/cmake/robokin_worldConfig.cmake
[1.336s] -- Up-to-date: /home/eduard/Escritorio/Robokin/ROS/install/robokin_world/share/robokin_world/cmake/robokin_worldConfig-version.cmake
[1.336s] -- Up-to-date: /home/eduard/Escritorio/Robokin/ROS/install/robokin_world/share/robokin_world/package.xml
[1.336s] Invoked command in '/home/eduard/Escritorio/Robokin/ROS/build/robokin_world' returned '0': CMAKE_PREFIX_PATH=${CMAKE_PREFIX_PATH}:/home/eduard/Escritorio/Robokin/ROS/install/robokin_publisher:/home/eduard/Escritorio/Robokin/ROS/install/robokin_nav_system:/home/eduard/turtlebot3_ws/install/show_msg:/home/eduard/turtlebot3_ws/install/provide_map:/home/eduard/turtlebot3_ws/install/my_nav2_system:/home/eduard/turtlebot3_ws/install/my_first_subscriber:/home/eduard/turtlebot3_ws/install/my_first_service:/home/eduard/turtlebot3_ws/install/my_first_publisher:/home/eduard/turtlebot3_ws/install/my_first_node:/home/eduard/turtlebot3_ws/install/my_first_action:/opt/ros/galactic /usr/bin/cmake --install /home/eduard/Escritorio/Robokin/ROS/build/robokin_world
