[2.719s] Invoking command in '/home/eduard/Escritorio/Robokin/ROS/robokin/robokin_publisher': PYTHONPATH=/home/eduard/Escritorio/Robokin/ROS/build/robokin_publisher/prefix_override:/home/eduard/Escritorio/Robokin/ROS/install/robokin_publisher/lib/python3.8/site-packages:${PYTHONPATH} /usr/bin/python3 setup.py egg_info --egg-base ../../build/robokin_publisher build --build-base /home/eduard/Escritorio/Robokin/ROS/build/robokin_publisher/build install --record /home/eduard/Escritorio/Robokin/ROS/build/robokin_publisher/install.log --single-version-externally-managed
[3.163s] running egg_info
[3.168s] writing ../../build/robokin_publisher/robokin_publisher.egg-info/PKG-INFO
[3.168s] writing dependency_links to ../../build/robokin_publisher/robokin_publisher.egg-info/dependency_links.txt
[3.168s] writing entry points to ../../build/robokin_publisher/robokin_publisher.egg-info/entry_points.txt
[3.168s] writing requirements to ../../build/robokin_publisher/robokin_publisher.egg-info/requires.txt
[3.169s] writing top-level names to ../../build/robokin_publisher/robokin_publisher.egg-info/top_level.txt
[3.228s] reading manifest file '../../build/robokin_publisher/robokin_publisher.egg-info/SOURCES.txt'
[3.230s] writing manifest file '../../build/robokin_publisher/robokin_publisher.egg-info/SOURCES.txt'
[3.230s] running build
[3.231s] running build_py
[3.231s] running install
[3.231s] running install_lib
[3.241s] running install_data
[3.242s] running install_egg_info
[3.242s] removing '/home/eduard/Escritorio/Robokin/ROS/install/robokin_publisher/lib/python3.8/site-packages/robokin_publisher-0.0.0-py3.8.egg-info' (and everything under it)
[3.255s] Copying ../../build/robokin_publisher/robokin_publisher.egg-info to /home/eduard/Escritorio/Robokin/ROS/install/robokin_publisher/lib/python3.8/site-packages/robokin_publisher-0.0.0-py3.8.egg-info
[3.256s] running install_scripts
[3.287s] Installing simple_publisher script to /home/eduard/Escritorio/Robokin/ROS/install/robokin_publisher/lib/robokin_publisher
[3.288s] writing list of installed files to '/home/eduard/Escritorio/Robokin/ROS/build/robokin_publisher/install.log'
[3.497s] Invoked command in '/home/eduard/Escritorio/Robokin/ROS/robokin/robokin_publisher' returned '0': PYTHONPATH=/home/eduard/Escritorio/Robokin/ROS/build/robokin_publisher/prefix_override:/home/eduard/Escritorio/Robokin/ROS/install/robokin_publisher/lib/python3.8/site-packages:${PYTHONPATH} /usr/bin/python3 setup.py egg_info --egg-base ../../build/robokin_publisher build --build-base /home/eduard/Escritorio/Robokin/ROS/build/robokin_publisher/build install --record /home/eduard/Escritorio/Robokin/ROS/build/robokin_publisher/install.log --single-version-externally-managed
