[0.282s] Invoking command in '/home/eduard/Escritorio/Robokin/ROS/build/robokin': AMENT_PREFIX_PATH=/home/eduard/Escritorio/Robokin/ROS/install/robokin_world:/home/eduard/Escritorio/Robokin/ROS/install/robokin_publisher:${AMENT_PREFIX_PATH} CMAKE_PREFIX_PATH=/home/eduard/Escritorio/Robokin/ROS/install/robokin_world:/home/eduard/turtlebot3_ws/install/turtlebot3_simulations:/home/eduard/turtlebot3_ws/install/my_world:/home/eduard/turtlebot3_ws/install/turtlebot3_gazebo:/home/eduard/turtlebot3_ws/install/turtlebot3_fake_node:/home/eduard/turtlebot3_ws/install/package_name:/home/eduard/turtlebot3_ws/install/custom_interface:/home/eduard/turtlebot3_ws/install/show_msg:/home/eduard/turtlebot3_ws/install/provide_map:/home/eduard/turtlebot3_ws/install/my_nav2_system:/home/eduard/turtlebot3_ws/install/my_first_subscriber:/home/eduard/turtlebot3_ws/install/my_first_service:/home/eduard/turtlebot3_ws/install/my_first_publisher:/home/eduard/turtlebot3_ws/install/my_first_node:/home/eduard/turtlebot3_ws/install/my_first_action:/opt/ros/galactic PYTHONPATH=/home/eduard/Escritorio/Robokin/ROS/install/robokin_publisher/lib/python3.8/site-packages:${PYTHONPATH} /usr/bin/cmake /home/eduard/Escritorio/Robokin/ROS/robokin/robokin -DCMAKE_INSTALL_PREFIX=/home/eduard/Escritorio/Robokin/ROS/install/robokin
[0.361s] -- The C compiler identification is GNU 9.4.0
[0.441s] -- The CXX compiler identification is GNU 9.4.0
[0.448s] -- Check for working C compiler: /usr/bin/cc
[0.551s] -- Check for working C compiler: /usr/bin/cc -- works
[0.553s] -- Detecting C compiler ABI info
[0.660s] -- Detecting C compiler ABI info - done
[0.676s] -- Detecting C compile features
[0.677s] -- Detecting C compile features - done
[0.681s] -- Check for working CXX compiler: /usr/bin/c++
[0.788s] -- Check for working CXX compiler: /usr/bin/c++ -- works
[0.790s] -- Detecting CXX compiler ABI info
[0.908s] -- Detecting CXX compiler ABI info - done
[0.926s] -- Detecting CXX compile features
[0.927s] -- Detecting CXX compile features - done
[0.931s] -- Found ament_cmake: 1.1.6 (/opt/ros/galactic/share/ament_cmake/cmake)
[0.968s] -- Found PythonInterp: /usr/bin/python3 (found suitable version "3.8.10", minimum required is "3") 
[0.968s] -- Using PYTHON_EXECUTABLE: /usr/bin/python3
[1.194s] -- Configuring done
[1.197s] -- Generating done
[1.198s] -- Build files have been written to: /home/eduard/Escritorio/Robokin/ROS/build/robokin
[1.203s] Invoked command in '/home/eduard/Escritorio/Robokin/ROS/build/robokin' returned '0': AMENT_PREFIX_PATH=/home/eduard/Escritorio/Robokin/ROS/install/robokin_world:/home/eduard/Escritorio/Robokin/ROS/install/robokin_publisher:${AMENT_PREFIX_PATH} CMAKE_PREFIX_PATH=/home/eduard/Escritorio/Robokin/ROS/install/robokin_world:/home/eduard/turtlebot3_ws/install/turtlebot3_simulations:/home/eduard/turtlebot3_ws/install/my_world:/home/eduard/turtlebot3_ws/install/turtlebot3_gazebo:/home/eduard/turtlebot3_ws/install/turtlebot3_fake_node:/home/eduard/turtlebot3_ws/install/package_name:/home/eduard/turtlebot3_ws/install/custom_interface:/home/eduard/turtlebot3_ws/install/show_msg:/home/eduard/turtlebot3_ws/install/provide_map:/home/eduard/turtlebot3_ws/install/my_nav2_system:/home/eduard/turtlebot3_ws/install/my_first_subscriber:/home/eduard/turtlebot3_ws/install/my_first_service:/home/eduard/turtlebot3_ws/install/my_first_publisher:/home/eduard/turtlebot3_ws/install/my_first_node:/home/eduard/turtlebot3_ws/install/my_first_action:/opt/ros/galactic PYTHONPATH=/home/eduard/Escritorio/Robokin/ROS/install/robokin_publisher/lib/python3.8/site-packages:${PYTHONPATH} /usr/bin/cmake /home/eduard/Escritorio/Robokin/ROS/robokin/robokin -DCMAKE_INSTALL_PREFIX=/home/eduard/Escritorio/Robokin/ROS/install/robokin
[1.207s] Invoking command in '/home/eduard/Escritorio/Robokin/ROS/build/robokin': AMENT_PREFIX_PATH=/home/eduard/Escritorio/Robokin/ROS/install/robokin_world:/home/eduard/Escritorio/Robokin/ROS/install/robokin_publisher:${AMENT_PREFIX_PATH} CMAKE_PREFIX_PATH=/home/eduard/Escritorio/Robokin/ROS/install/robokin_world:/home/eduard/turtlebot3_ws/install/turtlebot3_simulations:/home/eduard/turtlebot3_ws/install/my_world:/home/eduard/turtlebot3_ws/install/turtlebot3_gazebo:/home/eduard/turtlebot3_ws/install/turtlebot3_fake_node:/home/eduard/turtlebot3_ws/install/package_name:/home/eduard/turtlebot3_ws/install/custom_interface:/home/eduard/turtlebot3_ws/install/show_msg:/home/eduard/turtlebot3_ws/install/provide_map:/home/eduard/turtlebot3_ws/install/my_nav2_system:/home/eduard/turtlebot3_ws/install/my_first_subscriber:/home/eduard/turtlebot3_ws/install/my_first_service:/home/eduard/turtlebot3_ws/install/my_first_publisher:/home/eduard/turtlebot3_ws/install/my_first_node:/home/eduard/turtlebot3_ws/install/my_first_action:/opt/ros/galactic PYTHONPATH=/home/eduard/Escritorio/Robokin/ROS/install/robokin_publisher/lib/python3.8/site-packages:${PYTHONPATH} /usr/bin/cmake --build /home/eduard/Escritorio/Robokin/ROS/build/robokin -- -j2 -l2
[1.250s] Invoked command in '/home/eduard/Escritorio/Robokin/ROS/build/robokin' returned '0': AMENT_PREFIX_PATH=/home/eduard/Escritorio/Robokin/ROS/install/robokin_world:/home/eduard/Escritorio/Robokin/ROS/install/robokin_publisher:${AMENT_PREFIX_PATH} CMAKE_PREFIX_PATH=/home/eduard/Escritorio/Robokin/ROS/install/robokin_world:/home/eduard/turtlebot3_ws/install/turtlebot3_simulations:/home/eduard/turtlebot3_ws/install/my_world:/home/eduard/turtlebot3_ws/install/turtlebot3_gazebo:/home/eduard/turtlebot3_ws/install/turtlebot3_fake_node:/home/eduard/turtlebot3_ws/install/package_name:/home/eduard/turtlebot3_ws/install/custom_interface:/home/eduard/turtlebot3_ws/install/show_msg:/home/eduard/turtlebot3_ws/install/provide_map:/home/eduard/turtlebot3_ws/install/my_nav2_system:/home/eduard/turtlebot3_ws/install/my_first_subscriber:/home/eduard/turtlebot3_ws/install/my_first_service:/home/eduard/turtlebot3_ws/install/my_first_publisher:/home/eduard/turtlebot3_ws/install/my_first_node:/home/eduard/turtlebot3_ws/install/my_first_action:/opt/ros/galactic PYTHONPATH=/home/eduard/Escritorio/Robokin/ROS/install/robokin_publisher/lib/python3.8/site-packages:${PYTHONPATH} /usr/bin/cmake --build /home/eduard/Escritorio/Robokin/ROS/build/robokin -- -j2 -l2
[1.278s] Invoking command in '/home/eduard/Escritorio/Robokin/ROS/build/robokin': AMENT_PREFIX_PATH=/home/eduard/Escritorio/Robokin/ROS/install/robokin_world:/home/eduard/Escritorio/Robokin/ROS/install/robokin_publisher:${AMENT_PREFIX_PATH} CMAKE_PREFIX_PATH=/home/eduard/Escritorio/Robokin/ROS/install/robokin_world:/home/eduard/turtlebot3_ws/install/turtlebot3_simulations:/home/eduard/turtlebot3_ws/install/my_world:/home/eduard/turtlebot3_ws/install/turtlebot3_gazebo:/home/eduard/turtlebot3_ws/install/turtlebot3_fake_node:/home/eduard/turtlebot3_ws/install/package_name:/home/eduard/turtlebot3_ws/install/custom_interface:/home/eduard/turtlebot3_ws/install/show_msg:/home/eduard/turtlebot3_ws/install/provide_map:/home/eduard/turtlebot3_ws/install/my_nav2_system:/home/eduard/turtlebot3_ws/install/my_first_subscriber:/home/eduard/turtlebot3_ws/install/my_first_service:/home/eduard/turtlebot3_ws/install/my_first_publisher:/home/eduard/turtlebot3_ws/install/my_first_node:/home/eduard/turtlebot3_ws/install/my_first_action:/opt/ros/galactic PYTHONPATH=/home/eduard/Escritorio/Robokin/ROS/install/robokin_publisher/lib/python3.8/site-packages:${PYTHONPATH} /usr/bin/cmake --install /home/eduard/Escritorio/Robokin/ROS/build/robokin
[1.288s] -- Install configuration: ""
[1.288s] -- Installing: /home/eduard/Escritorio/Robokin/ROS/install/robokin/share/ament_index/resource_index/package_run_dependencies/robokin
[1.288s] -- Installing: /home/eduard/Escritorio/Robokin/ROS/install/robokin/share/ament_index/resource_index/parent_prefix_path/robokin
[1.289s] -- Installing: /home/eduard/Escritorio/Robokin/ROS/install/robokin/share/robokin/environment/ament_prefix_path.sh
[1.289s] -- Installing: /home/eduard/Escritorio/Robokin/ROS/install/robokin/share/robokin/environment/ament_prefix_path.dsv
[1.290s] -- Installing: /home/eduard/Escritorio/Robokin/ROS/install/robokin/share/robokin/environment/path.sh
[1.290s] -- Installing: /home/eduard/Escritorio/Robokin/ROS/install/robokin/share/robokin/environment/path.dsv
[1.290s] -- Installing: /home/eduard/Escritorio/Robokin/ROS/install/robokin/share/robokin/local_setup.bash
[1.291s] -- Installing: /home/eduard/Escritorio/Robokin/ROS/install/robokin/share/robokin/local_setup.sh
[1.291s] -- Installing: /home/eduard/Escritorio/Robokin/ROS/install/robokin/share/robokin/local_setup.zsh
[1.291s] -- Installing: /home/eduard/Escritorio/Robokin/ROS/install/robokin/share/robokin/local_setup.dsv
[1.292s] -- Installing: /home/eduard/Escritorio/Robokin/ROS/install/robokin/share/robokin/package.dsv
[1.292s] -- Installing: /home/eduard/Escritorio/Robokin/ROS/install/robokin/share/ament_index/resource_index/packages/robokin
[1.293s] -- Installing: /home/eduard/Escritorio/Robokin/ROS/install/robokin/share/robokin/cmake/robokinConfig.cmake
[1.293s] -- Installing: /home/eduard/Escritorio/Robokin/ROS/install/robokin/share/robokin/cmake/robokinConfig-version.cmake
[1.293s] -- Installing: /home/eduard/Escritorio/Robokin/ROS/install/robokin/share/robokin/package.xml
[1.318s] Invoked command in '/home/eduard/Escritorio/Robokin/ROS/build/robokin' returned '0': AMENT_PREFIX_PATH=/home/eduard/Escritorio/Robokin/ROS/install/robokin_world:/home/eduard/Escritorio/Robokin/ROS/install/robokin_publisher:${AMENT_PREFIX_PATH} CMAKE_PREFIX_PATH=/home/eduard/Escritorio/Robokin/ROS/install/robokin_world:/home/eduard/turtlebot3_ws/install/turtlebot3_simulations:/home/eduard/turtlebot3_ws/install/my_world:/home/eduard/turtlebot3_ws/install/turtlebot3_gazebo:/home/eduard/turtlebot3_ws/install/turtlebot3_fake_node:/home/eduard/turtlebot3_ws/install/package_name:/home/eduard/turtlebot3_ws/install/custom_interface:/home/eduard/turtlebot3_ws/install/show_msg:/home/eduard/turtlebot3_ws/install/provide_map:/home/eduard/turtlebot3_ws/install/my_nav2_system:/home/eduard/turtlebot3_ws/install/my_first_subscriber:/home/eduard/turtlebot3_ws/install/my_first_service:/home/eduard/turtlebot3_ws/install/my_first_publisher:/home/eduard/turtlebot3_ws/install/my_first_node:/home/eduard/turtlebot3_ws/install/my_first_action:/opt/ros/galactic PYTHONPATH=/home/eduard/Escritorio/Robokin/ROS/install/robokin_publisher/lib/python3.8/site-packages:${PYTHONPATH} /usr/bin/cmake --install /home/eduard/Escritorio/Robokin/ROS/build/robokin
