/home/eduard/Escritorio/Robokin/ROS/install/robokin_nav_system/lib/python3.8/site-packages/robokin_nav_system/initial_pose_pub.py
/home/eduard/Escritorio/Robokin/ROS/install/robokin_nav_system/lib/python3.8/site-packages/robokin_nav_system/navigate_to_pose.py
/home/eduard/Escritorio/Robokin/ROS/install/robokin_nav_system/lib/python3.8/site-packages/robokin_nav_system/__init__.py
/home/eduard/Escritorio/Robokin/ROS/install/robokin_nav_system/lib/python3.8/site-packages/robokin_nav_system/my_waypoint_follower.py
/home/eduard/Escritorio/Robokin/ROS/install/robokin_nav_system/lib/python3.8/site-packages/robokin_nav_system/__pycache__/initial_pose_pub.cpython-38.pyc
/home/eduard/Escritorio/Robokin/ROS/install/robokin_nav_system/lib/python3.8/site-packages/robokin_nav_system/__pycache__/navigate_to_pose.cpython-38.pyc
/home/eduard/Escritorio/Robokin/ROS/install/robokin_nav_system/lib/python3.8/site-packages/robokin_nav_system/__pycache__/__init__.cpython-38.pyc
/home/eduard/Escritorio/Robokin/ROS/install/robokin_nav_system/lib/python3.8/site-packages/robokin_nav_system/__pycache__/my_waypoint_follower.cpython-38.pyc
/home/eduard/Escritorio/Robokin/ROS/install/robokin_nav_system/share/ament_index/resource_index/packages/robokin_nav_system
/home/eduard/Escritorio/Robokin/ROS/install/robokin_nav_system/share/robokin_nav_system/package.xml
/home/eduard/Escritorio/Robokin/ROS/install/robokin_nav_system/share/robokin_nav_system/config/cafe.pgm
/home/eduard/Escritorio/Robokin/ROS/install/robokin_nav_system/share/robokin_nav_system/config/my_nav2_params.yaml
/home/eduard/Escritorio/Robokin/ROS/install/robokin_nav_system/share/robokin_nav_system/config/cafe.yaml
/home/eduard/Escritorio/Robokin/ROS/install/robokin_nav_system/share/robokin_nav_system/config/my_slam.rviz
/home/eduard/Escritorio/Robokin/ROS/install/robokin_nav_system/share/robokin_nav_system/launch/my_nav2_system.launch.py
/home/eduard/Escritorio/Robokin/ROS/install/robokin_nav_system/share/robokin_nav_system/launch/my_nav2_waypoints_follower.launch.py
/home/eduard/Escritorio/Robokin/ROS/install/robokin_nav_system/share/robokin_nav_system/launch/my_tb3_sim_nav2.launch.py
/home/eduard/Escritorio/Robokin/ROS/install/robokin_nav_system/share/robokin_nav_system/config
/home/eduard/Escritorio/Robokin/ROS/install/robokin_nav_system/share/robokin_nav_system/config/navigate_to_pose_w_replanning_and_recovery.xml
/home/eduard/Escritorio/Robokin/ROS/install/robokin_nav_system/lib/python3.8/site-packages/robokin_nav_system-0.0.0-py3.8.egg-info/SOURCES.txt
/home/eduard/Escritorio/Robokin/ROS/install/robokin_nav_system/lib/python3.8/site-packages/robokin_nav_system-0.0.0-py3.8.egg-info/entry_points.txt
/home/eduard/Escritorio/Robokin/ROS/install/robokin_nav_system/lib/python3.8/site-packages/robokin_nav_system-0.0.0-py3.8.egg-info/dependency_links.txt
/home/eduard/Escritorio/Robokin/ROS/install/robokin_nav_system/lib/python3.8/site-packages/robokin_nav_system-0.0.0-py3.8.egg-info/top_level.txt
/home/eduard/Escritorio/Robokin/ROS/install/robokin_nav_system/lib/python3.8/site-packages/robokin_nav_system-0.0.0-py3.8.egg-info/PKG-INFO
/home/eduard/Escritorio/Robokin/ROS/install/robokin_nav_system/lib/python3.8/site-packages/robokin_nav_system-0.0.0-py3.8.egg-info/zip-safe
/home/eduard/Escritorio/Robokin/ROS/install/robokin_nav_system/lib/python3.8/site-packages/robokin_nav_system-0.0.0-py3.8.egg-info/requires.txt
/home/eduard/Escritorio/Robokin/ROS/install/robokin_nav_system/lib/robokin_nav_system/initial_pose_pub
/home/eduard/Escritorio/Robokin/ROS/install/robokin_nav_system/lib/robokin_nav_system/my_waypoints_follower
/home/eduard/Escritorio/Robokin/ROS/install/robokin_nav_system/lib/robokin_nav_system/navigate_to_pose
