[3.790s] DEBUG:colcon:Command line arguments: ['/usr/bin/colcon', 'build']
[3.791s] DEBUG:colcon:Parsed command line arguments: Namespace(allow_overriding=[], ament_cmake_args=None, base_paths=['.'], build_base='build', catkin_cmake_args=None, catkin_skip_building_tests=False, cmake_args=None, cmake_clean_cache=False, cmake_clean_first=False, cmake_force_configure=False, cmake_target=None, cmake_target_skip_unavailable=False, continue_on_error=False, event_handlers=None, executor='parallel', ignore_user_meta=False, install_base='install', log_base=None, log_level=None, main=<bound method BuildVerb.main of <colcon_core.verb.build.BuildVerb object at 0x7f6335866820>>, merge_install=False, metas=['./colcon.meta'], packages_above=None, packages_above_and_dependencies=None, packages_above_depth=None, packages_end=None, packages_ignore=None, packages_ignore_regex=None, packages_select=None, packages_select_build_failed=False, packages_select_by_dep=None, packages_select_regex=None, packages_select_test_failures=False, packages_skip=None, packages_skip_build_finished=False, packages_skip_by_dep=None, packages_skip_regex=None, packages_skip_test_passed=False, packages_skip_up_to=None, packages_start=None, packages_up_to=None, packages_up_to_regex=None, parallel_workers=2, paths=None, symlink_install=False, test_result_base=None, verb_extension=<colcon_core.verb.build.BuildVerb object at 0x7f6335866820>, verb_name='build', verb_parser=<colcon_defaults.argument_parser.defaults.DefaultArgumentsDecorator object at 0x7f63353cc970>)
[3.950s] Level 1:colcon.colcon_core.package_discovery:discover_packages(colcon_meta) check parameters
[3.951s] Level 1:colcon.colcon_core.package_discovery:discover_packages(recursive) check parameters
[3.951s] Level 1:colcon.colcon_core.package_discovery:discover_packages(ignore) check parameters
[3.951s] Level 1:colcon.colcon_core.package_discovery:discover_packages(path) check parameters
[3.951s] Level 1:colcon.colcon_core.package_discovery:discover_packages(colcon_meta) discover
[3.951s] Level 1:colcon.colcon_core.package_discovery:discover_packages(recursive) discover
[3.951s] INFO:colcon.colcon_core.package_discovery:Crawling recursively for packages in '/home/eduard/Escritorio/Robokin/ROS'
[3.952s] Level 1:colcon.colcon_core.package_identification:_identify(.) by extensions ['ignore', 'ignore_ament_install']
[3.952s] Level 1:colcon.colcon_core.package_identification:_identify(.) by extension 'ignore'
[3.952s] Level 1:colcon.colcon_core.package_identification:_identify(.) by extension 'ignore_ament_install'
[3.952s] Level 1:colcon.colcon_core.package_identification:_identify(.) by extensions ['colcon_pkg']
[3.952s] Level 1:colcon.colcon_core.package_identification:_identify(.) by extension 'colcon_pkg'
[3.952s] Level 1:colcon.colcon_core.package_identification:_identify(.) by extensions ['colcon_meta']
[3.952s] Level 1:colcon.colcon_core.package_identification:_identify(.) by extension 'colcon_meta'
[3.952s] Level 1:colcon.colcon_core.package_identification:_identify(.) by extensions ['ros']
[3.952s] Level 1:colcon.colcon_core.package_identification:_identify(.) by extension 'ros'
[3.970s] Level 1:colcon.colcon_core.package_identification:_identify(.) by extensions ['cmake', 'python']
[3.970s] Level 1:colcon.colcon_core.package_identification:_identify(.) by extension 'cmake'
[3.970s] Level 1:colcon.colcon_core.package_identification:_identify(.) by extension 'python'
[3.970s] Level 1:colcon.colcon_core.package_identification:_identify(.) by extensions ['python_setup_py']
[3.970s] Level 1:colcon.colcon_core.package_identification:_identify(.) by extension 'python_setup_py'
[3.971s] Level 1:colcon.colcon_core.package_identification:_identify(build) by extensions ['ignore', 'ignore_ament_install']
[3.971s] Level 1:colcon.colcon_core.package_identification:_identify(build) by extension 'ignore'
[3.971s] Level 1:colcon.colcon_core.package_identification:_identify(build) ignored
[3.972s] Level 1:colcon.colcon_core.package_identification:_identify(install) by extensions ['ignore', 'ignore_ament_install']
[3.972s] Level 1:colcon.colcon_core.package_identification:_identify(install) by extension 'ignore'
[3.972s] Level 1:colcon.colcon_core.package_identification:_identify(install) ignored
[3.972s] Level 1:colcon.colcon_core.package_identification:_identify(log) by extensions ['ignore', 'ignore_ament_install']
[3.972s] Level 1:colcon.colcon_core.package_identification:_identify(log) by extension 'ignore'
[3.972s] Level 1:colcon.colcon_core.package_identification:_identify(log) ignored
[3.972s] Level 1:colcon.colcon_core.package_identification:_identify(robokin) by extensions ['ignore', 'ignore_ament_install']
[3.972s] Level 1:colcon.colcon_core.package_identification:_identify(robokin) by extension 'ignore'
[3.972s] Level 1:colcon.colcon_core.package_identification:_identify(robokin) by extension 'ignore_ament_install'
[3.973s] Level 1:colcon.colcon_core.package_identification:_identify(robokin) by extensions ['colcon_pkg']
[3.973s] Level 1:colcon.colcon_core.package_identification:_identify(robokin) by extension 'colcon_pkg'
[3.973s] Level 1:colcon.colcon_core.package_identification:_identify(robokin) by extensions ['colcon_meta']
[3.973s] Level 1:colcon.colcon_core.package_identification:_identify(robokin) by extension 'colcon_meta'
[3.973s] Level 1:colcon.colcon_core.package_identification:_identify(robokin) by extensions ['ros']
[3.973s] Level 1:colcon.colcon_core.package_identification:_identify(robokin) by extension 'ros'
[3.973s] Level 1:colcon.colcon_core.package_identification:_identify(robokin) by extensions ['cmake', 'python']
[3.973s] Level 1:colcon.colcon_core.package_identification:_identify(robokin) by extension 'cmake'
[3.973s] Level 1:colcon.colcon_core.package_identification:_identify(robokin) by extension 'python'
[3.973s] Level 1:colcon.colcon_core.package_identification:_identify(robokin) by extensions ['python_setup_py']
[3.973s] Level 1:colcon.colcon_core.package_identification:_identify(robokin) by extension 'python_setup_py'
[3.974s] Level 1:colcon.colcon_core.package_identification:_identify(robokin/robokin) by extensions ['ignore', 'ignore_ament_install']
[3.974s] Level 1:colcon.colcon_core.package_identification:_identify(robokin/robokin) by extension 'ignore'
[3.974s] Level 1:colcon.colcon_core.package_identification:_identify(robokin/robokin) by extension 'ignore_ament_install'
[3.974s] Level 1:colcon.colcon_core.package_identification:_identify(robokin/robokin) by extensions ['colcon_pkg']
[3.974s] Level 1:colcon.colcon_core.package_identification:_identify(robokin/robokin) by extension 'colcon_pkg'
[3.974s] Level 1:colcon.colcon_core.package_identification:_identify(robokin/robokin) by extensions ['colcon_meta']
[3.974s] Level 1:colcon.colcon_core.package_identification:_identify(robokin/robokin) by extension 'colcon_meta'
[3.974s] Level 1:colcon.colcon_core.package_identification:_identify(robokin/robokin) by extensions ['ros']
[3.974s] Level 1:colcon.colcon_core.package_identification:_identify(robokin/robokin) by extension 'ros'
[3.981s] DEBUG:colcon.colcon_core.package_identification:Package 'robokin/robokin' with type 'ros.ament_cmake' and name 'robokin'
[3.982s] Level 1:colcon.colcon_core.package_identification:_identify(robokin/robokin_nav_system) by extensions ['ignore', 'ignore_ament_install']
[3.982s] Level 1:colcon.colcon_core.package_identification:_identify(robokin/robokin_nav_system) by extension 'ignore'
[3.983s] Level 1:colcon.colcon_core.package_identification:_identify(robokin/robokin_nav_system) by extension 'ignore_ament_install'
[3.983s] Level 1:colcon.colcon_core.package_identification:_identify(robokin/robokin_nav_system) by extensions ['colcon_pkg']
[3.983s] Level 1:colcon.colcon_core.package_identification:_identify(robokin/robokin_nav_system) by extension 'colcon_pkg'
[3.983s] Level 1:colcon.colcon_core.package_identification:_identify(robokin/robokin_nav_system) by extensions ['colcon_meta']
[3.983s] Level 1:colcon.colcon_core.package_identification:_identify(robokin/robokin_nav_system) by extension 'colcon_meta'
[3.983s] Level 1:colcon.colcon_core.package_identification:_identify(robokin/robokin_nav_system) by extensions ['ros']
[3.983s] Level 1:colcon.colcon_core.package_identification:_identify(robokin/robokin_nav_system) by extension 'ros'
[3.984s] DEBUG:colcon.colcon_core.package_identification:Package 'robokin/robokin_nav_system' with type 'ros.ament_python' and name 'robokin_nav_system'
[3.984s] Level 1:colcon.colcon_core.package_identification:_identify(robokin/robokin_publisher) by extensions ['ignore', 'ignore_ament_install']
[3.984s] Level 1:colcon.colcon_core.package_identification:_identify(robokin/robokin_publisher) by extension 'ignore'
[3.984s] Level 1:colcon.colcon_core.package_identification:_identify(robokin/robokin_publisher) by extension 'ignore_ament_install'
[3.984s] Level 1:colcon.colcon_core.package_identification:_identify(robokin/robokin_publisher) by extensions ['colcon_pkg']
[3.984s] Level 1:colcon.colcon_core.package_identification:_identify(robokin/robokin_publisher) by extension 'colcon_pkg'
[3.984s] Level 1:colcon.colcon_core.package_identification:_identify(robokin/robokin_publisher) by extensions ['colcon_meta']
[3.984s] Level 1:colcon.colcon_core.package_identification:_identify(robokin/robokin_publisher) by extension 'colcon_meta'
[3.984s] Level 1:colcon.colcon_core.package_identification:_identify(robokin/robokin_publisher) by extensions ['ros']
[3.985s] Level 1:colcon.colcon_core.package_identification:_identify(robokin/robokin_publisher) by extension 'ros'
[3.986s] DEBUG:colcon.colcon_core.package_identification:Package 'robokin/robokin_publisher' with type 'ros.ament_python' and name 'robokin_publisher'
[3.986s] Level 1:colcon.colcon_core.package_identification:_identify(robokin/robokin_world) by extensions ['ignore', 'ignore_ament_install']
[3.986s] Level 1:colcon.colcon_core.package_identification:_identify(robokin/robokin_world) by extension 'ignore'
[3.986s] Level 1:colcon.colcon_core.package_identification:_identify(robokin/robokin_world) by extension 'ignore_ament_install'
[3.986s] Level 1:colcon.colcon_core.package_identification:_identify(robokin/robokin_world) by extensions ['colcon_pkg']
[3.986s] Level 1:colcon.colcon_core.package_identification:_identify(robokin/robokin_world) by extension 'colcon_pkg'
[3.986s] Level 1:colcon.colcon_core.package_identification:_identify(robokin/robokin_world) by extensions ['colcon_meta']
[3.986s] Level 1:colcon.colcon_core.package_identification:_identify(robokin/robokin_world) by extension 'colcon_meta'
[3.986s] Level 1:colcon.colcon_core.package_identification:_identify(robokin/robokin_world) by extensions ['ros']
[3.986s] Level 1:colcon.colcon_core.package_identification:_identify(robokin/robokin_world) by extension 'ros'
[3.988s] DEBUG:colcon.colcon_core.package_identification:Package 'robokin/robokin_world' with type 'ros.ament_cmake' and name 'robokin_world'
[3.988s] Level 1:colcon.colcon_core.package_discovery:discover_packages(recursive) using defaults
[3.988s] Level 1:colcon.colcon_core.package_discovery:discover_packages(ignore) discover
[3.988s] Level 1:colcon.colcon_core.package_discovery:discover_packages(ignore) using defaults
[3.988s] Level 1:colcon.colcon_core.package_discovery:discover_packages(path) discover
[3.988s] Level 1:colcon.colcon_core.package_discovery:discover_packages(path) using defaults
[4.322s] Level 1:colcon.colcon_core.package_discovery:discover_packages(prefix_path) check parameters
[4.322s] Level 1:colcon.colcon_core.package_discovery:discover_packages(prefix_path) discover
[4.448s] DEBUG:colcon.colcon_installed_package_information.package_discovery:Found 4 installed packages in /home/eduard/Escritorio/Robokin/ROS/install
[4.527s] DEBUG:colcon.colcon_installed_package_information.package_discovery:Found 14 installed packages in /home/eduard/turtlebot3_ws/install
[4.593s] DEBUG:colcon.colcon_installed_package_information.package_discovery:Found 336 installed packages in /opt/ros/galactic
[4.596s] Level 1:colcon.colcon_core.package_discovery:discover_packages(prefix_path) using defaults
[4.833s] Level 5:colcon.colcon_core.verb:set package 'robokin_nav_system' build argument 'cmake_args' from command line to 'None'
[4.833s] Level 5:colcon.colcon_core.verb:set package 'robokin_nav_system' build argument 'cmake_target' from command line to 'None'
[4.833s] Level 5:colcon.colcon_core.verb:set package 'robokin_nav_system' build argument 'cmake_target_skip_unavailable' from command line to 'False'
[4.833s] Level 5:colcon.colcon_core.verb:set package 'robokin_nav_system' build argument 'cmake_clean_cache' from command line to 'False'
[4.833s] Level 5:colcon.colcon_core.verb:set package 'robokin_nav_system' build argument 'cmake_clean_first' from command line to 'False'
[4.833s] Level 5:colcon.colcon_core.verb:set package 'robokin_nav_system' build argument 'cmake_force_configure' from command line to 'False'
[4.833s] Level 5:colcon.colcon_core.verb:set package 'robokin_nav_system' build argument 'ament_cmake_args' from command line to 'None'
[4.834s] Level 5:colcon.colcon_core.verb:set package 'robokin_nav_system' build argument 'catkin_cmake_args' from command line to 'None'
[4.834s] Level 5:colcon.colcon_core.verb:set package 'robokin_nav_system' build argument 'catkin_skip_building_tests' from command line to 'False'
[4.834s] DEBUG:colcon.colcon_core.verb:Building package 'robokin_nav_system' with the following arguments: {'ament_cmake_args': None, 'build_base': '/home/eduard/Escritorio/Robokin/ROS/build/robokin_nav_system', 'catkin_cmake_args': None, 'catkin_skip_building_tests': False, 'cmake_args': None, 'cmake_clean_cache': False, 'cmake_clean_first': False, 'cmake_force_configure': False, 'cmake_target': None, 'cmake_target_skip_unavailable': False, 'install_base': '/home/eduard/Escritorio/Robokin/ROS/install/robokin_nav_system', 'merge_install': False, 'path': '/home/eduard/Escritorio/Robokin/ROS/robokin/robokin_nav_system', 'symlink_install': False, 'test_result_base': None}
[4.894s] Level 5:colcon.colcon_core.verb:set package 'robokin_publisher' build argument 'cmake_args' from command line to 'None'
[4.895s] Level 5:colcon.colcon_core.verb:set package 'robokin_publisher' build argument 'cmake_target' from command line to 'None'
[4.895s] Level 5:colcon.colcon_core.verb:set package 'robokin_publisher' build argument 'cmake_target_skip_unavailable' from command line to 'False'
[4.895s] Level 5:colcon.colcon_core.verb:set package 'robokin_publisher' build argument 'cmake_clean_cache' from command line to 'False'
[4.895s] Level 5:colcon.colcon_core.verb:set package 'robokin_publisher' build argument 'cmake_clean_first' from command line to 'False'
[4.895s] Level 5:colcon.colcon_core.verb:set package 'robokin_publisher' build argument 'cmake_force_configure' from command line to 'False'
[4.895s] Level 5:colcon.colcon_core.verb:set package 'robokin_publisher' build argument 'ament_cmake_args' from command line to 'None'
[4.895s] Level 5:colcon.colcon_core.verb:set package 'robokin_publisher' build argument 'catkin_cmake_args' from command line to 'None'
[4.895s] Level 5:colcon.colcon_core.verb:set package 'robokin_publisher' build argument 'catkin_skip_building_tests' from command line to 'False'
[4.895s] DEBUG:colcon.colcon_core.verb:Building package 'robokin_publisher' with the following arguments: {'ament_cmake_args': None, 'build_base': '/home/eduard/Escritorio/Robokin/ROS/build/robokin_publisher', 'catkin_cmake_args': None, 'catkin_skip_building_tests': False, 'cmake_args': None, 'cmake_clean_cache': False, 'cmake_clean_first': False, 'cmake_force_configure': False, 'cmake_target': None, 'cmake_target_skip_unavailable': False, 'install_base': '/home/eduard/Escritorio/Robokin/ROS/install/robokin_publisher', 'merge_install': False, 'path': '/home/eduard/Escritorio/Robokin/ROS/robokin/robokin_publisher', 'symlink_install': False, 'test_result_base': None}
[4.954s] Level 5:colcon.colcon_core.verb:set package 'robokin_world' build argument 'cmake_args' from command line to 'None'
[4.954s] Level 5:colcon.colcon_core.verb:set package 'robokin_world' build argument 'cmake_target' from command line to 'None'
[4.954s] Level 5:colcon.colcon_core.verb:set package 'robokin_world' build argument 'cmake_target_skip_unavailable' from command line to 'False'
[4.954s] Level 5:colcon.colcon_core.verb:set package 'robokin_world' build argument 'cmake_clean_cache' from command line to 'False'
[4.954s] Level 5:colcon.colcon_core.verb:set package 'robokin_world' build argument 'cmake_clean_first' from command line to 'False'
[4.955s] Level 5:colcon.colcon_core.verb:set package 'robokin_world' build argument 'cmake_force_configure' from command line to 'False'
[4.955s] Level 5:colcon.colcon_core.verb:set package 'robokin_world' build argument 'ament_cmake_args' from command line to 'None'
[4.955s] Level 5:colcon.colcon_core.verb:set package 'robokin_world' build argument 'catkin_cmake_args' from command line to 'None'
[4.955s] Level 5:colcon.colcon_core.verb:set package 'robokin_world' build argument 'catkin_skip_building_tests' from command line to 'False'
[4.955s] DEBUG:colcon.colcon_core.verb:Building package 'robokin_world' with the following arguments: {'ament_cmake_args': None, 'build_base': '/home/eduard/Escritorio/Robokin/ROS/build/robokin_world', 'catkin_cmake_args': None, 'catkin_skip_building_tests': False, 'cmake_args': None, 'cmake_clean_cache': False, 'cmake_clean_first': False, 'cmake_force_configure': False, 'cmake_target': None, 'cmake_target_skip_unavailable': False, 'install_base': '/home/eduard/Escritorio/Robokin/ROS/install/robokin_world', 'merge_install': False, 'path': '/home/eduard/Escritorio/Robokin/ROS/robokin/robokin_world', 'symlink_install': False, 'test_result_base': None}
[5.012s] Level 5:colcon.colcon_core.verb:set package 'robokin' build argument 'cmake_args' from command line to 'None'
[5.012s] Level 5:colcon.colcon_core.verb:set package 'robokin' build argument 'cmake_target' from command line to 'None'
[5.012s] Level 5:colcon.colcon_core.verb:set package 'robokin' build argument 'cmake_target_skip_unavailable' from command line to 'False'
[5.012s] Level 5:colcon.colcon_core.verb:set package 'robokin' build argument 'cmake_clean_cache' from command line to 'False'
[5.012s] Level 5:colcon.colcon_core.verb:set package 'robokin' build argument 'cmake_clean_first' from command line to 'False'
[5.012s] Level 5:colcon.colcon_core.verb:set package 'robokin' build argument 'cmake_force_configure' from command line to 'False'
[5.012s] Level 5:colcon.colcon_core.verb:set package 'robokin' build argument 'ament_cmake_args' from command line to 'None'
[5.012s] Level 5:colcon.colcon_core.verb:set package 'robokin' build argument 'catkin_cmake_args' from command line to 'None'
[5.012s] Level 5:colcon.colcon_core.verb:set package 'robokin' build argument 'catkin_skip_building_tests' from command line to 'False'
[5.012s] DEBUG:colcon.colcon_core.verb:Building package 'robokin' with the following arguments: {'ament_cmake_args': None, 'build_base': '/home/eduard/Escritorio/Robokin/ROS/build/robokin', 'catkin_cmake_args': None, 'catkin_skip_building_tests': False, 'cmake_args': None, 'cmake_clean_cache': False, 'cmake_clean_first': False, 'cmake_force_configure': False, 'cmake_target': None, 'cmake_target_skip_unavailable': False, 'install_base': '/home/eduard/Escritorio/Robokin/ROS/install/robokin', 'merge_install': False, 'path': '/home/eduard/Escritorio/Robokin/ROS/robokin/robokin', 'symlink_install': False, 'test_result_base': None}
[5.068s] INFO:colcon.colcon_core.executor:Executing jobs using 'parallel' executor
[5.151s] DEBUG:colcon.colcon_parallel_executor.executor.parallel:run_until_complete
[5.151s] INFO:colcon.colcon_ros.task.ament_python.build:Building ROS package in '/home/eduard/Escritorio/Robokin/ROS/robokin/robokin_publisher' with build type 'ament_python'
[5.151s] Level 1:colcon.colcon_core.shell:create_environment_hook('robokin_publisher', 'ament_prefix_path')
[5.211s] INFO:colcon.colcon_core.plugin_system:Skipping extension 'colcon_core.shell.bat': Not used on non-Windows systems
[5.212s] INFO:colcon.colcon_core.shell:Creating environment hook '/home/eduard/Escritorio/Robokin/ROS/install/robokin_publisher/share/robokin_publisher/hook/ament_prefix_path.ps1'
[5.213s] INFO:colcon.colcon_core.shell:Creating environment descriptor '/home/eduard/Escritorio/Robokin/ROS/install/robokin_publisher/share/robokin_publisher/hook/ament_prefix_path.dsv'
[5.214s] INFO:colcon.colcon_core.shell:Creating environment hook '/home/eduard/Escritorio/Robokin/ROS/install/robokin_publisher/share/robokin_publisher/hook/ament_prefix_path.sh'
[5.277s] INFO:colcon.colcon_core.shell:Skip shell extension 'powershell' for command environment: Not usable outside of PowerShell
[5.278s] DEBUG:colcon.colcon_core.shell:Skip shell extension 'dsv' for command environment
[5.525s] INFO:colcon.colcon_ros.task.ament_cmake.build:Building ROS package in '/home/eduard/Escritorio/Robokin/ROS/robokin/robokin_world' with build type 'ament_cmake'
[5.526s] INFO:colcon.colcon_cmake.task.cmake.build:Building CMake package in '/home/eduard/Escritorio/Robokin/ROS/robokin/robokin_world'
[5.601s] INFO:colcon.colcon_core.shell:Skip shell extension 'powershell' for command environment: Not usable outside of PowerShell
[5.601s] DEBUG:colcon.colcon_core.shell:Skip shell extension 'dsv' for command environment
[6.250s] INFO:colcon.colcon_core.task.python.build:Building Python package in '/home/eduard/Escritorio/Robokin/ROS/robokin/robokin_publisher'
[6.312s] INFO:colcon.colcon_core.shell:Skip shell extension 'powershell' for command environment: Not usable outside of PowerShell
[6.313s] DEBUG:colcon.colcon_core.shell:Skip shell extension 'dsv' for command environment
[6.567s] DEBUG:colcon.colcon_core.event_handler.log_command:Invoking command in '/home/eduard/Escritorio/Robokin/ROS/build/robokin_world': CMAKE_PREFIX_PATH=${CMAKE_PREFIX_PATH}:/home/eduard/Escritorio/Robokin/ROS/install/robokin_publisher:/home/eduard/Escritorio/Robokin/ROS/install/robokin_nav_system:/home/eduard/turtlebot3_ws/install/show_msg:/home/eduard/turtlebot3_ws/install/provide_map:/home/eduard/turtlebot3_ws/install/my_nav2_system:/home/eduard/turtlebot3_ws/install/my_first_subscriber:/home/eduard/turtlebot3_ws/install/my_first_service:/home/eduard/turtlebot3_ws/install/my_first_publisher:/home/eduard/turtlebot3_ws/install/my_first_node:/home/eduard/turtlebot3_ws/install/my_first_action:/opt/ros/galactic /usr/bin/cmake --build /home/eduard/Escritorio/Robokin/ROS/build/robokin_world -- -j2 -l2
[6.677s] DEBUG:colcon.colcon_core.event_handler.log_command:Invoked command in '/home/eduard/Escritorio/Robokin/ROS/build/robokin_world' returned '0': CMAKE_PREFIX_PATH=${CMAKE_PREFIX_PATH}:/home/eduard/Escritorio/Robokin/ROS/install/robokin_publisher:/home/eduard/Escritorio/Robokin/ROS/install/robokin_nav_system:/home/eduard/turtlebot3_ws/install/show_msg:/home/eduard/turtlebot3_ws/install/provide_map:/home/eduard/turtlebot3_ws/install/my_nav2_system:/home/eduard/turtlebot3_ws/install/my_first_subscriber:/home/eduard/turtlebot3_ws/install/my_first_service:/home/eduard/turtlebot3_ws/install/my_first_publisher:/home/eduard/turtlebot3_ws/install/my_first_node:/home/eduard/turtlebot3_ws/install/my_first_action:/opt/ros/galactic /usr/bin/cmake --build /home/eduard/Escritorio/Robokin/ROS/build/robokin_world -- -j2 -l2
[6.739s] DEBUG:colcon.colcon_core.event_handler.log_command:Invoking command in '/home/eduard/Escritorio/Robokin/ROS/build/robokin_world': CMAKE_PREFIX_PATH=${CMAKE_PREFIX_PATH}:/home/eduard/Escritorio/Robokin/ROS/install/robokin_publisher:/home/eduard/Escritorio/Robokin/ROS/install/robokin_nav_system:/home/eduard/turtlebot3_ws/install/show_msg:/home/eduard/turtlebot3_ws/install/provide_map:/home/eduard/turtlebot3_ws/install/my_nav2_system:/home/eduard/turtlebot3_ws/install/my_first_subscriber:/home/eduard/turtlebot3_ws/install/my_first_service:/home/eduard/turtlebot3_ws/install/my_first_publisher:/home/eduard/turtlebot3_ws/install/my_first_node:/home/eduard/turtlebot3_ws/install/my_first_action:/opt/ros/galactic /usr/bin/cmake --install /home/eduard/Escritorio/Robokin/ROS/build/robokin_world
[6.779s] Level 1:colcon.colcon_core.environment:create_environment_scripts_only(robokin_world)
[6.862s] DEBUG:colcon.colcon_core.event_handler.log_command:Invoked command in '/home/eduard/Escritorio/Robokin/ROS/build/robokin_world' returned '0': CMAKE_PREFIX_PATH=${CMAKE_PREFIX_PATH}:/home/eduard/Escritorio/Robokin/ROS/install/robokin_publisher:/home/eduard/Escritorio/Robokin/ROS/install/robokin_nav_system:/home/eduard/turtlebot3_ws/install/show_msg:/home/eduard/turtlebot3_ws/install/provide_map:/home/eduard/turtlebot3_ws/install/my_nav2_system:/home/eduard/turtlebot3_ws/install/my_first_subscriber:/home/eduard/turtlebot3_ws/install/my_first_service:/home/eduard/turtlebot3_ws/install/my_first_publisher:/home/eduard/turtlebot3_ws/install/my_first_node:/home/eduard/turtlebot3_ws/install/my_first_action:/opt/ros/galactic /usr/bin/cmake --install /home/eduard/Escritorio/Robokin/ROS/build/robokin_world
[6.884s] Level 1:colcon.colcon_core.environment:checking '/home/eduard/Escritorio/Robokin/ROS/install/robokin_world' for CMake module files
[6.885s] Level 1:colcon.colcon_core.environment:checking '/home/eduard/Escritorio/Robokin/ROS/install/robokin_world' for CMake config files
[6.886s] Level 1:colcon.colcon_core.shell:create_environment_hook('robokin_world', 'cmake_prefix_path')
[6.951s] INFO:colcon.colcon_core.shell:Creating environment hook '/home/eduard/Escritorio/Robokin/ROS/install/robokin_world/share/robokin_world/hook/cmake_prefix_path.ps1'
[6.952s] INFO:colcon.colcon_core.shell:Creating environment descriptor '/home/eduard/Escritorio/Robokin/ROS/install/robokin_world/share/robokin_world/hook/cmake_prefix_path.dsv'
[6.953s] INFO:colcon.colcon_core.shell:Creating environment hook '/home/eduard/Escritorio/Robokin/ROS/install/robokin_world/share/robokin_world/hook/cmake_prefix_path.sh'
[6.954s] Level 1:colcon.colcon_core.environment:checking '/home/eduard/Escritorio/Robokin/ROS/install/robokin_world/lib'
[6.954s] Level 1:colcon.colcon_core.environment:checking '/home/eduard/Escritorio/Robokin/ROS/install/robokin_world/bin'
[6.955s] Level 1:colcon.colcon_core.environment:checking '/home/eduard/Escritorio/Robokin/ROS/install/robokin_world/lib/pkgconfig/robokin_world.pc'
[6.955s] Level 1:colcon.colcon_core.environment:checking '/home/eduard/Escritorio/Robokin/ROS/install/robokin_world/lib/python3.8/site-packages'
[6.955s] Level 1:colcon.colcon_core.environment:checking '/home/eduard/Escritorio/Robokin/ROS/install/robokin_world/bin'
[7.015s] INFO:colcon.colcon_core.shell:Creating package script '/home/eduard/Escritorio/Robokin/ROS/install/robokin_world/share/robokin_world/package.ps1'
[7.018s] INFO:colcon.colcon_core.shell:Creating package descriptor '/home/eduard/Escritorio/Robokin/ROS/install/robokin_world/share/robokin_world/package.dsv'
[7.019s] INFO:colcon.colcon_core.shell:Creating package script '/home/eduard/Escritorio/Robokin/ROS/install/robokin_world/share/robokin_world/package.sh'
[7.030s] INFO:colcon.colcon_core.shell:Creating package script '/home/eduard/Escritorio/Robokin/ROS/install/robokin_world/share/robokin_world/package.bash'
[7.032s] INFO:colcon.colcon_core.shell:Creating package script '/home/eduard/Escritorio/Robokin/ROS/install/robokin_world/share/robokin_world/package.zsh'
[7.033s] Level 1:colcon.colcon_core.environment:create_file_with_runtime_dependencies(/home/eduard/Escritorio/Robokin/ROS/install/robokin_world/share/colcon-core/packages/robokin_world)
[7.139s] Level 1:colcon.colcon_core.environment:create_environment_scripts_only(robokin_world)
[7.233s] Level 1:colcon.colcon_core.environment:checking '/home/eduard/Escritorio/Robokin/ROS/install/robokin_world' for CMake module files
[7.234s] Level 1:colcon.colcon_core.environment:checking '/home/eduard/Escritorio/Robokin/ROS/install/robokin_world' for CMake config files
[7.234s] Level 1:colcon.colcon_core.shell:create_environment_hook('robokin_world', 'cmake_prefix_path')
[7.292s] INFO:colcon.colcon_core.shell:Creating environment hook '/home/eduard/Escritorio/Robokin/ROS/install/robokin_world/share/robokin_world/hook/cmake_prefix_path.ps1'
[7.295s] INFO:colcon.colcon_core.shell:Creating environment descriptor '/home/eduard/Escritorio/Robokin/ROS/install/robokin_world/share/robokin_world/hook/cmake_prefix_path.dsv'
[7.296s] INFO:colcon.colcon_core.shell:Creating environment hook '/home/eduard/Escritorio/Robokin/ROS/install/robokin_world/share/robokin_world/hook/cmake_prefix_path.sh'
[7.298s] Level 1:colcon.colcon_core.environment:checking '/home/eduard/Escritorio/Robokin/ROS/install/robokin_world/lib'
[7.298s] Level 1:colcon.colcon_core.environment:checking '/home/eduard/Escritorio/Robokin/ROS/install/robokin_world/bin'
[7.298s] Level 1:colcon.colcon_core.environment:checking '/home/eduard/Escritorio/Robokin/ROS/install/robokin_world/lib/pkgconfig/robokin_world.pc'
[7.298s] Level 1:colcon.colcon_core.environment:checking '/home/eduard/Escritorio/Robokin/ROS/install/robokin_world/lib/python3.8/site-packages'
[7.299s] Level 1:colcon.colcon_core.environment:checking '/home/eduard/Escritorio/Robokin/ROS/install/robokin_world/bin'
[7.369s] INFO:colcon.colcon_core.shell:Creating package script '/home/eduard/Escritorio/Robokin/ROS/install/robokin_world/share/robokin_world/package.ps1'
[7.371s] INFO:colcon.colcon_core.shell:Creating package descriptor '/home/eduard/Escritorio/Robokin/ROS/install/robokin_world/share/robokin_world/package.dsv'
[7.371s] INFO:colcon.colcon_core.shell:Creating package script '/home/eduard/Escritorio/Robokin/ROS/install/robokin_world/share/robokin_world/package.sh'
[7.372s] INFO:colcon.colcon_core.shell:Creating package script '/home/eduard/Escritorio/Robokin/ROS/install/robokin_world/share/robokin_world/package.bash'
[7.373s] INFO:colcon.colcon_core.shell:Creating package script '/home/eduard/Escritorio/Robokin/ROS/install/robokin_world/share/robokin_world/package.zsh'
[7.373s] Level 1:colcon.colcon_core.environment:create_file_with_runtime_dependencies(/home/eduard/Escritorio/Robokin/ROS/install/robokin_world/share/colcon-core/packages/robokin_world)
[7.374s] INFO:colcon.colcon_ros.task.ament_python.build:Building ROS package in '/home/eduard/Escritorio/Robokin/ROS/robokin/robokin_nav_system' with build type 'ament_python'
[7.375s] Level 1:colcon.colcon_core.shell:create_environment_hook('robokin_nav_system', 'ament_prefix_path')
[7.453s] INFO:colcon.colcon_core.shell:Creating environment hook '/home/eduard/Escritorio/Robokin/ROS/install/robokin_nav_system/share/robokin_nav_system/hook/ament_prefix_path.ps1'
[7.454s] INFO:colcon.colcon_core.shell:Creating environment descriptor '/home/eduard/Escritorio/Robokin/ROS/install/robokin_nav_system/share/robokin_nav_system/hook/ament_prefix_path.dsv'
[7.455s] INFO:colcon.colcon_core.shell:Creating environment hook '/home/eduard/Escritorio/Robokin/ROS/install/robokin_nav_system/share/robokin_nav_system/hook/ament_prefix_path.sh'
[7.527s] INFO:colcon.colcon_core.shell:Skip shell extension 'powershell' for command environment: Not usable outside of PowerShell
[7.527s] DEBUG:colcon.colcon_core.shell:Skip shell extension 'dsv' for command environment
[7.800s] DEBUG:colcon.colcon_core.event_handler.log_command:Invoking command in '/home/eduard/Escritorio/Robokin/ROS/robokin/robokin_publisher': PYTHONPATH=/home/eduard/Escritorio/Robokin/ROS/build/robokin_publisher/prefix_override:/home/eduard/Escritorio/Robokin/ROS/install/robokin_publisher/lib/python3.8/site-packages:${PYTHONPATH} /usr/bin/python3 setup.py egg_info --egg-base ../../build/robokin_publisher build --build-base /home/eduard/Escritorio/Robokin/ROS/build/robokin_publisher/build install --record /home/eduard/Escritorio/Robokin/ROS/build/robokin_publisher/install.log --single-version-externally-managed
[8.242s] INFO:colcon.colcon_core.task.python.build:Building Python package in '/home/eduard/Escritorio/Robokin/ROS/robokin/robokin_nav_system'
[8.333s] INFO:colcon.colcon_core.shell:Skip shell extension 'powershell' for command environment: Not usable outside of PowerShell
[8.334s] DEBUG:colcon.colcon_core.shell:Skip shell extension 'dsv' for command environment
[8.670s] DEBUG:colcon.colcon_core.event_handler.log_command:Invoked command in '/home/eduard/Escritorio/Robokin/ROS/robokin/robokin_publisher' returned '0': PYTHONPATH=/home/eduard/Escritorio/Robokin/ROS/build/robokin_publisher/prefix_override:/home/eduard/Escritorio/Robokin/ROS/install/robokin_publisher/lib/python3.8/site-packages:${PYTHONPATH} /usr/bin/python3 setup.py egg_info --egg-base ../../build/robokin_publisher build --build-base /home/eduard/Escritorio/Robokin/ROS/build/robokin_publisher/build install --record /home/eduard/Escritorio/Robokin/ROS/build/robokin_publisher/install.log --single-version-externally-managed
[8.704s] Level 1:colcon.colcon_core.environment:checking '/home/eduard/Escritorio/Robokin/ROS/install/robokin_publisher' for CMake module files
[8.705s] Level 1:colcon.colcon_core.environment:checking '/home/eduard/Escritorio/Robokin/ROS/install/robokin_publisher' for CMake config files
[8.706s] Level 1:colcon.colcon_core.environment:checking '/home/eduard/Escritorio/Robokin/ROS/install/robokin_publisher/lib'
[8.707s] Level 1:colcon.colcon_core.environment:checking '/home/eduard/Escritorio/Robokin/ROS/install/robokin_publisher/bin'
[8.707s] Level 1:colcon.colcon_core.environment:checking '/home/eduard/Escritorio/Robokin/ROS/install/robokin_publisher/lib/pkgconfig/robokin_publisher.pc'
[8.708s] Level 1:colcon.colcon_core.environment:checking '/home/eduard/Escritorio/Robokin/ROS/install/robokin_publisher/lib/python3.8/site-packages'
[8.708s] Level 1:colcon.colcon_core.shell:create_environment_hook('robokin_publisher', 'pythonpath')
[8.776s] INFO:colcon.colcon_core.shell:Creating environment hook '/home/eduard/Escritorio/Robokin/ROS/install/robokin_publisher/share/robokin_publisher/hook/pythonpath.ps1'
[8.780s] INFO:colcon.colcon_core.shell:Creating environment descriptor '/home/eduard/Escritorio/Robokin/ROS/install/robokin_publisher/share/robokin_publisher/hook/pythonpath.dsv'
[8.782s] INFO:colcon.colcon_core.shell:Creating environment hook '/home/eduard/Escritorio/Robokin/ROS/install/robokin_publisher/share/robokin_publisher/hook/pythonpath.sh'
[8.784s] Level 1:colcon.colcon_core.environment:checking '/home/eduard/Escritorio/Robokin/ROS/install/robokin_publisher/bin'
[8.784s] Level 1:colcon.colcon_core.environment:create_environment_scripts_only(robokin_publisher)
[8.848s] INFO:colcon.colcon_core.shell:Creating package script '/home/eduard/Escritorio/Robokin/ROS/install/robokin_publisher/share/robokin_publisher/package.ps1'
[8.853s] INFO:colcon.colcon_core.shell:Creating package descriptor '/home/eduard/Escritorio/Robokin/ROS/install/robokin_publisher/share/robokin_publisher/package.dsv'
[8.855s] INFO:colcon.colcon_core.shell:Creating package script '/home/eduard/Escritorio/Robokin/ROS/install/robokin_publisher/share/robokin_publisher/package.sh'
[8.857s] INFO:colcon.colcon_core.shell:Creating package script '/home/eduard/Escritorio/Robokin/ROS/install/robokin_publisher/share/robokin_publisher/package.bash'
[8.859s] INFO:colcon.colcon_core.shell:Creating package script '/home/eduard/Escritorio/Robokin/ROS/install/robokin_publisher/share/robokin_publisher/package.zsh'
[8.862s] Level 1:colcon.colcon_core.environment:create_file_with_runtime_dependencies(/home/eduard/Escritorio/Robokin/ROS/install/robokin_publisher/share/colcon-core/packages/robokin_publisher)
[8.866s] INFO:colcon.colcon_ros.task.ament_cmake.build:Building ROS package in '/home/eduard/Escritorio/Robokin/ROS/robokin/robokin' with build type 'ament_cmake'
[8.867s] INFO:colcon.colcon_cmake.task.cmake.build:Building CMake package in '/home/eduard/Escritorio/Robokin/ROS/robokin/robokin'
[8.947s] INFO:colcon.colcon_core.shell:Skip shell extension 'powershell' for command environment: Not usable outside of PowerShell
[8.948s] DEBUG:colcon.colcon_core.shell:Skip shell extension 'dsv' for command environment
[9.256s] DEBUG:colcon.colcon_core.event_handler.log_command:Invoking command in '/home/eduard/Escritorio/Robokin/ROS/build/robokin': AMENT_PREFIX_PATH=/home/eduard/Escritorio/Robokin/ROS/install/robokin_publisher:/home/eduard/Escritorio/Robokin/ROS/install/robokin:/home/eduard/Escritorio/Robokin/ROS/install/robokin_world:/home/eduard/Escritorio/Robokin/ROS/install/robokin_nav_system:/home/eduard/turtlebot3_ws/install/turtlebot3_simulations:/home/eduard/turtlebot3_ws/install/my_world:/home/eduard/turtlebot3_ws/install/turtlebot3_gazebo:/home/eduard/turtlebot3_ws/install/turtlebot3_fake_node:/home/eduard/turtlebot3_ws/install/show_msg:/home/eduard/turtlebot3_ws/install/provide_map:/home/eduard/turtlebot3_ws/install/package_name:/home/eduard/turtlebot3_ws/install/my_nav2_system:/home/eduard/turtlebot3_ws/install/my_first_subscriber:/home/eduard/turtlebot3_ws/install/my_first_service:/home/eduard/turtlebot3_ws/install/my_first_publisher:/home/eduard/turtlebot3_ws/install/my_first_node:/home/eduard/turtlebot3_ws/install/my_first_action:/home/eduard/turtlebot3_ws/install/custom_interface:/opt/ros/galactic CMAKE_PREFIX_PATH=/home/eduard/Escritorio/Robokin/ROS/install/robokin_world:/home/eduard/Escritorio/Robokin/ROS/install/robokin:/home/eduard/turtlebot3_ws/install/turtlebot3_simulations:/home/eduard/turtlebot3_ws/install/my_world:/home/eduard/turtlebot3_ws/install/turtlebot3_gazebo:/home/eduard/turtlebot3_ws/install/turtlebot3_fake_node:/home/eduard/turtlebot3_ws/install/package_name:/home/eduard/turtlebot3_ws/install/custom_interface:/home/eduard/Escritorio/Robokin/ROS/install/robokin_publisher:/home/eduard/Escritorio/Robokin/ROS/install/robokin_nav_system:/home/eduard/turtlebot3_ws/install/show_msg:/home/eduard/turtlebot3_ws/install/provide_map:/home/eduard/turtlebot3_ws/install/my_nav2_system:/home/eduard/turtlebot3_ws/install/my_first_subscriber:/home/eduard/turtlebot3_ws/install/my_first_service:/home/eduard/turtlebot3_ws/install/my_first_publisher:/home/eduard/turtlebot3_ws/install/my_first_node:/home/eduard/turtlebot3_ws/install/my_first_action:/opt/ros/galactic /usr/bin/cmake --build /home/eduard/Escritorio/Robokin/ROS/build/robokin -- -j2 -l2
[9.413s] DEBUG:colcon.colcon_core.event_handler.log_command:Invoked command in '/home/eduard/Escritorio/Robokin/ROS/build/robokin' returned '0': AMENT_PREFIX_PATH=/home/eduard/Escritorio/Robokin/ROS/install/robokin_publisher:/home/eduard/Escritorio/Robokin/ROS/install/robokin:/home/eduard/Escritorio/Robokin/ROS/install/robokin_world:/home/eduard/Escritorio/Robokin/ROS/install/robokin_nav_system:/home/eduard/turtlebot3_ws/install/turtlebot3_simulations:/home/eduard/turtlebot3_ws/install/my_world:/home/eduard/turtlebot3_ws/install/turtlebot3_gazebo:/home/eduard/turtlebot3_ws/install/turtlebot3_fake_node:/home/eduard/turtlebot3_ws/install/show_msg:/home/eduard/turtlebot3_ws/install/provide_map:/home/eduard/turtlebot3_ws/install/package_name:/home/eduard/turtlebot3_ws/install/my_nav2_system:/home/eduard/turtlebot3_ws/install/my_first_subscriber:/home/eduard/turtlebot3_ws/install/my_first_service:/home/eduard/turtlebot3_ws/install/my_first_publisher:/home/eduard/turtlebot3_ws/install/my_first_node:/home/eduard/turtlebot3_ws/install/my_first_action:/home/eduard/turtlebot3_ws/install/custom_interface:/opt/ros/galactic CMAKE_PREFIX_PATH=/home/eduard/Escritorio/Robokin/ROS/install/robokin_world:/home/eduard/Escritorio/Robokin/ROS/install/robokin:/home/eduard/turtlebot3_ws/install/turtlebot3_simulations:/home/eduard/turtlebot3_ws/install/my_world:/home/eduard/turtlebot3_ws/install/turtlebot3_gazebo:/home/eduard/turtlebot3_ws/install/turtlebot3_fake_node:/home/eduard/turtlebot3_ws/install/package_name:/home/eduard/turtlebot3_ws/install/custom_interface:/home/eduard/Escritorio/Robokin/ROS/install/robokin_publisher:/home/eduard/Escritorio/Robokin/ROS/install/robokin_nav_system:/home/eduard/turtlebot3_ws/install/show_msg:/home/eduard/turtlebot3_ws/install/provide_map:/home/eduard/turtlebot3_ws/install/my_nav2_system:/home/eduard/turtlebot3_ws/install/my_first_subscriber:/home/eduard/turtlebot3_ws/install/my_first_service:/home/eduard/turtlebot3_ws/install/my_first_publisher:/home/eduard/turtlebot3_ws/install/my_first_node:/home/eduard/turtlebot3_ws/install/my_first_action:/opt/ros/galactic /usr/bin/cmake --build /home/eduard/Escritorio/Robokin/ROS/build/robokin -- -j2 -l2
[9.794s] DEBUG:colcon.colcon_core.event_handler.log_command:Invoking command in '/home/eduard/Escritorio/Robokin/ROS/build/robokin': AMENT_PREFIX_PATH=/home/eduard/Escritorio/Robokin/ROS/install/robokin_publisher:/home/eduard/Escritorio/Robokin/ROS/install/robokin:/home/eduard/Escritorio/Robokin/ROS/install/robokin_world:/home/eduard/Escritorio/Robokin/ROS/install/robokin_nav_system:/home/eduard/turtlebot3_ws/install/turtlebot3_simulations:/home/eduard/turtlebot3_ws/install/my_world:/home/eduard/turtlebot3_ws/install/turtlebot3_gazebo:/home/eduard/turtlebot3_ws/install/turtlebot3_fake_node:/home/eduard/turtlebot3_ws/install/show_msg:/home/eduard/turtlebot3_ws/install/provide_map:/home/eduard/turtlebot3_ws/install/package_name:/home/eduard/turtlebot3_ws/install/my_nav2_system:/home/eduard/turtlebot3_ws/install/my_first_subscriber:/home/eduard/turtlebot3_ws/install/my_first_service:/home/eduard/turtlebot3_ws/install/my_first_publisher:/home/eduard/turtlebot3_ws/install/my_first_node:/home/eduard/turtlebot3_ws/install/my_first_action:/home/eduard/turtlebot3_ws/install/custom_interface:/opt/ros/galactic CMAKE_PREFIX_PATH=/home/eduard/Escritorio/Robokin/ROS/install/robokin_world:/home/eduard/Escritorio/Robokin/ROS/install/robokin:/home/eduard/turtlebot3_ws/install/turtlebot3_simulations:/home/eduard/turtlebot3_ws/install/my_world:/home/eduard/turtlebot3_ws/install/turtlebot3_gazebo:/home/eduard/turtlebot3_ws/install/turtlebot3_fake_node:/home/eduard/turtlebot3_ws/install/package_name:/home/eduard/turtlebot3_ws/install/custom_interface:/home/eduard/Escritorio/Robokin/ROS/install/robokin_publisher:/home/eduard/Escritorio/Robokin/ROS/install/robokin_nav_system:/home/eduard/turtlebot3_ws/install/show_msg:/home/eduard/turtlebot3_ws/install/provide_map:/home/eduard/turtlebot3_ws/install/my_nav2_system:/home/eduard/turtlebot3_ws/install/my_first_subscriber:/home/eduard/turtlebot3_ws/install/my_first_service:/home/eduard/turtlebot3_ws/install/my_first_publisher:/home/eduard/turtlebot3_ws/install/my_first_node:/home/eduard/turtlebot3_ws/install/my_first_action:/opt/ros/galactic /usr/bin/cmake --install /home/eduard/Escritorio/Robokin/ROS/build/robokin
[9.919s] Level 1:colcon.colcon_core.environment:create_environment_scripts_only(robokin)
[9.963s] DEBUG:colcon.colcon_core.event_handler.log_command:Invoked command in '/home/eduard/Escritorio/Robokin/ROS/build/robokin' returned '0': AMENT_PREFIX_PATH=/home/eduard/Escritorio/Robokin/ROS/install/robokin_publisher:/home/eduard/Escritorio/Robokin/ROS/install/robokin:/home/eduard/Escritorio/Robokin/ROS/install/robokin_world:/home/eduard/Escritorio/Robokin/ROS/install/robokin_nav_system:/home/eduard/turtlebot3_ws/install/turtlebot3_simulations:/home/eduard/turtlebot3_ws/install/my_world:/home/eduard/turtlebot3_ws/install/turtlebot3_gazebo:/home/eduard/turtlebot3_ws/install/turtlebot3_fake_node:/home/eduard/turtlebot3_ws/install/show_msg:/home/eduard/turtlebot3_ws/install/provide_map:/home/eduard/turtlebot3_ws/install/package_name:/home/eduard/turtlebot3_ws/install/my_nav2_system:/home/eduard/turtlebot3_ws/install/my_first_subscriber:/home/eduard/turtlebot3_ws/install/my_first_service:/home/eduard/turtlebot3_ws/install/my_first_publisher:/home/eduard/turtlebot3_ws/install/my_first_node:/home/eduard/turtlebot3_ws/install/my_first_action:/home/eduard/turtlebot3_ws/install/custom_interface:/opt/ros/galactic CMAKE_PREFIX_PATH=/home/eduard/Escritorio/Robokin/ROS/install/robokin_world:/home/eduard/Escritorio/Robokin/ROS/install/robokin:/home/eduard/turtlebot3_ws/install/turtlebot3_simulations:/home/eduard/turtlebot3_ws/install/my_world:/home/eduard/turtlebot3_ws/install/turtlebot3_gazebo:/home/eduard/turtlebot3_ws/install/turtlebot3_fake_node:/home/eduard/turtlebot3_ws/install/package_name:/home/eduard/turtlebot3_ws/install/custom_interface:/home/eduard/Escritorio/Robokin/ROS/install/robokin_publisher:/home/eduard/Escritorio/Robokin/ROS/install/robokin_nav_system:/home/eduard/turtlebot3_ws/install/show_msg:/home/eduard/turtlebot3_ws/install/provide_map:/home/eduard/turtlebot3_ws/install/my_nav2_system:/home/eduard/turtlebot3_ws/install/my_first_subscriber:/home/eduard/turtlebot3_ws/install/my_first_service:/home/eduard/turtlebot3_ws/install/my_first_publisher:/home/eduard/turtlebot3_ws/install/my_first_node:/home/eduard/turtlebot3_ws/install/my_first_action:/opt/ros/galactic /usr/bin/cmake --install /home/eduard/Escritorio/Robokin/ROS/build/robokin
[10.119s] Level 1:colcon.colcon_core.environment:checking '/home/eduard/Escritorio/Robokin/ROS/install/robokin' for CMake module files
[10.119s] Level 1:colcon.colcon_core.environment:checking '/home/eduard/Escritorio/Robokin/ROS/install/robokin' for CMake config files
[10.120s] Level 1:colcon.colcon_core.shell:create_environment_hook('robokin', 'cmake_prefix_path')
[10.203s] INFO:colcon.colcon_core.shell:Creating environment hook '/home/eduard/Escritorio/Robokin/ROS/install/robokin/share/robokin/hook/cmake_prefix_path.ps1'
[10.209s] INFO:colcon.colcon_core.shell:Creating environment descriptor '/home/eduard/Escritorio/Robokin/ROS/install/robokin/share/robokin/hook/cmake_prefix_path.dsv'
[10.211s] INFO:colcon.colcon_core.shell:Creating environment hook '/home/eduard/Escritorio/Robokin/ROS/install/robokin/share/robokin/hook/cmake_prefix_path.sh'
[10.213s] Level 1:colcon.colcon_core.environment:checking '/home/eduard/Escritorio/Robokin/ROS/install/robokin/bin'
[10.213s] Level 1:colcon.colcon_core.environment:checking '/home/eduard/Escritorio/Robokin/ROS/install/robokin/lib/pkgconfig/robokin.pc'
[10.214s] Level 1:colcon.colcon_core.environment:checking '/home/eduard/Escritorio/Robokin/ROS/install/robokin/lib/python3.8/site-packages'
[10.214s] Level 1:colcon.colcon_core.environment:checking '/home/eduard/Escritorio/Robokin/ROS/install/robokin/bin'
[10.286s] INFO:colcon.colcon_core.shell:Creating package script '/home/eduard/Escritorio/Robokin/ROS/install/robokin/share/robokin/package.ps1'
[10.289s] INFO:colcon.colcon_core.shell:Creating package descriptor '/home/eduard/Escritorio/Robokin/ROS/install/robokin/share/robokin/package.dsv'
[10.290s] INFO:colcon.colcon_core.shell:Creating package script '/home/eduard/Escritorio/Robokin/ROS/install/robokin/share/robokin/package.sh'
[10.291s] INFO:colcon.colcon_core.shell:Creating package script '/home/eduard/Escritorio/Robokin/ROS/install/robokin/share/robokin/package.bash'
[10.293s] INFO:colcon.colcon_core.shell:Creating package script '/home/eduard/Escritorio/Robokin/ROS/install/robokin/share/robokin/package.zsh'
[10.294s] Level 1:colcon.colcon_core.environment:create_file_with_runtime_dependencies(/home/eduard/Escritorio/Robokin/ROS/install/robokin/share/colcon-core/packages/robokin)
[10.302s] DEBUG:colcon.colcon_core.event_handler.log_command:Invoking command in '/home/eduard/Escritorio/Robokin/ROS/robokin/robokin_nav_system': PYTHONPATH=/home/eduard/Escritorio/Robokin/ROS/build/robokin_nav_system/prefix_override:/home/eduard/Escritorio/Robokin/ROS/install/robokin_nav_system/lib/python3.8/site-packages:${PYTHONPATH} /usr/bin/python3 setup.py egg_info --egg-base ../../build/robokin_nav_system build --build-base /home/eduard/Escritorio/Robokin/ROS/build/robokin_nav_system/build install --record /home/eduard/Escritorio/Robokin/ROS/build/robokin_nav_system/install.log --single-version-externally-managed
[10.515s] Level 1:colcon.colcon_core.environment:create_environment_scripts_only(robokin)
[10.681s] Level 1:colcon.colcon_core.environment:checking '/home/eduard/Escritorio/Robokin/ROS/install/robokin' for CMake module files
[10.682s] Level 1:colcon.colcon_core.environment:checking '/home/eduard/Escritorio/Robokin/ROS/install/robokin' for CMake config files
[10.682s] Level 1:colcon.colcon_core.shell:create_environment_hook('robokin', 'cmake_prefix_path')
[10.816s] INFO:colcon.colcon_core.shell:Creating environment hook '/home/eduard/Escritorio/Robokin/ROS/install/robokin/share/robokin/hook/cmake_prefix_path.ps1'
[10.824s] INFO:colcon.colcon_core.shell:Creating environment descriptor '/home/eduard/Escritorio/Robokin/ROS/install/robokin/share/robokin/hook/cmake_prefix_path.dsv'
[10.831s] INFO:colcon.colcon_core.shell:Creating environment hook '/home/eduard/Escritorio/Robokin/ROS/install/robokin/share/robokin/hook/cmake_prefix_path.sh'
[10.833s] Level 1:colcon.colcon_core.environment:checking '/home/eduard/Escritorio/Robokin/ROS/install/robokin/bin'
[10.833s] Level 1:colcon.colcon_core.environment:checking '/home/eduard/Escritorio/Robokin/ROS/install/robokin/lib/pkgconfig/robokin.pc'
[10.833s] Level 1:colcon.colcon_core.environment:checking '/home/eduard/Escritorio/Robokin/ROS/install/robokin/lib/python3.8/site-packages'
[10.833s] Level 1:colcon.colcon_core.environment:checking '/home/eduard/Escritorio/Robokin/ROS/install/robokin/bin'
[10.981s] INFO:colcon.colcon_core.shell:Creating package script '/home/eduard/Escritorio/Robokin/ROS/install/robokin/share/robokin/package.ps1'
[10.987s] INFO:colcon.colcon_core.shell:Creating package descriptor '/home/eduard/Escritorio/Robokin/ROS/install/robokin/share/robokin/package.dsv'
[10.988s] INFO:colcon.colcon_core.shell:Creating package script '/home/eduard/Escritorio/Robokin/ROS/install/robokin/share/robokin/package.sh'
[10.989s] INFO:colcon.colcon_core.shell:Creating package script '/home/eduard/Escritorio/Robokin/ROS/install/robokin/share/robokin/package.bash'
[10.990s] INFO:colcon.colcon_core.shell:Creating package script '/home/eduard/Escritorio/Robokin/ROS/install/robokin/share/robokin/package.zsh'
[10.991s] Level 1:colcon.colcon_core.environment:create_file_with_runtime_dependencies(/home/eduard/Escritorio/Robokin/ROS/install/robokin/share/colcon-core/packages/robokin)
[11.044s] DEBUG:colcon.colcon_core.event_handler.log_command:Invoked command in '/home/eduard/Escritorio/Robokin/ROS/robokin/robokin_nav_system' returned '0': PYTHONPATH=/home/eduard/Escritorio/Robokin/ROS/build/robokin_nav_system/prefix_override:/home/eduard/Escritorio/Robokin/ROS/install/robokin_nav_system/lib/python3.8/site-packages:${PYTHONPATH} /usr/bin/python3 setup.py egg_info --egg-base ../../build/robokin_nav_system build --build-base /home/eduard/Escritorio/Robokin/ROS/build/robokin_nav_system/build install --record /home/eduard/Escritorio/Robokin/ROS/build/robokin_nav_system/install.log --single-version-externally-managed
[11.123s] Level 1:colcon.colcon_core.environment:checking '/home/eduard/Escritorio/Robokin/ROS/install/robokin_nav_system' for CMake module files
[11.125s] Level 1:colcon.colcon_core.environment:checking '/home/eduard/Escritorio/Robokin/ROS/install/robokin_nav_system' for CMake config files
[11.127s] Level 1:colcon.colcon_core.environment:checking '/home/eduard/Escritorio/Robokin/ROS/install/robokin_nav_system/lib'
[11.127s] Level 1:colcon.colcon_core.environment:checking '/home/eduard/Escritorio/Robokin/ROS/install/robokin_nav_system/bin'
[11.128s] Level 1:colcon.colcon_core.environment:checking '/home/eduard/Escritorio/Robokin/ROS/install/robokin_nav_system/lib/pkgconfig/robokin_nav_system.pc'
[11.128s] Level 1:colcon.colcon_core.environment:checking '/home/eduard/Escritorio/Robokin/ROS/install/robokin_nav_system/lib/python3.8/site-packages'
[11.128s] Level 1:colcon.colcon_core.shell:create_environment_hook('robokin_nav_system', 'pythonpath')
[11.196s] INFO:colcon.colcon_core.shell:Creating environment hook '/home/eduard/Escritorio/Robokin/ROS/install/robokin_nav_system/share/robokin_nav_system/hook/pythonpath.ps1'
[11.197s] INFO:colcon.colcon_core.shell:Creating environment descriptor '/home/eduard/Escritorio/Robokin/ROS/install/robokin_nav_system/share/robokin_nav_system/hook/pythonpath.dsv'
[11.198s] INFO:colcon.colcon_core.shell:Creating environment hook '/home/eduard/Escritorio/Robokin/ROS/install/robokin_nav_system/share/robokin_nav_system/hook/pythonpath.sh'
[11.199s] Level 1:colcon.colcon_core.environment:checking '/home/eduard/Escritorio/Robokin/ROS/install/robokin_nav_system/bin'
[11.199s] Level 1:colcon.colcon_core.environment:create_environment_scripts_only(robokin_nav_system)
[11.265s] INFO:colcon.colcon_core.shell:Creating package script '/home/eduard/Escritorio/Robokin/ROS/install/robokin_nav_system/share/robokin_nav_system/package.ps1'
[11.266s] INFO:colcon.colcon_core.shell:Creating package descriptor '/home/eduard/Escritorio/Robokin/ROS/install/robokin_nav_system/share/robokin_nav_system/package.dsv'
[11.267s] INFO:colcon.colcon_core.shell:Creating package script '/home/eduard/Escritorio/Robokin/ROS/install/robokin_nav_system/share/robokin_nav_system/package.sh'
[11.267s] INFO:colcon.colcon_core.shell:Creating package script '/home/eduard/Escritorio/Robokin/ROS/install/robokin_nav_system/share/robokin_nav_system/package.bash'
[11.268s] INFO:colcon.colcon_core.shell:Creating package script '/home/eduard/Escritorio/Robokin/ROS/install/robokin_nav_system/share/robokin_nav_system/package.zsh'
[11.268s] Level 1:colcon.colcon_core.environment:create_file_with_runtime_dependencies(/home/eduard/Escritorio/Robokin/ROS/install/robokin_nav_system/share/colcon-core/packages/robokin_nav_system)
[11.269s] DEBUG:colcon.colcon_parallel_executor.executor.parallel:closing loop
[11.270s] DEBUG:colcon.colcon_parallel_executor.executor.parallel:loop closed
[11.270s] DEBUG:colcon.colcon_parallel_executor.executor.parallel:run_until_complete finished with '0'
[11.271s] DEBUG:colcon.colcon_core.event_reactor:joining thread
[11.340s] INFO:colcon.colcon_core.plugin_system:Skipping extension 'colcon_notification.desktop_notification.terminal_notifier': Not used on non-Darwin systems
[11.341s] INFO:colcon.colcon_core.plugin_system:Skipping extension 'colcon_notification.desktop_notification.win32': Not used on non-Windows systems
[11.341s] INFO:colcon.colcon_notification.desktop_notification:Sending desktop notification using 'notify2'
[11.370s] DEBUG:colcon.colcon_core.event_reactor:joined thread
[11.452s] INFO:colcon.colcon_core.shell:Creating prefix script '/home/eduard/Escritorio/Robokin/ROS/install/local_setup.ps1'
[11.453s] INFO:colcon.colcon_core.shell:Creating prefix util module '/home/eduard/Escritorio/Robokin/ROS/install/_local_setup_util_ps1.py'
[11.456s] INFO:colcon.colcon_core.shell:Creating prefix chain script '/home/eduard/Escritorio/Robokin/ROS/install/setup.ps1'
[11.540s] INFO:colcon.colcon_core.shell:Creating prefix script '/home/eduard/Escritorio/Robokin/ROS/install/local_setup.sh'
[11.541s] INFO:colcon.colcon_core.shell:Creating prefix util module '/home/eduard/Escritorio/Robokin/ROS/install/_local_setup_util_sh.py'
[11.543s] INFO:colcon.colcon_core.shell:Creating prefix chain script '/home/eduard/Escritorio/Robokin/ROS/install/setup.sh'
[11.613s] INFO:colcon.colcon_core.shell:Creating prefix script '/home/eduard/Escritorio/Robokin/ROS/install/local_setup.bash'
[11.614s] INFO:colcon.colcon_core.shell:Creating prefix chain script '/home/eduard/Escritorio/Robokin/ROS/install/setup.bash'
[11.680s] INFO:colcon.colcon_core.shell:Creating prefix script '/home/eduard/Escritorio/Robokin/ROS/install/local_setup.zsh'
[11.681s] INFO:colcon.colcon_core.shell:Creating prefix chain script '/home/eduard/Escritorio/Robokin/ROS/install/setup.zsh'
