[100%] Built target turtlebot3_drive
-- Install configuration: ""
-- Up-to-date: /home/eduard/Escritorio/Robokin/ROS/install/robokin_world/lib/robokin_world/turtlebot3_drive
-- Up-to-date: /home/eduard/Escritorio/Robokin/ROS/install/robokin_world/share/robokin_world//launch
-- Up-to-date: /home/eduard/Escritorio/Robokin/ROS/install/robokin_world/share/robokin_world//launch/robokin_world.launch.py
-- Up-to-date: /home/eduard/Escritorio/Robokin/ROS/install/robokin_world/share/robokin_world//models
-- Up-to-date: /home/eduard/Escritorio/Robokin/ROS/install/robokin_world/share/robokin_world//models/turtlebot3_burger
-- Up-to-date: /home/eduard/Escritorio/Robokin/ROS/install/robokin_world/share/robokin_world//models/turtlebot3_burger/model-1_4.sdf
-- Up-to-date: /home/eduard/Escritorio/Robokin/ROS/install/robokin_world/share/robokin_world//models/turtlebot3_burger/meshes
-- Up-to-date: /home/eduard/Escritorio/Robokin/ROS/install/robokin_world/share/robokin_world//models/turtlebot3_burger/meshes/lds.dae
-- Up-to-date: /home/eduard/Escritorio/Robokin/ROS/install/robokin_world/share/robokin_world//models/turtlebot3_burger/meshes/tire.dae
-- Up-to-date: /home/eduard/Escritorio/Robokin/ROS/install/robokin_world/share/robokin_world//models/turtlebot3_burger/meshes/burger_base.dae
-- Up-to-date: /home/eduard/Escritorio/Robokin/ROS/install/robokin_world/share/robokin_world//models/turtlebot3_burger/model.config
-- Up-to-date: /home/eduard/Escritorio/Robokin/ROS/install/robokin_world/share/robokin_world//models/turtlebot3_burger/model.sdf
-- Up-to-date: /home/eduard/Escritorio/Robokin/ROS/install/robokin_world/share/robokin_world//models/cafe_table
-- Up-to-date: /home/eduard/Escritorio/Robokin/ROS/install/robokin_world/share/robokin_world//models/cafe_table/model-1_4.sdf
-- Up-to-date: /home/eduard/Escritorio/Robokin/ROS/install/robokin_world/share/robokin_world//models/cafe_table/meshes
-- Up-to-date: /home/eduard/Escritorio/Robokin/ROS/install/robokin_world/share/robokin_world//models/cafe_table/meshes/cafe_table.dae
-- Up-to-date: /home/eduard/Escritorio/Robokin/ROS/install/robokin_world/share/robokin_world//models/cafe_table/materials
-- Up-to-date: /home/eduard/Escritorio/Robokin/ROS/install/robokin_world/share/robokin_world//models/cafe_table/materials/textures
-- Up-to-date: /home/eduard/Escritorio/Robokin/ROS/install/robokin_world/share/robokin_world//models/cafe_table/materials/textures/Wood_Floor_Dark.jpg
-- Up-to-date: /home/eduard/Escritorio/Robokin/ROS/install/robokin_world/share/robokin_world//models/cafe_table/materials/textures/Maple.jpg
-- Up-to-date: /home/eduard/Escritorio/Robokin/ROS/install/robokin_world/share/robokin_world//models/cafe_table/model.config
-- Up-to-date: /home/eduard/Escritorio/Robokin/ROS/install/robokin_world/share/robokin_world//models/cafe_table/model.sdf
-- Up-to-date: /home/eduard/Escritorio/Robokin/ROS/install/robokin_world/share/robokin_world//models/cafe
-- Up-to-date: /home/eduard/Escritorio/Robokin/ROS/install/robokin_world/share/robokin_world//models/cafe/meshes
-- Up-to-date: /home/eduard/Escritorio/Robokin/ROS/install/robokin_world/share/robokin_world//models/cafe/meshes/cafe.dae
-- Up-to-date: /home/eduard/Escritorio/Robokin/ROS/install/robokin_world/share/robokin_world//models/cafe/materials
-- Up-to-date: /home/eduard/Escritorio/Robokin/ROS/install/robokin_world/share/robokin_world//models/cafe/materials/textures
-- Up-to-date: /home/eduard/Escritorio/Robokin/ROS/install/robokin_world/share/robokin_world//models/cafe/materials/textures/__auto_29.jpg
-- Up-to-date: /home/eduard/Escritorio/Robokin/ROS/install/robokin_world/share/robokin_world//models/cafe/materials/textures/__auto_21.jpg
-- Up-to-date: /home/eduard/Escritorio/Robokin/ROS/install/robokin_world/share/robokin_world//models/cafe/materials/textures/__auto_10.jpg
-- Up-to-date: /home/eduard/Escritorio/Robokin/ROS/install/robokin_world/share/robokin_world//models/cafe/materials/textures/__auto_26.jpg
-- Up-to-date: /home/eduard/Escritorio/Robokin/ROS/install/robokin_world/share/robokin_world//models/cafe/materials/textures/__auto_28.jpg
-- Up-to-date: /home/eduard/Escritorio/Robokin/ROS/install/robokin_world/share/robokin_world//models/cafe/materials/textures/__auto_37.jpg
-- Up-to-date: /home/eduard/Escritorio/Robokin/ROS/install/robokin_world/share/robokin_world//models/cafe/materials/textures/__auto_2.jpg
-- Up-to-date: /home/eduard/Escritorio/Robokin/ROS/install/robokin_world/share/robokin_world//models/cafe/materials/textures/__auto_35.jpg
-- Up-to-date: /home/eduard/Escritorio/Robokin/ROS/install/robokin_world/share/robokin_world//models/cafe/materials/textures/__auto_22.jpg
-- Up-to-date: /home/eduard/Escritorio/Robokin/ROS/install/robokin_world/share/robokin_world//models/cafe/materials/textures/__auto_23.jpg
-- Up-to-date: /home/eduard/Escritorio/Robokin/ROS/install/robokin_world/share/robokin_world//models/cafe/materials/textures/__auto_34.jpg
-- Up-to-date: /home/eduard/Escritorio/Robokin/ROS/install/robokin_world/share/robokin_world//models/cafe/materials/textures/__auto_24.jpg
-- Up-to-date: /home/eduard/Escritorio/Robokin/ROS/install/robokin_world/share/robokin_world//models/cafe/materials/textures/__auto_25.jpg
-- Up-to-date: /home/eduard/Escritorio/Robokin/ROS/install/robokin_world/share/robokin_world//models/cafe/materials/textures/__auto_30.jpg
-- Up-to-date: /home/eduard/Escritorio/Robokin/ROS/install/robokin_world/share/robokin_world//models/cafe/materials/textures/__auto_31.jpg
-- Up-to-date: /home/eduard/Escritorio/Robokin/ROS/install/robokin_world/share/robokin_world//models/cafe/model.config
-- Up-to-date: /home/eduard/Escritorio/Robokin/ROS/install/robokin_world/share/robokin_world//models/cafe/model.sdf
-- Up-to-date: /home/eduard/Escritorio/Robokin/ROS/install/robokin_world/share/robokin_world//world
-- Up-to-date: /home/eduard/Escritorio/Robokin/ROS/install/robokin_world/share/robokin_world//world/burger_pi.model
-- Up-to-date: /home/eduard/Escritorio/Robokin/ROS/install/robokin_world/share/robokin_world//world/burger.model
-- Up-to-date: /home/eduard/Escritorio/Robokin/ROS/install/robokin_world/share/robokin_world//urdf
-- Up-to-date: /home/eduard/Escritorio/Robokin/ROS/install/robokin_world/share/robokin_world//urdf/turtlebot3_burger_pi.urdf
-- Up-to-date: /home/eduard/Escritorio/Robokin/ROS/install/robokin_world/share/robokin_world//urdf/turtlebot3_burger.urdf
-- Installing: /home/eduard/Escritorio/Robokin/ROS/install/robokin_world/include/
-- Installing: /home/eduard/Escritorio/Robokin/ROS/install/robokin_world/include//robokin_world
-- Installing: /home/eduard/Escritorio/Robokin/ROS/install/robokin_world/share/ament_index/resource_index/package_run_dependencies/robokin_world
-- Installing: /home/eduard/Escritorio/Robokin/ROS/install/robokin_world/share/ament_index/resource_index/parent_prefix_path/robokin_world
-- Installing: /home/eduard/Escritorio/Robokin/ROS/install/robokin_world/share/robokin_world/environment/ament_prefix_path.sh
-- Installing: /home/eduard/Escritorio/Robokin/ROS/install/robokin_world/share/robokin_world/environment/ament_prefix_path.dsv
-- Installing: /home/eduard/Escritorio/Robokin/ROS/install/robokin_world/share/robokin_world/environment/path.sh
-- Installing: /home/eduard/Escritorio/Robokin/ROS/install/robokin_world/share/robokin_world/environment/path.dsv
-- Installing: /home/eduard/Escritorio/Robokin/ROS/install/robokin_world/share/robokin_world/local_setup.bash
-- Installing: /home/eduard/Escritorio/Robokin/ROS/install/robokin_world/share/robokin_world/local_setup.sh
-- Installing: /home/eduard/Escritorio/Robokin/ROS/install/robokin_world/share/robokin_world/local_setup.zsh
-- Installing: /home/eduard/Escritorio/Robokin/ROS/install/robokin_world/share/robokin_world/local_setup.dsv
-- Installing: /home/eduard/Escritorio/Robokin/ROS/install/robokin_world/share/robokin_world/package.dsv
-- Installing: /home/eduard/Escritorio/Robokin/ROS/install/robokin_world/share/ament_index/resource_index/packages/robokin_world
-- Installing: /home/eduard/Escritorio/Robokin/ROS/install/robokin_world/share/robokin_world/cmake/ament_cmake_export_include_directories-extras.cmake
-- Installing: /home/eduard/Escritorio/Robokin/ROS/install/robokin_world/share/robokin_world/cmake/ament_cmake_export_dependencies-extras.cmake
-- Installing: /home/eduard/Escritorio/Robokin/ROS/install/robokin_world/share/robokin_world/cmake/robokin_worldConfig.cmake
-- Installing: /home/eduard/Escritorio/Robokin/ROS/install/robokin_world/share/robokin_world/cmake/robokin_worldConfig-version.cmake
-- Installing: /home/eduard/Escritorio/Robokin/ROS/install/robokin_world/share/robokin_world/package.xml
