[0.846s] Invoking command in '/home/eduard/Escritorio/Robokin/ROS/build/robokin_world': CMAKE_PREFIX_PATH=${CMAKE_PREFIX_PATH}:/home/eduard/turtlebot3_ws/install/show_msg:/home/eduard/turtlebot3_ws/install/provide_map:/home/eduard/turtlebot3_ws/install/my_nav2_system:/home/eduard/turtlebot3_ws/install/my_first_subscriber:/home/eduard/turtlebot3_ws/install/my_first_service:/home/eduard/turtlebot3_ws/install/my_first_publisher:/home/eduard/turtlebot3_ws/install/my_first_node:/home/eduard/turtlebot3_ws/install/my_first_action:/opt/ros/galactic /usr/bin/cmake --build /home/eduard/Escritorio/Robokin/ROS/build/robokin_world -- -j2 -l2
[0.922s] [100%] Built target turtlebot3_drive
[0.972s] Invoked command in '/home/eduard/Escritorio/Robokin/ROS/build/robokin_world' returned '0': CMAKE_PREFIX_PATH=${CMAKE_PREFIX_PATH}:/home/eduard/turtlebot3_ws/install/show_msg:/home/eduard/turtlebot3_ws/install/provide_map:/home/eduard/turtlebot3_ws/install/my_nav2_system:/home/eduard/turtlebot3_ws/install/my_first_subscriber:/home/eduard/turtlebot3_ws/install/my_first_service:/home/eduard/turtlebot3_ws/install/my_first_publisher:/home/eduard/turtlebot3_ws/install/my_first_node:/home/eduard/turtlebot3_ws/install/my_first_action:/opt/ros/galactic /usr/bin/cmake --build /home/eduard/Escritorio/Robokin/ROS/build/robokin_world -- -j2 -l2
[1.019s] Invoking command in '/home/eduard/Escritorio/Robokin/ROS/build/robokin_world': CMAKE_PREFIX_PATH=${CMAKE_PREFIX_PATH}:/home/eduard/turtlebot3_ws/install/show_msg:/home/eduard/turtlebot3_ws/install/provide_map:/home/eduard/turtlebot3_ws/install/my_nav2_system:/home/eduard/turtlebot3_ws/install/my_first_subscriber:/home/eduard/turtlebot3_ws/install/my_first_service:/home/eduard/turtlebot3_ws/install/my_first_publisher:/home/eduard/turtlebot3_ws/install/my_first_node:/home/eduard/turtlebot3_ws/install/my_first_action:/opt/ros/galactic /usr/bin/cmake --install /home/eduard/Escritorio/Robokin/ROS/build/robokin_world
[1.032s] -- Install configuration: ""
[1.033s] -- Up-to-date: /home/eduard/Escritorio/Robokin/ROS/install/robokin_world/lib/robokin_world/turtlebot3_drive
[1.034s] -- Up-to-date: /home/eduard/Escritorio/Robokin/ROS/install/robokin_world/share/robokin_world//launch
[1.034s] -- Up-to-date: /home/eduard/Escritorio/Robokin/ROS/install/robokin_world/share/robokin_world//launch/robokin_world.launch.py
[1.035s] -- Up-to-date: /home/eduard/Escritorio/Robokin/ROS/install/robokin_world/share/robokin_world//models
[1.035s] -- Up-to-date: /home/eduard/Escritorio/Robokin/ROS/install/robokin_world/share/robokin_world//models/turtlebot3_burger
[1.035s] -- Up-to-date: /home/eduard/Escritorio/Robokin/ROS/install/robokin_world/share/robokin_world//models/turtlebot3_burger/model-1_4.sdf
[1.036s] -- Up-to-date: /home/eduard/Escritorio/Robokin/ROS/install/robokin_world/share/robokin_world//models/turtlebot3_burger/meshes
[1.038s] -- Up-to-date: /home/eduard/Escritorio/Robokin/ROS/install/robokin_world/share/robokin_world//models/turtlebot3_burger/meshes/lds.dae
[1.039s] -- Up-to-date: /home/eduard/Escritorio/Robokin/ROS/install/robokin_world/share/robokin_world//models/turtlebot3_burger/meshes/tire.dae
[1.040s] -- Up-to-date: /home/eduard/Escritorio/Robokin/ROS/install/robokin_world/share/robokin_world//models/turtlebot3_burger/meshes/burger_base.dae
[1.040s] -- Up-to-date: /home/eduard/Escritorio/Robokin/ROS/install/robokin_world/share/robokin_world//models/turtlebot3_burger/model.config
[1.041s] -- Up-to-date: /home/eduard/Escritorio/Robokin/ROS/install/robokin_world/share/robokin_world//models/turtlebot3_burger/model.sdf
[1.041s] -- Up-to-date: /home/eduard/Escritorio/Robokin/ROS/install/robokin_world/share/robokin_world//models/cafe_table
[1.041s] -- Up-to-date: /home/eduard/Escritorio/Robokin/ROS/install/robokin_world/share/robokin_world//models/cafe_table/model-1_4.sdf
[1.041s] -- Up-to-date: /home/eduard/Escritorio/Robokin/ROS/install/robokin_world/share/robokin_world//models/cafe_table/meshes
[1.041s] -- Up-to-date: /home/eduard/Escritorio/Robokin/ROS/install/robokin_world/share/robokin_world//models/cafe_table/meshes/cafe_table.dae
[1.042s] -- Up-to-date: /home/eduard/Escritorio/Robokin/ROS/install/robokin_world/share/robokin_world//models/cafe_table/materials
[1.042s] -- Up-to-date: /home/eduard/Escritorio/Robokin/ROS/install/robokin_world/share/robokin_world//models/cafe_table/materials/textures
[1.042s] -- Up-to-date: /home/eduard/Escritorio/Robokin/ROS/install/robokin_world/share/robokin_world//models/cafe_table/materials/textures/Wood_Floor_Dark.jpg
[1.042s] -- Up-to-date: /home/eduard/Escritorio/Robokin/ROS/install/robokin_world/share/robokin_world//models/cafe_table/materials/textures/Maple.jpg
[1.068s] -- Up-to-date: /home/eduard/Escritorio/Robokin/ROS/install/robokin_world/share/robokin_world//models/cafe_table/model.config
[1.068s] -- Up-to-date: /home/eduard/Escritorio/Robokin/ROS/install/robokin_world/share/robokin_world//models/cafe_table/model.sdf
[1.068s] -- Up-to-date: /home/eduard/Escritorio/Robokin/ROS/install/robokin_world/share/robokin_world//models/cafe
[1.068s] -- Up-to-date: /home/eduard/Escritorio/Robokin/ROS/install/robokin_world/share/robokin_world//models/cafe/meshes
[1.069s] -- Up-to-date: /home/eduard/Escritorio/Robokin/ROS/install/robokin_world/share/robokin_world//models/cafe/meshes/cafe.dae
[1.069s] -- Up-to-date: /home/eduard/Escritorio/Robokin/ROS/install/robokin_world/share/robokin_world//models/cafe/materials
[1.069s] -- Up-to-date: /home/eduard/Escritorio/Robokin/ROS/install/robokin_world/share/robokin_world//models/cafe/materials/textures
[1.069s] -- Up-to-date: /home/eduard/Escritorio/Robokin/ROS/install/robokin_world/share/robokin_world//models/cafe/materials/textures/__auto_29.jpg
[1.069s] -- Up-to-date: /home/eduard/Escritorio/Robokin/ROS/install/robokin_world/share/robokin_world//models/cafe/materials/textures/__auto_21.jpg
[1.069s] -- Up-to-date: /home/eduard/Escritorio/Robokin/ROS/install/robokin_world/share/robokin_world//models/cafe/materials/textures/__auto_10.jpg
[1.069s] -- Up-to-date: /home/eduard/Escritorio/Robokin/ROS/install/robokin_world/share/robokin_world//models/cafe/materials/textures/__auto_26.jpg
[1.070s] -- Up-to-date: /home/eduard/Escritorio/Robokin/ROS/install/robokin_world/share/robokin_world//models/cafe/materials/textures/__auto_28.jpg
[1.070s] -- Up-to-date: /home/eduard/Escritorio/Robokin/ROS/install/robokin_world/share/robokin_world//models/cafe/materials/textures/__auto_37.jpg
[1.070s] -- Up-to-date: /home/eduard/Escritorio/Robokin/ROS/install/robokin_world/share/robokin_world//models/cafe/materials/textures/__auto_2.jpg
[1.070s] -- Up-to-date: /home/eduard/Escritorio/Robokin/ROS/install/robokin_world/share/robokin_world//models/cafe/materials/textures/__auto_35.jpg
[1.070s] -- Up-to-date: /home/eduard/Escritorio/Robokin/ROS/install/robokin_world/share/robokin_world//models/cafe/materials/textures/__auto_22.jpg
[1.070s] -- Up-to-date: /home/eduard/Escritorio/Robokin/ROS/install/robokin_world/share/robokin_world//models/cafe/materials/textures/__auto_23.jpg
[1.070s] -- Up-to-date: /home/eduard/Escritorio/Robokin/ROS/install/robokin_world/share/robokin_world//models/cafe/materials/textures/__auto_34.jpg
[1.071s] -- Up-to-date: /home/eduard/Escritorio/Robokin/ROS/install/robokin_world/share/robokin_world//models/cafe/materials/textures/__auto_24.jpg
[1.071s] -- Up-to-date: /home/eduard/Escritorio/Robokin/ROS/install/robokin_world/share/robokin_world//models/cafe/materials/textures/__auto_25.jpg
[1.071s] -- Up-to-date: /home/eduard/Escritorio/Robokin/ROS/install/robokin_world/share/robokin_world//models/cafe/materials/textures/__auto_30.jpg
[1.071s] -- Up-to-date: /home/eduard/Escritorio/Robokin/ROS/install/robokin_world/share/robokin_world//models/cafe/materials/textures/__auto_31.jpg
[1.071s] -- Up-to-date: /home/eduard/Escritorio/Robokin/ROS/install/robokin_world/share/robokin_world//models/cafe/model.config
[1.071s] -- Up-to-date: /home/eduard/Escritorio/Robokin/ROS/install/robokin_world/share/robokin_world//models/cafe/model.sdf
[1.072s] -- Up-to-date: /home/eduard/Escritorio/Robokin/ROS/install/robokin_world/share/robokin_world//world
[1.072s] -- Up-to-date: /home/eduard/Escritorio/Robokin/ROS/install/robokin_world/share/robokin_world//world/burger_pi.model
[1.072s] -- Up-to-date: /home/eduard/Escritorio/Robokin/ROS/install/robokin_world/share/robokin_world//world/burger.model
[1.072s] -- Up-to-date: /home/eduard/Escritorio/Robokin/ROS/install/robokin_world/share/robokin_world//urdf
[1.072s] -- Up-to-date: /home/eduard/Escritorio/Robokin/ROS/install/robokin_world/share/robokin_world//urdf/turtlebot3_burger_pi.urdf
[1.072s] -- Up-to-date: /home/eduard/Escritorio/Robokin/ROS/install/robokin_world/share/robokin_world//urdf/turtlebot3_burger.urdf
[1.072s] -- Installing: /home/eduard/Escritorio/Robokin/ROS/install/robokin_world/include/
[1.073s] -- Installing: /home/eduard/Escritorio/Robokin/ROS/install/robokin_world/include//robokin_world
[1.073s] -- Installing: /home/eduard/Escritorio/Robokin/ROS/install/robokin_world/share/ament_index/resource_index/package_run_dependencies/robokin_world
[1.073s] -- Installing: /home/eduard/Escritorio/Robokin/ROS/install/robokin_world/share/ament_index/resource_index/parent_prefix_path/robokin_world
[1.073s] -- Installing: /home/eduard/Escritorio/Robokin/ROS/install/robokin_world/share/robokin_world/environment/ament_prefix_path.sh
[1.073s] -- Installing: /home/eduard/Escritorio/Robokin/ROS/install/robokin_world/share/robokin_world/environment/ament_prefix_path.dsv
[1.073s] -- Installing: /home/eduard/Escritorio/Robokin/ROS/install/robokin_world/share/robokin_world/environment/path.sh
[1.073s] -- Installing: /home/eduard/Escritorio/Robokin/ROS/install/robokin_world/share/robokin_world/environment/path.dsv
[1.074s] -- Installing: /home/eduard/Escritorio/Robokin/ROS/install/robokin_world/share/robokin_world/local_setup.bash
[1.074s] -- Installing: /home/eduard/Escritorio/Robokin/ROS/install/robokin_world/share/robokin_world/local_setup.sh
[1.074s] -- Installing: /home/eduard/Escritorio/Robokin/ROS/install/robokin_world/share/robokin_world/local_setup.zsh
[1.074s] -- Installing: /home/eduard/Escritorio/Robokin/ROS/install/robokin_world/share/robokin_world/local_setup.dsv
[1.074s] -- Installing: /home/eduard/Escritorio/Robokin/ROS/install/robokin_world/share/robokin_world/package.dsv
[1.074s] -- Installing: /home/eduard/Escritorio/Robokin/ROS/install/robokin_world/share/ament_index/resource_index/packages/robokin_world
[1.074s] -- Installing: /home/eduard/Escritorio/Robokin/ROS/install/robokin_world/share/robokin_world/cmake/ament_cmake_export_include_directories-extras.cmake
[1.075s] -- Installing: /home/eduard/Escritorio/Robokin/ROS/install/robokin_world/share/robokin_world/cmake/ament_cmake_export_dependencies-extras.cmake
[1.104s] -- Installing: /home/eduard/Escritorio/Robokin/ROS/install/robokin_world/share/robokin_world/cmake/robokin_worldConfig.cmake
[1.104s] -- Installing: /home/eduard/Escritorio/Robokin/ROS/install/robokin_world/share/robokin_world/cmake/robokin_worldConfig-version.cmake
[1.104s] -- Installing: /home/eduard/Escritorio/Robokin/ROS/install/robokin_world/share/robokin_world/package.xml
[1.104s] Invoked command in '/home/eduard/Escritorio/Robokin/ROS/build/robokin_world' returned '0': CMAKE_PREFIX_PATH=${CMAKE_PREFIX_PATH}:/home/eduard/turtlebot3_ws/install/show_msg:/home/eduard/turtlebot3_ws/install/provide_map:/home/eduard/turtlebot3_ws/install/my_nav2_system:/home/eduard/turtlebot3_ws/install/my_first_subscriber:/home/eduard/turtlebot3_ws/install/my_first_service:/home/eduard/turtlebot3_ws/install/my_first_publisher:/home/eduard/turtlebot3_ws/install/my_first_node:/home/eduard/turtlebot3_ws/install/my_first_action:/opt/ros/galactic /usr/bin/cmake --install /home/eduard/Escritorio/Robokin/ROS/build/robokin_world
