[1.033s] Invoking command in '/home/eduard/Escritorio/Robokin/ROS/build/robokin_world': CMAKE_PREFIX_PATH=${CMAKE_PREFIX_PATH}:/home/eduard/Escritorio/Robokin/ROS/install/robokin_publisher:/home/eduard/Escritorio/Robokin/ROS/install/robokin_nav_system:/home/eduard/turtlebot3_ws/install/show_msg:/home/eduard/turtlebot3_ws/install/provide_map:/home/eduard/turtlebot3_ws/install/my_nav2_system:/home/eduard/turtlebot3_ws/install/my_first_subscriber:/home/eduard/turtlebot3_ws/install/my_first_service:/home/eduard/turtlebot3_ws/install/my_first_publisher:/home/eduard/turtlebot3_ws/install/my_first_node:/home/eduard/turtlebot3_ws/install/my_first_action:/opt/ros/galactic /usr/bin/cmake --build /home/eduard/Escritorio/Robokin/ROS/build/robokin_world -- -j2 -l2
[1.121s] [100%] Built target turtlebot3_drive
[1.174s] Invoked command in '/home/eduard/Escritorio/Robokin/ROS/build/robokin_world' returned '0': CMAKE_PREFIX_PATH=${CMAKE_PREFIX_PATH}:/home/eduard/Escritorio/Robokin/ROS/install/robokin_publisher:/home/eduard/Escritorio/Robokin/ROS/install/robokin_nav_system:/home/eduard/turtlebot3_ws/install/show_msg:/home/eduard/turtlebot3_ws/install/provide_map:/home/eduard/turtlebot3_ws/install/my_nav2_system:/home/eduard/turtlebot3_ws/install/my_first_subscriber:/home/eduard/turtlebot3_ws/install/my_first_service:/home/eduard/turtlebot3_ws/install/my_first_publisher:/home/eduard/turtlebot3_ws/install/my_first_node:/home/eduard/turtlebot3_ws/install/my_first_action:/opt/ros/galactic /usr/bin/cmake --build /home/eduard/Escritorio/Robokin/ROS/build/robokin_world -- -j2 -l2
[1.234s] Invoking command in '/home/eduard/Escritorio/Robokin/ROS/build/robokin_world': CMAKE_PREFIX_PATH=${CMAKE_PREFIX_PATH}:/home/eduard/Escritorio/Robokin/ROS/install/robokin_publisher:/home/eduard/Escritorio/Robokin/ROS/install/robokin_nav_system:/home/eduard/turtlebot3_ws/install/show_msg:/home/eduard/turtlebot3_ws/install/provide_map:/home/eduard/turtlebot3_ws/install/my_nav2_system:/home/eduard/turtlebot3_ws/install/my_first_subscriber:/home/eduard/turtlebot3_ws/install/my_first_service:/home/eduard/turtlebot3_ws/install/my_first_publisher:/home/eduard/turtlebot3_ws/install/my_first_node:/home/eduard/turtlebot3_ws/install/my_first_action:/opt/ros/galactic /usr/bin/cmake --install /home/eduard/Escritorio/Robokin/ROS/build/robokin_world
[1.247s] -- Install configuration: ""
[1.250s] -- Up-to-date: /home/eduard/Escritorio/Robokin/ROS/install/robokin_world/lib/robokin_world/turtlebot3_drive
[1.252s] -- Up-to-date: /home/eduard/Escritorio/Robokin/ROS/install/robokin_world/share/robokin_world//launch
[1.253s] -- Up-to-date: /home/eduard/Escritorio/Robokin/ROS/install/robokin_world/share/robokin_world//launch/robokin_world.launch.py
[1.255s] -- Up-to-date: /home/eduard/Escritorio/Robokin/ROS/install/robokin_world/share/robokin_world//models
[1.256s] -- Up-to-date: /home/eduard/Escritorio/Robokin/ROS/install/robokin_world/share/robokin_world//models/turtlebot3_burger
[1.258s] -- Up-to-date: /home/eduard/Escritorio/Robokin/ROS/install/robokin_world/share/robokin_world//models/turtlebot3_burger/model-1_4.sdf
[1.259s] -- Up-to-date: /home/eduard/Escritorio/Robokin/ROS/install/robokin_world/share/robokin_world//models/turtlebot3_burger/meshes
[1.261s] -- Up-to-date: /home/eduard/Escritorio/Robokin/ROS/install/robokin_world/share/robokin_world//models/turtlebot3_burger/meshes/lds.dae
[1.262s] -- Up-to-date: /home/eduard/Escritorio/Robokin/ROS/install/robokin_world/share/robokin_world//models/turtlebot3_burger/meshes/tire.dae
[1.264s] -- Up-to-date: /home/eduard/Escritorio/Robokin/ROS/install/robokin_world/share/robokin_world//models/turtlebot3_burger/meshes/burger_base.dae
[1.265s] -- Up-to-date: /home/eduard/Escritorio/Robokin/ROS/install/robokin_world/share/robokin_world//models/turtlebot3_burger/model.config
[1.266s] -- Up-to-date: /home/eduard/Escritorio/Robokin/ROS/install/robokin_world/share/robokin_world//models/turtlebot3_burger/model.sdf
[1.268s] -- Up-to-date: /home/eduard/Escritorio/Robokin/ROS/install/robokin_world/share/robokin_world//models/cafe_table
[1.269s] -- Up-to-date: /home/eduard/Escritorio/Robokin/ROS/install/robokin_world/share/robokin_world//models/cafe_table/model-1_4.sdf
[1.271s] -- Up-to-date: /home/eduard/Escritorio/Robokin/ROS/install/robokin_world/share/robokin_world//models/cafe_table/meshes
[1.273s] -- Up-to-date: /home/eduard/Escritorio/Robokin/ROS/install/robokin_world/share/robokin_world//models/cafe_table/meshes/cafe_table.dae
[1.274s] -- Up-to-date: /home/eduard/Escritorio/Robokin/ROS/install/robokin_world/share/robokin_world//models/cafe_table/materials
[1.275s] -- Up-to-date: /home/eduard/Escritorio/Robokin/ROS/install/robokin_world/share/robokin_world//models/cafe_table/materials/textures
[1.277s] -- Up-to-date: /home/eduard/Escritorio/Robokin/ROS/install/robokin_world/share/robokin_world//models/cafe_table/materials/textures/Wood_Floor_Dark.jpg
[1.278s] -- Up-to-date: /home/eduard/Escritorio/Robokin/ROS/install/robokin_world/share/robokin_world//models/cafe_table/materials/textures/Maple.jpg
[1.280s] -- Up-to-date: /home/eduard/Escritorio/Robokin/ROS/install/robokin_world/share/robokin_world//models/cafe_table/model.config
[1.280s] -- Up-to-date: /home/eduard/Escritorio/Robokin/ROS/install/robokin_world/share/robokin_world//models/cafe_table/model.sdf
[1.281s] -- Up-to-date: /home/eduard/Escritorio/Robokin/ROS/install/robokin_world/share/robokin_world//models/cafe
[1.284s] -- Up-to-date: /home/eduard/Escritorio/Robokin/ROS/install/robokin_world/share/robokin_world//models/cafe/meshes
[1.285s] -- Up-to-date: /home/eduard/Escritorio/Robokin/ROS/install/robokin_world/share/robokin_world//models/cafe/meshes/cafe.dae
[1.285s] -- Up-to-date: /home/eduard/Escritorio/Robokin/ROS/install/robokin_world/share/robokin_world//models/cafe/materials
[1.285s] -- Up-to-date: /home/eduard/Escritorio/Robokin/ROS/install/robokin_world/share/robokin_world//models/cafe/materials/textures
[1.286s] -- Up-to-date: /home/eduard/Escritorio/Robokin/ROS/install/robokin_world/share/robokin_world//models/cafe/materials/textures/__auto_29.jpg
[1.286s] -- Up-to-date: /home/eduard/Escritorio/Robokin/ROS/install/robokin_world/share/robokin_world//models/cafe/materials/textures/__auto_21.jpg
[1.286s] -- Up-to-date: /home/eduard/Escritorio/Robokin/ROS/install/robokin_world/share/robokin_world//models/cafe/materials/textures/__auto_10.jpg
[1.291s] -- Up-to-date: /home/eduard/Escritorio/Robokin/ROS/install/robokin_world/share/robokin_world//models/cafe/materials/textures/__auto_26.jpg
[1.292s] -- Up-to-date: /home/eduard/Escritorio/Robokin/ROS/install/robokin_world/share/robokin_world//models/cafe/materials/textures/__auto_28.jpg
[1.293s] -- Up-to-date: /home/eduard/Escritorio/Robokin/ROS/install/robokin_world/share/robokin_world//models/cafe/materials/textures/__auto_37.jpg
[1.293s] -- Up-to-date: /home/eduard/Escritorio/Robokin/ROS/install/robokin_world/share/robokin_world//models/cafe/materials/textures/__auto_2.jpg
[1.293s] -- Up-to-date: /home/eduard/Escritorio/Robokin/ROS/install/robokin_world/share/robokin_world//models/cafe/materials/textures/__auto_35.jpg
[1.294s] -- Up-to-date: /home/eduard/Escritorio/Robokin/ROS/install/robokin_world/share/robokin_world//models/cafe/materials/textures/__auto_22.jpg
[1.294s] -- Up-to-date: /home/eduard/Escritorio/Robokin/ROS/install/robokin_world/share/robokin_world//models/cafe/materials/textures/__auto_23.jpg
[1.294s] -- Up-to-date: /home/eduard/Escritorio/Robokin/ROS/install/robokin_world/share/robokin_world//models/cafe/materials/textures/__auto_34.jpg
[1.294s] -- Up-to-date: /home/eduard/Escritorio/Robokin/ROS/install/robokin_world/share/robokin_world//models/cafe/materials/textures/__auto_24.jpg
[1.294s] -- Up-to-date: /home/eduard/Escritorio/Robokin/ROS/install/robokin_world/share/robokin_world//models/cafe/materials/textures/__auto_25.jpg
[1.294s] -- Up-to-date: /home/eduard/Escritorio/Robokin/ROS/install/robokin_world/share/robokin_world//models/cafe/materials/textures/__auto_30.jpg
[1.294s] -- Up-to-date: /home/eduard/Escritorio/Robokin/ROS/install/robokin_world/share/robokin_world//models/cafe/materials/textures/__auto_31.jpg
[1.295s] -- Up-to-date: /home/eduard/Escritorio/Robokin/ROS/install/robokin_world/share/robokin_world//models/cafe/model.config
[1.310s] -- Up-to-date: /home/eduard/Escritorio/Robokin/ROS/install/robokin_world/share/robokin_world//models/cafe/model.sdf
[1.311s] -- Up-to-date: /home/eduard/Escritorio/Robokin/ROS/install/robokin_world/share/robokin_world//world
[1.311s] -- Up-to-date: /home/eduard/Escritorio/Robokin/ROS/install/robokin_world/share/robokin_world//world/burger_pi.model
[1.311s] -- Up-to-date: /home/eduard/Escritorio/Robokin/ROS/install/robokin_world/share/robokin_world//world/burger.model
[1.311s] -- Up-to-date: /home/eduard/Escritorio/Robokin/ROS/install/robokin_world/share/robokin_world//urdf
[1.311s] -- Up-to-date: /home/eduard/Escritorio/Robokin/ROS/install/robokin_world/share/robokin_world//urdf/turtlebot3_burger_pi.urdf
[1.311s] -- Up-to-date: /home/eduard/Escritorio/Robokin/ROS/install/robokin_world/share/robokin_world//urdf/turtlebot3_burger.urdf
[1.311s] -- Up-to-date: /home/eduard/Escritorio/Robokin/ROS/install/robokin_world/include/
[1.312s] -- Up-to-date: /home/eduard/Escritorio/Robokin/ROS/install/robokin_world/include//robokin_world
[1.312s] -- Up-to-date: /home/eduard/Escritorio/Robokin/ROS/install/robokin_world/share/ament_index/resource_index/package_run_dependencies/robokin_world
[1.319s] -- Up-to-date: /home/eduard/Escritorio/Robokin/ROS/install/robokin_world/share/ament_index/resource_index/parent_prefix_path/robokin_world
[1.319s] -- Up-to-date: /home/eduard/Escritorio/Robokin/ROS/install/robokin_world/share/robokin_world/environment/ament_prefix_path.sh
[1.320s] -- Up-to-date: /home/eduard/Escritorio/Robokin/ROS/install/robokin_world/share/robokin_world/environment/ament_prefix_path.dsv
[1.321s] -- Up-to-date: /home/eduard/Escritorio/Robokin/ROS/install/robokin_world/share/robokin_world/environment/path.sh
[1.321s] -- Up-to-date: /home/eduard/Escritorio/Robokin/ROS/install/robokin_world/share/robokin_world/environment/path.dsv
[1.322s] -- Up-to-date: /home/eduard/Escritorio/Robokin/ROS/install/robokin_world/share/robokin_world/local_setup.bash
[1.323s] -- Up-to-date: /home/eduard/Escritorio/Robokin/ROS/install/robokin_world/share/robokin_world/local_setup.sh
[1.326s] -- Up-to-date: /home/eduard/Escritorio/Robokin/ROS/install/robokin_world/share/robokin_world/local_setup.zsh
[1.326s] -- Up-to-date: /home/eduard/Escritorio/Robokin/ROS/install/robokin_world/share/robokin_world/local_setup.dsv
[1.327s] -- Installing: /home/eduard/Escritorio/Robokin/ROS/install/robokin_world/share/robokin_world/package.dsv
[1.336s] -- Up-to-date: /home/eduard/Escritorio/Robokin/ROS/install/robokin_world/share/ament_index/resource_index/packages/robokin_world
[1.393s] -- Up-to-date: /home/eduard/Escritorio/Robokin/ROS/install/robokin_world/share/robokin_world/cmake/ament_cmake_export_include_directories-extras.cmake
[1.396s] -- Up-to-date: /home/eduard/Escritorio/Robokin/ROS/install/robokin_world/share/robokin_world/cmake/ament_cmake_export_dependencies-extras.cmake
[1.396s] -- Up-to-date: /home/eduard/Escritorio/Robokin/ROS/install/robokin_world/share/robokin_world/cmake/robokin_worldConfig.cmake
[1.396s] -- Up-to-date: /home/eduard/Escritorio/Robokin/ROS/install/robokin_world/share/robokin_world/cmake/robokin_worldConfig-version.cmake
[1.396s] -- Up-to-date: /home/eduard/Escritorio/Robokin/ROS/install/robokin_world/share/robokin_world/package.xml
[1.396s] Invoked command in '/home/eduard/Escritorio/Robokin/ROS/build/robokin_world' returned '0': CMAKE_PREFIX_PATH=${CMAKE_PREFIX_PATH}:/home/eduard/Escritorio/Robokin/ROS/install/robokin_publisher:/home/eduard/Escritorio/Robokin/ROS/install/robokin_nav_system:/home/eduard/turtlebot3_ws/install/show_msg:/home/eduard/turtlebot3_ws/install/provide_map:/home/eduard/turtlebot3_ws/install/my_nav2_system:/home/eduard/turtlebot3_ws/install/my_first_subscriber:/home/eduard/turtlebot3_ws/install/my_first_service:/home/eduard/turtlebot3_ws/install/my_first_publisher:/home/eduard/turtlebot3_ws/install/my_first_node:/home/eduard/turtlebot3_ws/install/my_first_action:/opt/ros/galactic /usr/bin/cmake --install /home/eduard/Escritorio/Robokin/ROS/build/robokin_world
