-- The C compiler identification is GNU 9.4.0
-- The CXX compiler identification is GNU 9.4.0
-- Check for working C compiler: /usr/bin/cc
-- Check for working C compiler: /usr/bin/cc -- works
-- Detecting C compiler ABI info
-- Detecting C compiler ABI info - done
-- Detecting C compile features
-- Detecting C compile features - done
-- Check for working CXX compiler: /usr/bin/c++
-- Check for working CXX compiler: /usr/bin/c++ -- works
-- Detecting CXX compiler ABI info
-- Detecting CXX compiler ABI info - done
-- Detecting CXX compile features
-- Detecting CXX compile features - done
-- Found ament_cmake: 1.1.6 (/opt/ros/galactic/share/ament_cmake/cmake)
-- Found PythonInterp: /usr/bin/python3 (found suitable version "3.8.10", minimum required is "3") 
-- Using PYTHON_EXECUTABLE: /usr/bin/python3
-- Found PkgConfig: /usr/bin/pkg-config (found version "0.29.1") 
-- Checking for module 'bullet>=2.82'
--   Found bullet, version 2.88
-- Found ccd: /usr/include (found suitable version "2.0", minimum required is "2.0") 
-- Found fcl: /usr/include (found suitable version "0.5.0", minimum required is "0.3.2") 
-- Found assimp: /usr/include (found version "5.0.0") 
-- Found DART: /usr/include (Required is at least version "6.6") found components: dart 
-- Found Boost: /usr/lib/x86_64-linux-gnu/cmake/Boost-1.71.0/BoostConfig.cmake (found suitable version "1.71.0", minimum required is "1.40.0") found components: thread system filesystem program_options regex iostreams date_time 
-- Found Protobuf: /usr/lib/x86_64-linux-gnu/libprotobuf.so;-lpthread (found version "3.6.1") 
-- Looking for ignition-math6 -- found version 6.15.1
-- Searching for dependencies of ignition-math6
-- Looking for OGRE...
-- OGRE_PREFIX_WATCH changed.
-- Checking for module 'OGRE'
--   Found OGRE, version 1.9.0
-- Found Ogre Ghadamon (1.9.0)
-- Found OGRE: optimized;/usr/lib/x86_64-linux-gnu/libOgreMain.so;debug;/usr/lib/x86_64-linux-gnu/libOgreMain.so
-- Looking for OGRE_Paging...
-- Found OGRE_Paging: optimized;/usr/lib/x86_64-linux-gnu/libOgrePaging.so;debug;/usr/lib/x86_64-linux-gnu/libOgrePaging.so
-- Looking for OGRE_Terrain...
-- Found OGRE_Terrain: optimized;/usr/lib/x86_64-linux-gnu/libOgreTerrain.so;debug;/usr/lib/x86_64-linux-gnu/libOgreTerrain.so
-- Looking for OGRE_Property...
-- Found OGRE_Property: optimized;/usr/lib/x86_64-linux-gnu/libOgreProperty.so;debug;/usr/lib/x86_64-linux-gnu/libOgreProperty.so
-- Looking for OGRE_RTShaderSystem...
-- Found OGRE_RTShaderSystem: optimized;/usr/lib/x86_64-linux-gnu/libOgreRTShaderSystem.so;debug;/usr/lib/x86_64-linux-gnu/libOgreRTShaderSystem.so
-- Looking for OGRE_Volume...
-- Found OGRE_Volume: optimized;/usr/lib/x86_64-linux-gnu/libOgreVolume.so;debug;/usr/lib/x86_64-linux-gnu/libOgreVolume.so
-- Looking for OGRE_Overlay...
-- Found OGRE_Overlay: optimized;/usr/lib/x86_64-linux-gnu/libOgreOverlay.so;debug;/usr/lib/x86_64-linux-gnu/libOgreOverlay.so
-- Looking for ignition-math6 -- found version 6.15.1
-- Looking for ignition-transport8 -- found version 8.3.0
-- Searching for dependencies of ignition-transport8
-- Found Protobuf: /usr/lib/x86_64-linux-gnu/libprotobuf.so;-lpthread (found suitable version "3.6.1", minimum required is "3") 
-- Config-file not installed for ZeroMQ -- checking for pkg-config
-- Checking for module 'libzmq >= 4'
--   Found libzmq , version 4.3.2
-- Found ZeroMQ: TRUE (Required is at least version "4") 
-- Checking for module 'uuid'
--   Found uuid, version 2.34.0
-- Found UUID: TRUE  
-- Looking for ignition-msgs5 -- found version 5.10.0
-- Searching for dependencies of ignition-msgs5
-- Looking for ignition-math6 -- found version 6.15.1
-- Checking for module 'tinyxml2'
--   Found tinyxml2, version 6.2.0
-- Looking for ignition-msgs5 -- found version 5.10.0
-- Looking for ignition-common3 -- found version 3.14.2
-- Searching for dependencies of ignition-common3
-- Looking for dlfcn.h - found
-- Looking for libdl - found
-- Found DL: TRUE  
-- Searching for <ignition-common3> component [graphics]
-- Looking for ignition-common3-graphics -- found version 3.14.2
-- Searching for dependencies of ignition-common3-graphics
-- Looking for ignition-math6 -- found version 6.15.1
-- Looking for ignition-fuel_tools4 -- found version 4.6.0
-- Searching for dependencies of ignition-fuel_tools4
-- Found CURL: /usr/lib/x86_64-linux-gnu/libcurl.so (found version "7.68.0")  
-- Checking for module 'jsoncpp'
--   Found jsoncpp, version 1.7.4
-- Found JSONCPP: TRUE  
-- Checking for module 'libzip'
--   Found libzip, version 1.5.1
-- Found ZIP: TRUE  
-- Looking for ignition-common3 -- found version 3.14.2
-- Looking for ignition-math6 -- found version 6.15.1
-- Looking for ignition-msgs5 -- found version 5.10.0
-- Found gazebo_ros_pkgs: 3.5.2 (/opt/ros/galactic/share/gazebo_ros_pkgs/cmake)
-- Found geometry_msgs: 2.2.4 (/opt/ros/galactic/share/geometry_msgs/cmake)
-- Using all available rosidl_typesupport_c: rosidl_typesupport_fastrtps_c;rosidl_typesupport_introspection_c
-- Found rosidl_adapter: 2.2.3 (/opt/ros/galactic/share/rosidl_adapter/cmake)
-- Found OpenSSL: /usr/lib/x86_64-linux-gnu/libcrypto.so (found version "1.1.1f")  
-- Found FastRTPS: /opt/ros/galactic/include  
-- Using all available rosidl_typesupport_cpp: rosidl_typesupport_fastrtps_cpp;rosidl_typesupport_introspection_cpp
-- Found nav_msgs: 2.2.4 (/opt/ros/galactic/share/nav_msgs/cmake)
-- Found rclcpp: 9.2.2 (/opt/ros/galactic/share/rclcpp/cmake)
-- Found rmw_implementation_cmake: 3.3.1 (/opt/ros/galactic/share/rmw_implementation_cmake/cmake)
-- Found rmw_cyclonedds_cpp: 0.22.6 (/opt/ros/galactic/share/rmw_cyclonedds_cpp/cmake)
-- Using RMW implementation 'rmw_cyclonedds_cpp' as default
-- Found Threads: TRUE  
-- Found sensor_msgs: 2.2.4 (/opt/ros/galactic/share/sensor_msgs/cmake)
-- Found tf2: 0.17.5 (/opt/ros/galactic/share/tf2/cmake)
-- Found turtlebot3_gazebo: 2.2.4 (/home/eduard/turtlebot3_ws/install/turtlebot3_gazebo/share/turtlebot3_gazebo/cmake)
-- Configuring done
-- Generating done
-- Build files have been written to: /home/eduard/Escritorio/Robokin/ROS/build/robokin_world
[35m[1mScanning dependencies of target turtlebot3_drive[0m
[ 50%] [32mBuilding CXX object CMakeFiles/turtlebot3_drive.dir/src/turtlebot3_drive.cpp.o[0m
[100%] [32m[1mLinking CXX executable turtlebot3_drive[0m
[100%] Built target turtlebot3_drive
-- Install configuration: ""
-- Installing: /home/eduard/Escritorio/Robokin/ROS/install/robokin_world/lib/robokin_world/turtlebot3_drive
-- Set runtime path of "/home/eduard/Escritorio/Robokin/ROS/install/robokin_world/lib/robokin_world/turtlebot3_drive" to ""
-- Installing: /home/eduard/Escritorio/Robokin/ROS/install/robokin_world/share/robokin_world//launch
-- Installing: /home/eduard/Escritorio/Robokin/ROS/install/robokin_world/share/robokin_world//launch/robokin_world.launch.py
-- Installing: /home/eduard/Escritorio/Robokin/ROS/install/robokin_world/share/robokin_world//models
-- Installing: /home/eduard/Escritorio/Robokin/ROS/install/robokin_world/share/robokin_world//models/turtlebot3_burger
-- Installing: /home/eduard/Escritorio/Robokin/ROS/install/robokin_world/share/robokin_world//models/turtlebot3_burger/model-1_4.sdf
-- Installing: /home/eduard/Escritorio/Robokin/ROS/install/robokin_world/share/robokin_world//models/turtlebot3_burger/meshes
-- Installing: /home/eduard/Escritorio/Robokin/ROS/install/robokin_world/share/robokin_world//models/turtlebot3_burger/meshes/lds.dae
-- Installing: /home/eduard/Escritorio/Robokin/ROS/install/robokin_world/share/robokin_world//models/turtlebot3_burger/meshes/tire.dae
-- Installing: /home/eduard/Escritorio/Robokin/ROS/install/robokin_world/share/robokin_world//models/turtlebot3_burger/meshes/burger_base.dae
-- Installing: /home/eduard/Escritorio/Robokin/ROS/install/robokin_world/share/robokin_world//models/turtlebot3_burger/model.config
-- Installing: /home/eduard/Escritorio/Robokin/ROS/install/robokin_world/share/robokin_world//models/turtlebot3_burger/model.sdf
-- Installing: /home/eduard/Escritorio/Robokin/ROS/install/robokin_world/share/robokin_world//models/cafe_table
-- Installing: /home/eduard/Escritorio/Robokin/ROS/install/robokin_world/share/robokin_world//models/cafe_table/model-1_4.sdf
-- Installing: /home/eduard/Escritorio/Robokin/ROS/install/robokin_world/share/robokin_world//models/cafe_table/meshes
-- Installing: /home/eduard/Escritorio/Robokin/ROS/install/robokin_world/share/robokin_world//models/cafe_table/meshes/cafe_table.dae
-- Installing: /home/eduard/Escritorio/Robokin/ROS/install/robokin_world/share/robokin_world//models/cafe_table/materials
-- Installing: /home/eduard/Escritorio/Robokin/ROS/install/robokin_world/share/robokin_world//models/cafe_table/materials/textures
-- Installing: /home/eduard/Escritorio/Robokin/ROS/install/robokin_world/share/robokin_world//models/cafe_table/materials/textures/Wood_Floor_Dark.jpg
-- Installing: /home/eduard/Escritorio/Robokin/ROS/install/robokin_world/share/robokin_world//models/cafe_table/materials/textures/Maple.jpg
-- Installing: /home/eduard/Escritorio/Robokin/ROS/install/robokin_world/share/robokin_world//models/cafe_table/model.config
-- Installing: /home/eduard/Escritorio/Robokin/ROS/install/robokin_world/share/robokin_world//models/cafe_table/model.sdf
-- Installing: /home/eduard/Escritorio/Robokin/ROS/install/robokin_world/share/robokin_world//models/cafe
-- Installing: /home/eduard/Escritorio/Robokin/ROS/install/robokin_world/share/robokin_world//models/cafe/meshes
-- Installing: /home/eduard/Escritorio/Robokin/ROS/install/robokin_world/share/robokin_world//models/cafe/meshes/cafe.dae
-- Installing: /home/eduard/Escritorio/Robokin/ROS/install/robokin_world/share/robokin_world//models/cafe/materials
-- Installing: /home/eduard/Escritorio/Robokin/ROS/install/robokin_world/share/robokin_world//models/cafe/materials/textures
-- Installing: /home/eduard/Escritorio/Robokin/ROS/install/robokin_world/share/robokin_world//models/cafe/materials/textures/__auto_29.jpg
-- Installing: /home/eduard/Escritorio/Robokin/ROS/install/robokin_world/share/robokin_world//models/cafe/materials/textures/__auto_21.jpg
-- Installing: /home/eduard/Escritorio/Robokin/ROS/install/robokin_world/share/robokin_world//models/cafe/materials/textures/__auto_10.jpg
-- Installing: /home/eduard/Escritorio/Robokin/ROS/install/robokin_world/share/robokin_world//models/cafe/materials/textures/__auto_26.jpg
-- Installing: /home/eduard/Escritorio/Robokin/ROS/install/robokin_world/share/robokin_world//models/cafe/materials/textures/__auto_28.jpg
-- Installing: /home/eduard/Escritorio/Robokin/ROS/install/robokin_world/share/robokin_world//models/cafe/materials/textures/__auto_37.jpg
-- Installing: /home/eduard/Escritorio/Robokin/ROS/install/robokin_world/share/robokin_world//models/cafe/materials/textures/__auto_2.jpg
-- Installing: /home/eduard/Escritorio/Robokin/ROS/install/robokin_world/share/robokin_world//models/cafe/materials/textures/__auto_35.jpg
-- Installing: /home/eduard/Escritorio/Robokin/ROS/install/robokin_world/share/robokin_world//models/cafe/materials/textures/__auto_22.jpg
-- Installing: /home/eduard/Escritorio/Robokin/ROS/install/robokin_world/share/robokin_world//models/cafe/materials/textures/__auto_23.jpg
-- Installing: /home/eduard/Escritorio/Robokin/ROS/install/robokin_world/share/robokin_world//models/cafe/materials/textures/__auto_34.jpg
-- Installing: /home/eduard/Escritorio/Robokin/ROS/install/robokin_world/share/robokin_world//models/cafe/materials/textures/__auto_24.jpg
-- Installing: /home/eduard/Escritorio/Robokin/ROS/install/robokin_world/share/robokin_world//models/cafe/materials/textures/__auto_25.jpg
-- Installing: /home/eduard/Escritorio/Robokin/ROS/install/robokin_world/share/robokin_world//models/cafe/materials/textures/__auto_30.jpg
-- Installing: /home/eduard/Escritorio/Robokin/ROS/install/robokin_world/share/robokin_world//models/cafe/materials/textures/__auto_31.jpg
-- Installing: /home/eduard/Escritorio/Robokin/ROS/install/robokin_world/share/robokin_world//models/cafe/model.config
-- Installing: /home/eduard/Escritorio/Robokin/ROS/install/robokin_world/share/robokin_world//models/cafe/model.sdf
-- Installing: /home/eduard/Escritorio/Robokin/ROS/install/robokin_world/share/robokin_world//world
-- Installing: /home/eduard/Escritorio/Robokin/ROS/install/robokin_world/share/robokin_world//world/burger_pi.model
-- Installing: /home/eduard/Escritorio/Robokin/ROS/install/robokin_world/share/robokin_world//world/burger.model
-- Installing: /home/eduard/Escritorio/Robokin/ROS/install/robokin_world/share/robokin_world//urdf
-- Installing: /home/eduard/Escritorio/Robokin/ROS/install/robokin_world/share/robokin_world//urdf/turtlebot3_burger_pi.urdf
-- Installing: /home/eduard/Escritorio/Robokin/ROS/install/robokin_world/share/robokin_world//urdf/turtlebot3_burger.urdf
CMake Error at cmake_install.cmake:70 (file):
  file INSTALL cannot find
  "/home/eduard/Escritorio/Robokin/ROS/robokin/robokin_world/include": No
  such file or directory.


