[0.881s] Invoking command in '/home/eduard/Escritorio/Robokin/ROS/build/robokin_world': CMAKE_PREFIX_PATH=${CMAKE_PREFIX_PATH}:/home/eduard/turtlebot3_ws/install/show_msg:/home/eduard/turtlebot3_ws/install/provide_map:/home/eduard/turtlebot3_ws/install/my_nav2_system:/home/eduard/turtlebot3_ws/install/my_first_subscriber:/home/eduard/turtlebot3_ws/install/my_first_service:/home/eduard/turtlebot3_ws/install/my_first_publisher:/home/eduard/turtlebot3_ws/install/my_first_node:/home/eduard/turtlebot3_ws/install/my_first_action:/opt/ros/galactic /usr/bin/cmake /home/eduard/Escritorio/Robokin/ROS/robokin/robokin_world -DCMAKE_INSTALL_PREFIX=/home/eduard/Escritorio/Robokin/ROS/install/robokin_world
[1.173s] -- The C compiler identification is GNU 9.4.0
[1.376s] -- The CXX compiler identification is GNU 9.4.0
[1.396s] -- Check for working C compiler: /usr/bin/cc
[1.505s] -- Check for working C compiler: /usr/bin/cc -- works
[1.508s] -- Detecting C compiler ABI info
[1.609s] -- Detecting C compiler ABI info - done
[1.627s] -- Detecting C compile features
[1.629s] -- Detecting C compile features - done
[1.637s] -- Check for working CXX compiler: /usr/bin/c++
[1.780s] -- Check for working CXX compiler: /usr/bin/c++ -- works
[1.782s] -- Detecting CXX compiler ABI info
[1.876s] -- Detecting CXX compiler ABI info - done
[1.892s] -- Detecting CXX compile features
[1.893s] -- Detecting CXX compile features - done
[1.907s] -- Found ament_cmake: 1.1.6 (/opt/ros/galactic/share/ament_cmake/cmake)
[1.954s] -- Found PythonInterp: /usr/bin/python3 (found suitable version "3.8.10", minimum required is "3") 
[1.955s] -- Using PYTHON_EXECUTABLE: /usr/bin/python3
[2.155s] -- Found PkgConfig: /usr/bin/pkg-config (found version "0.29.1") 
[2.163s] -- Checking for module 'bullet>=2.82'
[2.202s] --   Found bullet, version 2.88
[2.386s] -- Found ccd: /usr/include (found suitable version "2.0", minimum required is "2.0") 
[2.600s] -- Found fcl: /usr/include (found suitable version "0.5.0", minimum required is "0.3.2") 
[2.730s] -- Found assimp: /usr/include (found version "5.0.0") 
[2.788s] -- Found DART: /usr/include (Required is at least version "6.6") found components: dart 
[3.240s] -- Found Boost: /usr/lib/x86_64-linux-gnu/cmake/Boost-1.71.0/BoostConfig.cmake (found suitable version "1.71.0", minimum required is "1.40.0") found components: thread system filesystem program_options regex iostreams date_time 
[3.303s] -- Found Protobuf: /usr/lib/x86_64-linux-gnu/libprotobuf.so;-lpthread (found version "3.6.1") 
[3.318s] -- Looking for ignition-math6 -- found version 6.15.1
[3.343s] -- Searching for dependencies of ignition-math6
[3.347s] -- Looking for OGRE...
[3.349s] -- OGRE_PREFIX_WATCH changed.
[3.355s] -- Checking for module 'OGRE'
[3.377s] --   Found OGRE, version 1.9.0
[3.435s] -- Found Ogre Ghadamon (1.9.0)
[3.458s] -- Found OGRE: optimized;/usr/lib/x86_64-linux-gnu/libOgreMain.so;debug;/usr/lib/x86_64-linux-gnu/libOgreMain.so
[3.475s] -- Looking for OGRE_Paging...
[3.495s] -- Found OGRE_Paging: optimized;/usr/lib/x86_64-linux-gnu/libOgrePaging.so;debug;/usr/lib/x86_64-linux-gnu/libOgrePaging.so
[3.496s] -- Looking for OGRE_Terrain...
[3.515s] -- Found OGRE_Terrain: optimized;/usr/lib/x86_64-linux-gnu/libOgreTerrain.so;debug;/usr/lib/x86_64-linux-gnu/libOgreTerrain.so
[3.515s] -- Looking for OGRE_Property...
[3.532s] -- Found OGRE_Property: optimized;/usr/lib/x86_64-linux-gnu/libOgreProperty.so;debug;/usr/lib/x86_64-linux-gnu/libOgreProperty.so
[3.532s] -- Looking for OGRE_RTShaderSystem...
[3.544s] -- Found OGRE_RTShaderSystem: optimized;/usr/lib/x86_64-linux-gnu/libOgreRTShaderSystem.so;debug;/usr/lib/x86_64-linux-gnu/libOgreRTShaderSystem.so
[3.545s] -- Looking for OGRE_Volume...
[3.561s] -- Found OGRE_Volume: optimized;/usr/lib/x86_64-linux-gnu/libOgreVolume.so;debug;/usr/lib/x86_64-linux-gnu/libOgreVolume.so
[3.562s] -- Looking for OGRE_Overlay...
[3.572s] -- Found OGRE_Overlay: optimized;/usr/lib/x86_64-linux-gnu/libOgreOverlay.so;debug;/usr/lib/x86_64-linux-gnu/libOgreOverlay.so
[3.855s] -- Looking for ignition-math6 -- found version 6.15.1
[3.861s] -- Looking for ignition-transport8 -- found version 8.3.0
[3.862s] -- Searching for dependencies of ignition-transport8
[3.889s] -- Found Protobuf: /usr/lib/x86_64-linux-gnu/libprotobuf.so;-lpthread (found suitable version "3.6.1", minimum required is "3") 
[3.903s] -- Config-file not installed for ZeroMQ -- checking for pkg-config
[3.910s] -- Checking for module 'libzmq >= 4'
[3.938s] --   Found libzmq , version 4.3.2
[3.997s] -- Found ZeroMQ: TRUE (Required is at least version "4") 
[4.008s] -- Checking for module 'uuid'
[4.032s] --   Found uuid, version 2.34.0
[4.089s] -- Found UUID: TRUE  
[4.094s] -- Looking for ignition-msgs5 -- found version 5.10.0
[4.095s] -- Searching for dependencies of ignition-msgs5
[4.118s] -- Looking for ignition-math6 -- found version 6.15.1
[4.126s] -- Checking for module 'tinyxml2'
[4.149s] --   Found tinyxml2, version 6.2.0
[4.209s] -- Looking for ignition-msgs5 -- found version 5.10.0
[4.214s] -- Looking for ignition-common3 -- found version 3.14.2
[4.214s] -- Searching for dependencies of ignition-common3
[4.215s] -- Looking for dlfcn.h - found
[4.218s] -- Looking for libdl - found
[4.219s] -- Found DL: TRUE  
[4.233s] -- Searching for <ignition-common3> component [graphics]
[4.239s] -- Looking for ignition-common3-graphics -- found version 3.14.2
[4.240s] -- Searching for dependencies of ignition-common3-graphics
[4.240s] -- Looking for ignition-math6 -- found version 6.15.1
[4.247s] -- Looking for ignition-fuel_tools4 -- found version 4.6.0
[4.248s] -- Searching for dependencies of ignition-fuel_tools4
[4.363s] -- Found CURL: /usr/lib/x86_64-linux-gnu/libcurl.so (found version "7.68.0")  
[4.377s] -- Checking for module 'jsoncpp'
[4.408s] --   Found jsoncpp, version 1.7.4
[4.556s] -- Found JSONCPP: TRUE  
[4.588s] -- Checking for module 'libzip'
[4.664s] --   Found libzip, version 1.5.1
[4.745s] -- Found ZIP: TRUE  
[4.745s] -- Looking for ignition-common3 -- found version 3.14.2
[4.746s] -- Looking for ignition-math6 -- found version 6.15.1
[4.746s] -- Looking for ignition-msgs5 -- found version 5.10.0
[4.752s] -- Found gazebo_ros_pkgs: 3.5.2 (/opt/ros/galactic/share/gazebo_ros_pkgs/cmake)
[4.756s] -- Found geometry_msgs: 2.2.4 (/opt/ros/galactic/share/geometry_msgs/cmake)
[4.817s] -- Using all available rosidl_typesupport_c: rosidl_typesupport_fastrtps_c;rosidl_typesupport_introspection_c
[4.831s] -- Found rosidl_adapter: 2.2.3 (/opt/ros/galactic/share/rosidl_adapter/cmake)
[4.965s] -- Found OpenSSL: /usr/lib/x86_64-linux-gnu/libcrypto.so (found version "1.1.1f")  
[5.002s] -- Found FastRTPS: /opt/ros/galactic/include  
[5.124s] -- Using all available rosidl_typesupport_cpp: rosidl_typesupport_fastrtps_cpp;rosidl_typesupport_introspection_cpp
[5.274s] -- Found nav_msgs: 2.2.4 (/opt/ros/galactic/share/nav_msgs/cmake)
[5.382s] -- Found rclcpp: 9.2.2 (/opt/ros/galactic/share/rclcpp/cmake)
[5.494s] -- Found rmw_implementation_cmake: 3.3.1 (/opt/ros/galactic/share/rmw_implementation_cmake/cmake)
[5.502s] -- Found rmw_cyclonedds_cpp: 0.22.6 (/opt/ros/galactic/share/rmw_cyclonedds_cpp/cmake)
[5.545s] -- Using RMW implementation 'rmw_cyclonedds_cpp' as default
[5.547s] -- Found Threads: TRUE  
[5.786s] -- Found sensor_msgs: 2.2.4 (/opt/ros/galactic/share/sensor_msgs/cmake)
[5.918s] -- Found tf2: 0.17.5 (/opt/ros/galactic/share/tf2/cmake)
[5.940s] -- Found turtlebot3_gazebo: 2.2.4 (/home/eduard/turtlebot3_ws/install/turtlebot3_gazebo/share/turtlebot3_gazebo/cmake)
[6.138s] -- Configuring done
[6.158s] -- Generating done
[6.162s] -- Build files have been written to: /home/eduard/Escritorio/Robokin/ROS/build/robokin_world
[6.187s] Invoked command in '/home/eduard/Escritorio/Robokin/ROS/build/robokin_world' returned '0': CMAKE_PREFIX_PATH=${CMAKE_PREFIX_PATH}:/home/eduard/turtlebot3_ws/install/show_msg:/home/eduard/turtlebot3_ws/install/provide_map:/home/eduard/turtlebot3_ws/install/my_nav2_system:/home/eduard/turtlebot3_ws/install/my_first_subscriber:/home/eduard/turtlebot3_ws/install/my_first_service:/home/eduard/turtlebot3_ws/install/my_first_publisher:/home/eduard/turtlebot3_ws/install/my_first_node:/home/eduard/turtlebot3_ws/install/my_first_action:/opt/ros/galactic /usr/bin/cmake /home/eduard/Escritorio/Robokin/ROS/robokin/robokin_world -DCMAKE_INSTALL_PREFIX=/home/eduard/Escritorio/Robokin/ROS/install/robokin_world
[6.187s] Invoking command in '/home/eduard/Escritorio/Robokin/ROS/build/robokin_world': CMAKE_PREFIX_PATH=${CMAKE_PREFIX_PATH}:/home/eduard/turtlebot3_ws/install/show_msg:/home/eduard/turtlebot3_ws/install/provide_map:/home/eduard/turtlebot3_ws/install/my_nav2_system:/home/eduard/turtlebot3_ws/install/my_first_subscriber:/home/eduard/turtlebot3_ws/install/my_first_service:/home/eduard/turtlebot3_ws/install/my_first_publisher:/home/eduard/turtlebot3_ws/install/my_first_node:/home/eduard/turtlebot3_ws/install/my_first_action:/opt/ros/galactic /usr/bin/cmake --build /home/eduard/Escritorio/Robokin/ROS/build/robokin_world -- -j2 -l2
[6.244s] [35m[1mScanning dependencies of target turtlebot3_drive[0m
[6.656s] [ 50%] [32mBuilding CXX object CMakeFiles/turtlebot3_drive.dir/src/turtlebot3_drive.cpp.o[0m
[19.528s] [100%] [32m[1mLinking CXX executable turtlebot3_drive[0m
[20.383s] [100%] Built target turtlebot3_drive
[20.399s] Invoked command in '/home/eduard/Escritorio/Robokin/ROS/build/robokin_world' returned '0': CMAKE_PREFIX_PATH=${CMAKE_PREFIX_PATH}:/home/eduard/turtlebot3_ws/install/show_msg:/home/eduard/turtlebot3_ws/install/provide_map:/home/eduard/turtlebot3_ws/install/my_nav2_system:/home/eduard/turtlebot3_ws/install/my_first_subscriber:/home/eduard/turtlebot3_ws/install/my_first_service:/home/eduard/turtlebot3_ws/install/my_first_publisher:/home/eduard/turtlebot3_ws/install/my_first_node:/home/eduard/turtlebot3_ws/install/my_first_action:/opt/ros/galactic /usr/bin/cmake --build /home/eduard/Escritorio/Robokin/ROS/build/robokin_world -- -j2 -l2
[20.451s] Invoking command in '/home/eduard/Escritorio/Robokin/ROS/build/robokin_world': CMAKE_PREFIX_PATH=${CMAKE_PREFIX_PATH}:/home/eduard/turtlebot3_ws/install/show_msg:/home/eduard/turtlebot3_ws/install/provide_map:/home/eduard/turtlebot3_ws/install/my_nav2_system:/home/eduard/turtlebot3_ws/install/my_first_subscriber:/home/eduard/turtlebot3_ws/install/my_first_service:/home/eduard/turtlebot3_ws/install/my_first_publisher:/home/eduard/turtlebot3_ws/install/my_first_node:/home/eduard/turtlebot3_ws/install/my_first_action:/opt/ros/galactic /usr/bin/cmake --install /home/eduard/Escritorio/Robokin/ROS/build/robokin_world
[20.465s] -- Install configuration: ""
[20.466s] -- Installing: /home/eduard/Escritorio/Robokin/ROS/install/robokin_world/lib/robokin_world/turtlebot3_drive
[20.474s] -- Set runtime path of "/home/eduard/Escritorio/Robokin/ROS/install/robokin_world/lib/robokin_world/turtlebot3_drive" to ""
[20.474s] -- Installing: /home/eduard/Escritorio/Robokin/ROS/install/robokin_world/share/robokin_world//launch
[20.475s] -- Installing: /home/eduard/Escritorio/Robokin/ROS/install/robokin_world/share/robokin_world//launch/robokin_world.launch.py
[20.476s] -- Installing: /home/eduard/Escritorio/Robokin/ROS/install/robokin_world/share/robokin_world//models
[20.476s] -- Installing: /home/eduard/Escritorio/Robokin/ROS/install/robokin_world/share/robokin_world//models/turtlebot3_burger
[20.477s] -- Installing: /home/eduard/Escritorio/Robokin/ROS/install/robokin_world/share/robokin_world//models/turtlebot3_burger/model-1_4.sdf
[20.477s] -- Installing: /home/eduard/Escritorio/Robokin/ROS/install/robokin_world/share/robokin_world//models/turtlebot3_burger/meshes
[20.477s] -- Installing: /home/eduard/Escritorio/Robokin/ROS/install/robokin_world/share/robokin_world//models/turtlebot3_burger/meshes/lds.dae
[20.478s] -- Installing: /home/eduard/Escritorio/Robokin/ROS/install/robokin_world/share/robokin_world//models/turtlebot3_burger/meshes/tire.dae
[20.478s] -- Installing: /home/eduard/Escritorio/Robokin/ROS/install/robokin_world/share/robokin_world//models/turtlebot3_burger/meshes/burger_base.dae
[20.479s] -- Installing: /home/eduard/Escritorio/Robokin/ROS/install/robokin_world/share/robokin_world//models/turtlebot3_burger/model.config
[20.479s] -- Installing: /home/eduard/Escritorio/Robokin/ROS/install/robokin_world/share/robokin_world//models/turtlebot3_burger/model.sdf
[20.480s] -- Installing: /home/eduard/Escritorio/Robokin/ROS/install/robokin_world/share/robokin_world//models/cafe_table
[20.480s] -- Installing: /home/eduard/Escritorio/Robokin/ROS/install/robokin_world/share/robokin_world//models/cafe_table/model-1_4.sdf
[20.480s] -- Installing: /home/eduard/Escritorio/Robokin/ROS/install/robokin_world/share/robokin_world//models/cafe_table/meshes
[20.481s] -- Installing: /home/eduard/Escritorio/Robokin/ROS/install/robokin_world/share/robokin_world//models/cafe_table/meshes/cafe_table.dae
[20.481s] -- Installing: /home/eduard/Escritorio/Robokin/ROS/install/robokin_world/share/robokin_world//models/cafe_table/materials
[20.482s] -- Installing: /home/eduard/Escritorio/Robokin/ROS/install/robokin_world/share/robokin_world//models/cafe_table/materials/textures
[20.482s] -- Installing: /home/eduard/Escritorio/Robokin/ROS/install/robokin_world/share/robokin_world//models/cafe_table/materials/textures/Wood_Floor_Dark.jpg
[20.483s] -- Installing: /home/eduard/Escritorio/Robokin/ROS/install/robokin_world/share/robokin_world//models/cafe_table/materials/textures/Maple.jpg
[20.484s] -- Installing: /home/eduard/Escritorio/Robokin/ROS/install/robokin_world/share/robokin_world//models/cafe_table/model.config
[20.484s] -- Installing: /home/eduard/Escritorio/Robokin/ROS/install/robokin_world/share/robokin_world//models/cafe_table/model.sdf
[20.485s] -- Installing: /home/eduard/Escritorio/Robokin/ROS/install/robokin_world/share/robokin_world//models/cafe
[20.485s] -- Installing: /home/eduard/Escritorio/Robokin/ROS/install/robokin_world/share/robokin_world//models/cafe/meshes
[20.485s] -- Installing: /home/eduard/Escritorio/Robokin/ROS/install/robokin_world/share/robokin_world//models/cafe/meshes/cafe.dae
[20.507s] -- Installing: /home/eduard/Escritorio/Robokin/ROS/install/robokin_world/share/robokin_world//models/cafe/materials
[20.507s] -- Installing: /home/eduard/Escritorio/Robokin/ROS/install/robokin_world/share/robokin_world//models/cafe/materials/textures
[20.508s] -- Installing: /home/eduard/Escritorio/Robokin/ROS/install/robokin_world/share/robokin_world//models/cafe/materials/textures/__auto_29.jpg
[20.508s] -- Installing: /home/eduard/Escritorio/Robokin/ROS/install/robokin_world/share/robokin_world//models/cafe/materials/textures/__auto_21.jpg
[20.509s] -- Installing: /home/eduard/Escritorio/Robokin/ROS/install/robokin_world/share/robokin_world//models/cafe/materials/textures/__auto_10.jpg
[20.509s] -- Installing: /home/eduard/Escritorio/Robokin/ROS/install/robokin_world/share/robokin_world//models/cafe/materials/textures/__auto_26.jpg
[20.510s] -- Installing: /home/eduard/Escritorio/Robokin/ROS/install/robokin_world/share/robokin_world//models/cafe/materials/textures/__auto_28.jpg
[20.511s] -- Installing: /home/eduard/Escritorio/Robokin/ROS/install/robokin_world/share/robokin_world//models/cafe/materials/textures/__auto_37.jpg
[20.511s] -- Installing: /home/eduard/Escritorio/Robokin/ROS/install/robokin_world/share/robokin_world//models/cafe/materials/textures/__auto_2.jpg
[20.512s] -- Installing: /home/eduard/Escritorio/Robokin/ROS/install/robokin_world/share/robokin_world//models/cafe/materials/textures/__auto_35.jpg
[20.512s] -- Installing: /home/eduard/Escritorio/Robokin/ROS/install/robokin_world/share/robokin_world//models/cafe/materials/textures/__auto_22.jpg
[20.515s] -- Installing: /home/eduard/Escritorio/Robokin/ROS/install/robokin_world/share/robokin_world//models/cafe/materials/textures/__auto_23.jpg
[20.516s] -- Installing: /home/eduard/Escritorio/Robokin/ROS/install/robokin_world/share/robokin_world//models/cafe/materials/textures/__auto_34.jpg
[20.517s] -- Installing: /home/eduard/Escritorio/Robokin/ROS/install/robokin_world/share/robokin_world//models/cafe/materials/textures/__auto_24.jpg
[20.517s] -- Installing: /home/eduard/Escritorio/Robokin/ROS/install/robokin_world/share/robokin_world//models/cafe/materials/textures/__auto_25.jpg
[20.520s] -- Installing: /home/eduard/Escritorio/Robokin/ROS/install/robokin_world/share/robokin_world//models/cafe/materials/textures/__auto_30.jpg
[20.522s] -- Installing: /home/eduard/Escritorio/Robokin/ROS/install/robokin_world/share/robokin_world//models/cafe/materials/textures/__auto_31.jpg
[20.522s] -- Installing: /home/eduard/Escritorio/Robokin/ROS/install/robokin_world/share/robokin_world//models/cafe/model.config
[20.522s] -- Installing: /home/eduard/Escritorio/Robokin/ROS/install/robokin_world/share/robokin_world//models/cafe/model.sdf
[20.522s] -- Installing: /home/eduard/Escritorio/Robokin/ROS/install/robokin_world/share/robokin_world//world
[20.522s] -- Installing: /home/eduard/Escritorio/Robokin/ROS/install/robokin_world/share/robokin_world//world/burger_pi.model
[20.522s] -- Installing: /home/eduard/Escritorio/Robokin/ROS/install/robokin_world/share/robokin_world//world/burger.model
[20.522s] -- Installing: /home/eduard/Escritorio/Robokin/ROS/install/robokin_world/share/robokin_world//urdf
[20.522s] -- Installing: /home/eduard/Escritorio/Robokin/ROS/install/robokin_world/share/robokin_world//urdf/turtlebot3_burger_pi.urdf
[20.529s] -- Installing: /home/eduard/Escritorio/Robokin/ROS/install/robokin_world/share/robokin_world//urdf/turtlebot3_burger.urdf
[20.529s] CMake Error at cmake_install.cmake:70 (file):
[20.529s]   file INSTALL cannot find
[20.530s]   "/home/eduard/Escritorio/Robokin/ROS/robokin/robokin_world/include": No
[20.530s]   such file or directory.
[20.530s] 
[20.530s] 
[20.539s] Invoked command in '/home/eduard/Escritorio/Robokin/ROS/build/robokin_world' returned '1': CMAKE_PREFIX_PATH=${CMAKE_PREFIX_PATH}:/home/eduard/turtlebot3_ws/install/show_msg:/home/eduard/turtlebot3_ws/install/provide_map:/home/eduard/turtlebot3_ws/install/my_nav2_system:/home/eduard/turtlebot3_ws/install/my_first_subscriber:/home/eduard/turtlebot3_ws/install/my_first_service:/home/eduard/turtlebot3_ws/install/my_first_publisher:/home/eduard/turtlebot3_ws/install/my_first_node:/home/eduard/turtlebot3_ws/install/my_first_action:/opt/ros/galactic /usr/bin/cmake --install /home/eduard/Escritorio/Robokin/ROS/build/robokin_world
