running egg_info
writing ../../build/robokin_nav_system/robokin_nav_system.egg-info/PKG-INFO
writing dependency_links to ../../build/robokin_nav_system/robokin_nav_system.egg-info/dependency_links.txt
writing entry points to ../../build/robokin_nav_system/robokin_nav_system.egg-info/entry_points.txt
writing requirements to ../../build/robokin_nav_system/robokin_nav_system.egg-info/requires.txt
writing top-level names to ../../build/robokin_nav_system/robokin_nav_system.egg-info/top_level.txt
reading manifest file '../../build/robokin_nav_system/robokin_nav_system.egg-info/SOURCES.txt'
writing manifest file '../../build/robokin_nav_system/robokin_nav_system.egg-info/SOURCES.txt'
running build
running build_py
running install
running install_lib
running install_data
copying launch/my_tb3_sim_nav2.launch.py -> /home/eduard/Escritorio/Robokin/ROS/install/robokin_nav_system/share/robokin_nav_system/launch
running install_egg_info
removing '/home/eduard/Escritorio/Robokin/ROS/install/robokin_nav_system/lib/python3.8/site-packages/robokin_nav_system-0.0.0-py3.8.egg-info' (and everything under it)
Copying ../../build/robokin_nav_system/robokin_nav_system.egg-info to /home/eduard/Escritorio/Robokin/ROS/install/robokin_nav_system/lib/python3.8/site-packages/robokin_nav_system-0.0.0-py3.8.egg-info
running install_scripts
Installing initial_pose_pub script to /home/eduard/Escritorio/Robokin/ROS/install/robokin_nav_system/lib/robokin_nav_system
Installing my_waypoints_follower script to /home/eduard/Escritorio/Robokin/ROS/install/robokin_nav_system/lib/robokin_nav_system
Installing navigate_to_pose script to /home/eduard/Escritorio/Robokin/ROS/install/robokin_nav_system/lib/robokin_nav_system
writing list of installed files to '/home/eduard/Escritorio/Robokin/ROS/build/robokin_nav_system/install.log'
