[2.923s] Invoking command in '/home/eduard/Escritorio/Robokin/ROS/robokin/robokin_nav_system': PYTHONPATH=/home/eduard/Escritorio/Robokin/ROS/build/robokin_nav_system/prefix_override:/home/eduard/Escritorio/Robokin/ROS/install/robokin_nav_system/lib/python3.8/site-packages:${PYTHONPATH} /usr/bin/python3 setup.py egg_info --egg-base ../../build/robokin_nav_system build --build-base /home/eduard/Escritorio/Robokin/ROS/build/robokin_nav_system/build install --record /home/eduard/Escritorio/Robokin/ROS/build/robokin_nav_system/install.log --single-version-externally-managed
[3.441s] running egg_info
[3.442s] writing ../../build/robokin_nav_system/robokin_nav_system.egg-info/PKG-INFO
[3.445s] writing dependency_links to ../../build/robokin_nav_system/robokin_nav_system.egg-info/dependency_links.txt
[3.446s] writing entry points to ../../build/robokin_nav_system/robokin_nav_system.egg-info/entry_points.txt
[3.446s] writing requirements to ../../build/robokin_nav_system/robokin_nav_system.egg-info/requires.txt
[3.446s] writing top-level names to ../../build/robokin_nav_system/robokin_nav_system.egg-info/top_level.txt
[3.524s] reading manifest file '../../build/robokin_nav_system/robokin_nav_system.egg-info/SOURCES.txt'
[3.526s] writing manifest file '../../build/robokin_nav_system/robokin_nav_system.egg-info/SOURCES.txt'
[3.526s] running build
[3.526s] running build_py
[3.527s] running install
[3.535s] running install_lib
[3.535s] running install_data
[3.535s] copying launch/my_tb3_sim_nav2.launch.py -> /home/eduard/Escritorio/Robokin/ROS/install/robokin_nav_system/share/robokin_nav_system/launch
[3.535s] running install_egg_info
[3.537s] removing '/home/eduard/Escritorio/Robokin/ROS/install/robokin_nav_system/lib/python3.8/site-packages/robokin_nav_system-0.0.0-py3.8.egg-info' (and everything under it)
[3.583s] Copying ../../build/robokin_nav_system/robokin_nav_system.egg-info to /home/eduard/Escritorio/Robokin/ROS/install/robokin_nav_system/lib/python3.8/site-packages/robokin_nav_system-0.0.0-py3.8.egg-info
[3.584s] running install_scripts
[3.590s] Installing initial_pose_pub script to /home/eduard/Escritorio/Robokin/ROS/install/robokin_nav_system/lib/robokin_nav_system
[3.596s] Installing my_waypoints_follower script to /home/eduard/Escritorio/Robokin/ROS/install/robokin_nav_system/lib/robokin_nav_system
[3.596s] Installing navigate_to_pose script to /home/eduard/Escritorio/Robokin/ROS/install/robokin_nav_system/lib/robokin_nav_system
[3.596s] writing list of installed files to '/home/eduard/Escritorio/Robokin/ROS/build/robokin_nav_system/install.log'
[3.664s] Invoked command in '/home/eduard/Escritorio/Robokin/ROS/robokin/robokin_nav_system' returned '0': PYTHONPATH=/home/eduard/Escritorio/Robokin/ROS/build/robokin_nav_system/prefix_override:/home/eduard/Escritorio/Robokin/ROS/install/robokin_nav_system/lib/python3.8/site-packages:${PYTHONPATH} /usr/bin/python3 setup.py egg_info --egg-base ../../build/robokin_nav_system build --build-base /home/eduard/Escritorio/Robokin/ROS/build/robokin_nav_system/build install --record /home/eduard/Escritorio/Robokin/ROS/build/robokin_nav_system/install.log --single-version-externally-managed
