running egg_info
creating ../../build/robokin_nav_system/robokin_nav_system.egg-info
writing ../../build/robokin_nav_system/robokin_nav_system.egg-info/PKG-INFO
writing dependency_links to ../../build/robokin_nav_system/robokin_nav_system.egg-info/dependency_links.txt
writing entry points to ../../build/robokin_nav_system/robokin_nav_system.egg-info/entry_points.txt
writing requirements to ../../build/robokin_nav_system/robokin_nav_system.egg-info/requires.txt
writing top-level names to ../../build/robokin_nav_system/robokin_nav_system.egg-info/top_level.txt
writing manifest file '../../build/robokin_nav_system/robokin_nav_system.egg-info/SOURCES.txt'
reading manifest file '../../build/robokin_nav_system/robokin_nav_system.egg-info/SOURCES.txt'
writing manifest file '../../build/robokin_nav_system/robokin_nav_system.egg-info/SOURCES.txt'
running build
running build_py
creating /home/eduard/Escritorio/Robokin/ROS/build/robokin_nav_system/build
creating /home/eduard/Escritorio/Robokin/ROS/build/robokin_nav_system/build/lib
creating /home/eduard/Escritorio/Robokin/ROS/build/robokin_nav_system/build/lib/robokin_nav_system
copying robokin_nav_system/initial_pose_pub.py -> /home/eduard/Escritorio/Robokin/ROS/build/robokin_nav_system/build/lib/robokin_nav_system
copying robokin_nav_system/navigate_to_pose.py -> /home/eduard/Escritorio/Robokin/ROS/build/robokin_nav_system/build/lib/robokin_nav_system
copying robokin_nav_system/__init__.py -> /home/eduard/Escritorio/Robokin/ROS/build/robokin_nav_system/build/lib/robokin_nav_system
copying robokin_nav_system/my_waypoint_follower.py -> /home/eduard/Escritorio/Robokin/ROS/build/robokin_nav_system/build/lib/robokin_nav_system
running install
running install_lib
creating /home/eduard/Escritorio/Robokin/ROS/install/robokin_nav_system/lib/python3.8/site-packages/robokin_nav_system
copying /home/eduard/Escritorio/Robokin/ROS/build/robokin_nav_system/build/lib/robokin_nav_system/initial_pose_pub.py -> /home/eduard/Escritorio/Robokin/ROS/install/robokin_nav_system/lib/python3.8/site-packages/robokin_nav_system
copying /home/eduard/Escritorio/Robokin/ROS/build/robokin_nav_system/build/lib/robokin_nav_system/navigate_to_pose.py -> /home/eduard/Escritorio/Robokin/ROS/install/robokin_nav_system/lib/python3.8/site-packages/robokin_nav_system
copying /home/eduard/Escritorio/Robokin/ROS/build/robokin_nav_system/build/lib/robokin_nav_system/__init__.py -> /home/eduard/Escritorio/Robokin/ROS/install/robokin_nav_system/lib/python3.8/site-packages/robokin_nav_system
copying /home/eduard/Escritorio/Robokin/ROS/build/robokin_nav_system/build/lib/robokin_nav_system/my_waypoint_follower.py -> /home/eduard/Escritorio/Robokin/ROS/install/robokin_nav_system/lib/python3.8/site-packages/robokin_nav_system
byte-compiling /home/eduard/Escritorio/Robokin/ROS/install/robokin_nav_system/lib/python3.8/site-packages/robokin_nav_system/initial_pose_pub.py to initial_pose_pub.cpython-38.pyc
byte-compiling /home/eduard/Escritorio/Robokin/ROS/install/robokin_nav_system/lib/python3.8/site-packages/robokin_nav_system/navigate_to_pose.py to navigate_to_pose.cpython-38.pyc
byte-compiling /home/eduard/Escritorio/Robokin/ROS/install/robokin_nav_system/lib/python3.8/site-packages/robokin_nav_system/__init__.py to __init__.cpython-38.pyc
byte-compiling /home/eduard/Escritorio/Robokin/ROS/install/robokin_nav_system/lib/python3.8/site-packages/robokin_nav_system/my_waypoint_follower.py to my_waypoint_follower.cpython-38.pyc
running install_data
creating /home/eduard/Escritorio/Robokin/ROS/install/robokin_nav_system/share/ament_index
creating /home/eduard/Escritorio/Robokin/ROS/install/robokin_nav_system/share/ament_index/resource_index
creating /home/eduard/Escritorio/Robokin/ROS/install/robokin_nav_system/share/ament_index/resource_index/packages
copying resource/robokin_nav_system -> /home/eduard/Escritorio/Robokin/ROS/install/robokin_nav_system/share/ament_index/resource_index/packages
copying package.xml -> /home/eduard/Escritorio/Robokin/ROS/install/robokin_nav_system/share/robokin_nav_system
creating /home/eduard/Escritorio/Robokin/ROS/install/robokin_nav_system/share/robokin_nav_system/config
copying config/cafe.pgm -> /home/eduard/Escritorio/Robokin/ROS/install/robokin_nav_system/share/robokin_nav_system/config
copying config/my_nav2_params.yaml -> /home/eduard/Escritorio/Robokin/ROS/install/robokin_nav_system/share/robokin_nav_system/config
copying config/cafe.yaml -> /home/eduard/Escritorio/Robokin/ROS/install/robokin_nav_system/share/robokin_nav_system/config
copying config/my_slam.rviz -> /home/eduard/Escritorio/Robokin/ROS/install/robokin_nav_system/share/robokin_nav_system/config
creating /home/eduard/Escritorio/Robokin/ROS/install/robokin_nav_system/share/robokin_nav_system/launch
copying launch/my_nav2_system.launch.py -> /home/eduard/Escritorio/Robokin/ROS/install/robokin_nav_system/share/robokin_nav_system/launch
copying launch/my_nav2_waypoints_follower.launch.py -> /home/eduard/Escritorio/Robokin/ROS/install/robokin_nav_system/share/robokin_nav_system/launch
copying launch/my_tb3_sim_nav2.launch.py -> /home/eduard/Escritorio/Robokin/ROS/install/robokin_nav_system/share/robokin_nav_system/launch
copying config/navigate_to_pose_w_replanning_and_recovery.xml -> /home/eduard/Escritorio/Robokin/ROS/install/robokin_nav_system/share/robokin_nav_system/config
running install_egg_info
Copying ../../build/robokin_nav_system/robokin_nav_system.egg-info to /home/eduard/Escritorio/Robokin/ROS/install/robokin_nav_system/lib/python3.8/site-packages/robokin_nav_system-0.0.0-py3.8.egg-info
running install_scripts
Installing initial_pose_pub script to /home/eduard/Escritorio/Robokin/ROS/install/robokin_nav_system/lib/robokin_nav_system
Installing my_waypoints_follower script to /home/eduard/Escritorio/Robokin/ROS/install/robokin_nav_system/lib/robokin_nav_system
Installing navigate_to_pose script to /home/eduard/Escritorio/Robokin/ROS/install/robokin_nav_system/lib/robokin_nav_system
writing list of installed files to '/home/eduard/Escritorio/Robokin/ROS/build/robokin_nav_system/install.log'
