running egg_info
creating ../../build/robokin_publisher/robokin_publisher.egg-info
writing ../../build/robokin_publisher/robokin_publisher.egg-info/PKG-INFO
writing dependency_links to ../../build/robokin_publisher/robokin_publisher.egg-info/dependency_links.txt
writing entry points to ../../build/robokin_publisher/robokin_publisher.egg-info/entry_points.txt
writing requirements to ../../build/robokin_publisher/robokin_publisher.egg-info/requires.txt
writing top-level names to ../../build/robokin_publisher/robokin_publisher.egg-info/top_level.txt
writing manifest file '../../build/robokin_publisher/robokin_publisher.egg-info/SOURCES.txt'
reading manifest file '../../build/robokin_publisher/robokin_publisher.egg-info/SOURCES.txt'
writing manifest file '../../build/robokin_publisher/robokin_publisher.egg-info/SOURCES.txt'
running build
running build_py
creating /home/eduard/Escritorio/Robokin/ROS/build/robokin_publisher/build
creating /home/eduard/Escritorio/Robokin/ROS/build/robokin_publisher/build/lib
creating /home/eduard/Escritorio/Robokin/ROS/build/robokin_publisher/build/lib/robokin_publisher
copying robokin_publisher/__init__.py -> /home/eduard/Escritorio/Robokin/ROS/build/robokin_publisher/build/lib/robokin_publisher
copying robokin_publisher/simple_publisher.py -> /home/eduard/Escritorio/Robokin/ROS/build/robokin_publisher/build/lib/robokin_publisher
running install
running install_lib
creating /home/eduard/Escritorio/Robokin/ROS/install/robokin_publisher/lib/python3.8/site-packages/robokin_publisher
copying /home/eduard/Escritorio/Robokin/ROS/build/robokin_publisher/build/lib/robokin_publisher/__init__.py -> /home/eduard/Escritorio/Robokin/ROS/install/robokin_publisher/lib/python3.8/site-packages/robokin_publisher
copying /home/eduard/Escritorio/Robokin/ROS/build/robokin_publisher/build/lib/robokin_publisher/simple_publisher.py -> /home/eduard/Escritorio/Robokin/ROS/install/robokin_publisher/lib/python3.8/site-packages/robokin_publisher
byte-compiling /home/eduard/Escritorio/Robokin/ROS/install/robokin_publisher/lib/python3.8/site-packages/robokin_publisher/__init__.py to __init__.cpython-38.pyc
byte-compiling /home/eduard/Escritorio/Robokin/ROS/install/robokin_publisher/lib/python3.8/site-packages/robokin_publisher/simple_publisher.py to simple_publisher.cpython-38.pyc
running install_data
creating /home/eduard/Escritorio/Robokin/ROS/install/robokin_publisher/share/ament_index
creating /home/eduard/Escritorio/Robokin/ROS/install/robokin_publisher/share/ament_index/resource_index
creating /home/eduard/Escritorio/Robokin/ROS/install/robokin_publisher/share/ament_index/resource_index/packages
copying resource/robokin_publisher -> /home/eduard/Escritorio/Robokin/ROS/install/robokin_publisher/share/ament_index/resource_index/packages
copying package.xml -> /home/eduard/Escritorio/Robokin/ROS/install/robokin_publisher/share/robokin_publisher
copying launch/my_first_publisher.launch.py -> /home/eduard/Escritorio/Robokin/ROS/install/robokin_publisher/share/robokin_publisher
running install_egg_info
Copying ../../build/robokin_publisher/robokin_publisher.egg-info to /home/eduard/Escritorio/Robokin/ROS/install/robokin_publisher/lib/python3.8/site-packages/robokin_publisher-0.0.0-py3.8.egg-info
running install_scripts
Installing simple_publisher script to /home/eduard/Escritorio/Robokin/ROS/install/robokin_publisher/lib/robokin_publisher
writing list of installed files to '/home/eduard/Escritorio/Robokin/ROS/build/robokin_publisher/install.log'
