[7.202s] DEBUG:colcon:Command line arguments: ['/usr/bin/colcon', 'build']
[7.203s] DEBUG:colcon:Parsed command line arguments: Namespace(allow_overriding=[], ament_cmake_args=None, base_paths=['.'], build_base='build', catkin_cmake_args=None, catkin_skip_building_tests=False, cmake_args=None, cmake_clean_cache=False, cmake_clean_first=False, cmake_force_configure=False, cmake_target=None, cmake_target_skip_unavailable=False, continue_on_error=False, event_handlers=None, executor='parallel', ignore_user_meta=False, install_base='install', log_base=None, log_level=None, main=<bound method BuildVerb.main of <colcon_core.verb.build.BuildVerb object at 0x7fa4fe31f040>>, merge_install=False, metas=['./colcon.meta'], packages_above=None, packages_above_and_dependencies=None, packages_above_depth=None, packages_end=None, packages_ignore=None, packages_ignore_regex=None, packages_select=None, packages_select_build_failed=False, packages_select_by_dep=None, packages_select_regex=None, packages_select_test_failures=False, packages_skip=None, packages_skip_build_finished=False, packages_skip_by_dep=None, packages_skip_regex=None, packages_skip_test_passed=False, packages_skip_up_to=None, packages_start=None, packages_up_to=None, packages_up_to_regex=None, parallel_workers=2, paths=None, symlink_install=False, test_result_base=None, verb_extension=<colcon_core.verb.build.BuildVerb object at 0x7fa4fe31f040>, verb_name='build', verb_parser=<colcon_defaults.argument_parser.defaults.DefaultArgumentsDecorator object at 0x7fa4fdeff4c0>)
[7.599s] Level 1:colcon.colcon_core.package_discovery:discover_packages(colcon_meta) check parameters
[7.603s] Level 1:colcon.colcon_core.package_discovery:discover_packages(recursive) check parameters
[7.603s] Level 1:colcon.colcon_core.package_discovery:discover_packages(ignore) check parameters
[7.604s] Level 1:colcon.colcon_core.package_discovery:discover_packages(path) check parameters
[7.604s] Level 1:colcon.colcon_core.package_discovery:discover_packages(colcon_meta) discover
[7.604s] Level 1:colcon.colcon_core.package_discovery:discover_packages(recursive) discover
[7.604s] INFO:colcon.colcon_core.package_discovery:Crawling recursively for packages in '/home/eduard/Escritorio/Robokin/ROS'
[7.605s] Level 1:colcon.colcon_core.package_identification:_identify(.) by extensions ['ignore', 'ignore_ament_install']
[7.605s] Level 1:colcon.colcon_core.package_identification:_identify(.) by extension 'ignore'
[7.606s] Level 1:colcon.colcon_core.package_identification:_identify(.) by extension 'ignore_ament_install'
[7.606s] Level 1:colcon.colcon_core.package_identification:_identify(.) by extensions ['colcon_pkg']
[7.608s] Level 1:colcon.colcon_core.package_identification:_identify(.) by extension 'colcon_pkg'
[7.609s] Level 1:colcon.colcon_core.package_identification:_identify(.) by extensions ['colcon_meta']
[7.609s] Level 1:colcon.colcon_core.package_identification:_identify(.) by extension 'colcon_meta'
[7.610s] Level 1:colcon.colcon_core.package_identification:_identify(.) by extensions ['ros']
[7.613s] Level 1:colcon.colcon_core.package_identification:_identify(.) by extension 'ros'
[7.673s] Level 1:colcon.colcon_core.package_identification:_identify(.) by extensions ['cmake', 'python']
[7.674s] Level 1:colcon.colcon_core.package_identification:_identify(.) by extension 'cmake'
[7.674s] Level 1:colcon.colcon_core.package_identification:_identify(.) by extension 'python'
[7.677s] Level 1:colcon.colcon_core.package_identification:_identify(.) by extensions ['python_setup_py']
[7.677s] Level 1:colcon.colcon_core.package_identification:_identify(.) by extension 'python_setup_py'
[7.682s] Level 1:colcon.colcon_core.package_identification:_identify(build) by extensions ['ignore', 'ignore_ament_install']
[7.682s] Level 1:colcon.colcon_core.package_identification:_identify(build) by extension 'ignore'
[7.682s] Level 1:colcon.colcon_core.package_identification:_identify(build) ignored
[7.683s] Level 1:colcon.colcon_core.package_identification:_identify(install) by extensions ['ignore', 'ignore_ament_install']
[7.683s] Level 1:colcon.colcon_core.package_identification:_identify(install) by extension 'ignore'
[7.684s] Level 1:colcon.colcon_core.package_identification:_identify(install) ignored
[7.685s] Level 1:colcon.colcon_core.package_identification:_identify(log) by extensions ['ignore', 'ignore_ament_install']
[7.686s] Level 1:colcon.colcon_core.package_identification:_identify(log) by extension 'ignore'
[7.686s] Level 1:colcon.colcon_core.package_identification:_identify(log) ignored
[7.688s] Level 1:colcon.colcon_core.package_identification:_identify(robokin) by extensions ['ignore', 'ignore_ament_install']
[7.688s] Level 1:colcon.colcon_core.package_identification:_identify(robokin) by extension 'ignore'
[7.693s] Level 1:colcon.colcon_core.package_identification:_identify(robokin) by extension 'ignore_ament_install'
[7.694s] Level 1:colcon.colcon_core.package_identification:_identify(robokin) by extensions ['colcon_pkg']
[7.695s] Level 1:colcon.colcon_core.package_identification:_identify(robokin) by extension 'colcon_pkg'
[7.695s] Level 1:colcon.colcon_core.package_identification:_identify(robokin) by extensions ['colcon_meta']
[7.695s] Level 1:colcon.colcon_core.package_identification:_identify(robokin) by extension 'colcon_meta'
[7.696s] Level 1:colcon.colcon_core.package_identification:_identify(robokin) by extensions ['ros']
[7.696s] Level 1:colcon.colcon_core.package_identification:_identify(robokin) by extension 'ros'
[7.696s] Level 1:colcon.colcon_core.package_identification:_identify(robokin) by extensions ['cmake', 'python']
[7.698s] Level 1:colcon.colcon_core.package_identification:_identify(robokin) by extension 'cmake'
[7.698s] Level 1:colcon.colcon_core.package_identification:_identify(robokin) by extension 'python'
[7.698s] Level 1:colcon.colcon_core.package_identification:_identify(robokin) by extensions ['python_setup_py']
[7.699s] Level 1:colcon.colcon_core.package_identification:_identify(robokin) by extension 'python_setup_py'
[7.699s] Level 1:colcon.colcon_core.package_identification:_identify(robokin/robokin) by extensions ['ignore', 'ignore_ament_install']
[7.699s] Level 1:colcon.colcon_core.package_identification:_identify(robokin/robokin) by extension 'ignore'
[7.700s] Level 1:colcon.colcon_core.package_identification:_identify(robokin/robokin) by extension 'ignore_ament_install'
[7.700s] Level 1:colcon.colcon_core.package_identification:_identify(robokin/robokin) by extensions ['colcon_pkg']
[7.700s] Level 1:colcon.colcon_core.package_identification:_identify(robokin/robokin) by extension 'colcon_pkg'
[7.700s] Level 1:colcon.colcon_core.package_identification:_identify(robokin/robokin) by extensions ['colcon_meta']
[7.701s] Level 1:colcon.colcon_core.package_identification:_identify(robokin/robokin) by extension 'colcon_meta'
[7.701s] Level 1:colcon.colcon_core.package_identification:_identify(robokin/robokin) by extensions ['ros']
[7.701s] Level 1:colcon.colcon_core.package_identification:_identify(robokin/robokin) by extension 'ros'
[7.716s] DEBUG:colcon.colcon_core.package_identification:Package 'robokin/robokin' with type 'ros.ament_cmake' and name 'robokin'
[7.723s] Level 1:colcon.colcon_core.package_identification:_identify(robokin/robokin_nav_system) by extensions ['ignore', 'ignore_ament_install']
[7.723s] Level 1:colcon.colcon_core.package_identification:_identify(robokin/robokin_nav_system) by extension 'ignore'
[7.723s] Level 1:colcon.colcon_core.package_identification:_identify(robokin/robokin_nav_system) by extension 'ignore_ament_install'
[7.724s] Level 1:colcon.colcon_core.package_identification:_identify(robokin/robokin_nav_system) by extensions ['colcon_pkg']
[7.724s] Level 1:colcon.colcon_core.package_identification:_identify(robokin/robokin_nav_system) by extension 'colcon_pkg'
[7.724s] Level 1:colcon.colcon_core.package_identification:_identify(robokin/robokin_nav_system) by extensions ['colcon_meta']
[7.725s] Level 1:colcon.colcon_core.package_identification:_identify(robokin/robokin_nav_system) by extension 'colcon_meta'
[7.726s] Level 1:colcon.colcon_core.package_identification:_identify(robokin/robokin_nav_system) by extensions ['ros']
[7.726s] Level 1:colcon.colcon_core.package_identification:_identify(robokin/robokin_nav_system) by extension 'ros'
[7.730s] DEBUG:colcon.colcon_core.package_identification:Package 'robokin/robokin_nav_system' with type 'ros.ament_python' and name 'robokin_nav_system'
[7.734s] Level 1:colcon.colcon_core.package_identification:_identify(robokin/robokin_publisher) by extensions ['ignore', 'ignore_ament_install']
[7.735s] Level 1:colcon.colcon_core.package_identification:_identify(robokin/robokin_publisher) by extension 'ignore'
[7.735s] Level 1:colcon.colcon_core.package_identification:_identify(robokin/robokin_publisher) by extension 'ignore_ament_install'
[7.736s] Level 1:colcon.colcon_core.package_identification:_identify(robokin/robokin_publisher) by extensions ['colcon_pkg']
[7.736s] Level 1:colcon.colcon_core.package_identification:_identify(robokin/robokin_publisher) by extension 'colcon_pkg'
[7.736s] Level 1:colcon.colcon_core.package_identification:_identify(robokin/robokin_publisher) by extensions ['colcon_meta']
[7.737s] Level 1:colcon.colcon_core.package_identification:_identify(robokin/robokin_publisher) by extension 'colcon_meta'
[7.737s] Level 1:colcon.colcon_core.package_identification:_identify(robokin/robokin_publisher) by extensions ['ros']
[7.737s] Level 1:colcon.colcon_core.package_identification:_identify(robokin/robokin_publisher) by extension 'ros'
[7.739s] DEBUG:colcon.colcon_core.package_identification:Package 'robokin/robokin_publisher' with type 'ros.ament_python' and name 'robokin_publisher'
[7.739s] Level 1:colcon.colcon_core.package_identification:_identify(robokin/robokin_world) by extensions ['ignore', 'ignore_ament_install']
[7.741s] Level 1:colcon.colcon_core.package_identification:_identify(robokin/robokin_world) by extension 'ignore'
[7.742s] Level 1:colcon.colcon_core.package_identification:_identify(robokin/robokin_world) by extension 'ignore_ament_install'
[7.745s] Level 1:colcon.colcon_core.package_identification:_identify(robokin/robokin_world) by extensions ['colcon_pkg']
[7.746s] Level 1:colcon.colcon_core.package_identification:_identify(robokin/robokin_world) by extension 'colcon_pkg'
[7.746s] Level 1:colcon.colcon_core.package_identification:_identify(robokin/robokin_world) by extensions ['colcon_meta']
[7.746s] Level 1:colcon.colcon_core.package_identification:_identify(robokin/robokin_world) by extension 'colcon_meta'
[7.746s] Level 1:colcon.colcon_core.package_identification:_identify(robokin/robokin_world) by extensions ['ros']
[7.747s] Level 1:colcon.colcon_core.package_identification:_identify(robokin/robokin_world) by extension 'ros'
[7.749s] DEBUG:colcon.colcon_core.package_identification:Package 'robokin/robokin_world' with type 'ros.ament_cmake' and name 'robokin_world'
[7.750s] Level 1:colcon.colcon_core.package_discovery:discover_packages(recursive) using defaults
[7.753s] Level 1:colcon.colcon_core.package_discovery:discover_packages(ignore) discover
[7.754s] Level 1:colcon.colcon_core.package_discovery:discover_packages(ignore) using defaults
[7.754s] Level 1:colcon.colcon_core.package_discovery:discover_packages(path) discover
[7.754s] Level 1:colcon.colcon_core.package_discovery:discover_packages(path) using defaults
[8.610s] Level 1:colcon.colcon_core.package_discovery:discover_packages(prefix_path) check parameters
[8.611s] Level 1:colcon.colcon_core.package_discovery:discover_packages(prefix_path) discover
[8.836s] DEBUG:colcon.colcon_installed_package_information.package_discovery:Found 14 installed packages in /home/eduard/turtlebot3_ws/install
[8.969s] DEBUG:colcon.colcon_installed_package_information.package_discovery:Found 336 installed packages in /opt/ros/galactic
[8.975s] Level 1:colcon.colcon_core.package_discovery:discover_packages(prefix_path) using defaults
[9.590s] Level 5:colcon.colcon_core.verb:set package 'robokin_nav_system' build argument 'cmake_args' from command line to 'None'
[9.591s] Level 5:colcon.colcon_core.verb:set package 'robokin_nav_system' build argument 'cmake_target' from command line to 'None'
[9.591s] Level 5:colcon.colcon_core.verb:set package 'robokin_nav_system' build argument 'cmake_target_skip_unavailable' from command line to 'False'
[9.591s] Level 5:colcon.colcon_core.verb:set package 'robokin_nav_system' build argument 'cmake_clean_cache' from command line to 'False'
[9.591s] Level 5:colcon.colcon_core.verb:set package 'robokin_nav_system' build argument 'cmake_clean_first' from command line to 'False'
[9.592s] Level 5:colcon.colcon_core.verb:set package 'robokin_nav_system' build argument 'cmake_force_configure' from command line to 'False'
[9.592s] Level 5:colcon.colcon_core.verb:set package 'robokin_nav_system' build argument 'ament_cmake_args' from command line to 'None'
[9.592s] Level 5:colcon.colcon_core.verb:set package 'robokin_nav_system' build argument 'catkin_cmake_args' from command line to 'None'
[9.592s] Level 5:colcon.colcon_core.verb:set package 'robokin_nav_system' build argument 'catkin_skip_building_tests' from command line to 'False'
[9.593s] DEBUG:colcon.colcon_core.verb:Building package 'robokin_nav_system' with the following arguments: {'ament_cmake_args': None, 'build_base': '/home/eduard/Escritorio/Robokin/ROS/build/robokin_nav_system', 'catkin_cmake_args': None, 'catkin_skip_building_tests': False, 'cmake_args': None, 'cmake_clean_cache': False, 'cmake_clean_first': False, 'cmake_force_configure': False, 'cmake_target': None, 'cmake_target_skip_unavailable': False, 'install_base': '/home/eduard/Escritorio/Robokin/ROS/install/robokin_nav_system', 'merge_install': False, 'path': '/home/eduard/Escritorio/Robokin/ROS/robokin/robokin_nav_system', 'symlink_install': False, 'test_result_base': None}
[9.782s] Level 5:colcon.colcon_core.verb:set package 'robokin_publisher' build argument 'cmake_args' from command line to 'None'
[9.783s] Level 5:colcon.colcon_core.verb:set package 'robokin_publisher' build argument 'cmake_target' from command line to 'None'
[9.783s] Level 5:colcon.colcon_core.verb:set package 'robokin_publisher' build argument 'cmake_target_skip_unavailable' from command line to 'False'
[9.784s] Level 5:colcon.colcon_core.verb:set package 'robokin_publisher' build argument 'cmake_clean_cache' from command line to 'False'
[9.784s] Level 5:colcon.colcon_core.verb:set package 'robokin_publisher' build argument 'cmake_clean_first' from command line to 'False'
[9.784s] Level 5:colcon.colcon_core.verb:set package 'robokin_publisher' build argument 'cmake_force_configure' from command line to 'False'
[9.784s] Level 5:colcon.colcon_core.verb:set package 'robokin_publisher' build argument 'ament_cmake_args' from command line to 'None'
[9.785s] Level 5:colcon.colcon_core.verb:set package 'robokin_publisher' build argument 'catkin_cmake_args' from command line to 'None'
[9.785s] Level 5:colcon.colcon_core.verb:set package 'robokin_publisher' build argument 'catkin_skip_building_tests' from command line to 'False'
[9.785s] DEBUG:colcon.colcon_core.verb:Building package 'robokin_publisher' with the following arguments: {'ament_cmake_args': None, 'build_base': '/home/eduard/Escritorio/Robokin/ROS/build/robokin_publisher', 'catkin_cmake_args': None, 'catkin_skip_building_tests': False, 'cmake_args': None, 'cmake_clean_cache': False, 'cmake_clean_first': False, 'cmake_force_configure': False, 'cmake_target': None, 'cmake_target_skip_unavailable': False, 'install_base': '/home/eduard/Escritorio/Robokin/ROS/install/robokin_publisher', 'merge_install': False, 'path': '/home/eduard/Escritorio/Robokin/ROS/robokin/robokin_publisher', 'symlink_install': False, 'test_result_base': None}
[9.945s] Level 5:colcon.colcon_core.verb:set package 'robokin_world' build argument 'cmake_args' from command line to 'None'
[9.945s] Level 5:colcon.colcon_core.verb:set package 'robokin_world' build argument 'cmake_target' from command line to 'None'
[9.946s] Level 5:colcon.colcon_core.verb:set package 'robokin_world' build argument 'cmake_target_skip_unavailable' from command line to 'False'
[9.946s] Level 5:colcon.colcon_core.verb:set package 'robokin_world' build argument 'cmake_clean_cache' from command line to 'False'
[9.946s] Level 5:colcon.colcon_core.verb:set package 'robokin_world' build argument 'cmake_clean_first' from command line to 'False'
[9.946s] Level 5:colcon.colcon_core.verb:set package 'robokin_world' build argument 'cmake_force_configure' from command line to 'False'
[9.947s] Level 5:colcon.colcon_core.verb:set package 'robokin_world' build argument 'ament_cmake_args' from command line to 'None'
[9.947s] Level 5:colcon.colcon_core.verb:set package 'robokin_world' build argument 'catkin_cmake_args' from command line to 'None'
[9.947s] Level 5:colcon.colcon_core.verb:set package 'robokin_world' build argument 'catkin_skip_building_tests' from command line to 'False'
[9.947s] DEBUG:colcon.colcon_core.verb:Building package 'robokin_world' with the following arguments: {'ament_cmake_args': None, 'build_base': '/home/eduard/Escritorio/Robokin/ROS/build/robokin_world', 'catkin_cmake_args': None, 'catkin_skip_building_tests': False, 'cmake_args': None, 'cmake_clean_cache': False, 'cmake_clean_first': False, 'cmake_force_configure': False, 'cmake_target': None, 'cmake_target_skip_unavailable': False, 'install_base': '/home/eduard/Escritorio/Robokin/ROS/install/robokin_world', 'merge_install': False, 'path': '/home/eduard/Escritorio/Robokin/ROS/robokin/robokin_world', 'symlink_install': False, 'test_result_base': None}
[10.062s] Level 5:colcon.colcon_core.verb:set package 'robokin' build argument 'cmake_args' from command line to 'None'
[10.063s] Level 5:colcon.colcon_core.verb:set package 'robokin' build argument 'cmake_target' from command line to 'None'
[10.063s] Level 5:colcon.colcon_core.verb:set package 'robokin' build argument 'cmake_target_skip_unavailable' from command line to 'False'
[10.064s] Level 5:colcon.colcon_core.verb:set package 'robokin' build argument 'cmake_clean_cache' from command line to 'False'
[10.064s] Level 5:colcon.colcon_core.verb:set package 'robokin' build argument 'cmake_clean_first' from command line to 'False'
[10.064s] Level 5:colcon.colcon_core.verb:set package 'robokin' build argument 'cmake_force_configure' from command line to 'False'
[10.065s] Level 5:colcon.colcon_core.verb:set package 'robokin' build argument 'ament_cmake_args' from command line to 'None'
[10.065s] Level 5:colcon.colcon_core.verb:set package 'robokin' build argument 'catkin_cmake_args' from command line to 'None'
[10.065s] Level 5:colcon.colcon_core.verb:set package 'robokin' build argument 'catkin_skip_building_tests' from command line to 'False'
[10.065s] DEBUG:colcon.colcon_core.verb:Building package 'robokin' with the following arguments: {'ament_cmake_args': None, 'build_base': '/home/eduard/Escritorio/Robokin/ROS/build/robokin', 'catkin_cmake_args': None, 'catkin_skip_building_tests': False, 'cmake_args': None, 'cmake_clean_cache': False, 'cmake_clean_first': False, 'cmake_force_configure': False, 'cmake_target': None, 'cmake_target_skip_unavailable': False, 'install_base': '/home/eduard/Escritorio/Robokin/ROS/install/robokin', 'merge_install': False, 'path': '/home/eduard/Escritorio/Robokin/ROS/robokin/robokin', 'symlink_install': False, 'test_result_base': None}
[10.173s] INFO:colcon.colcon_core.executor:Executing jobs using 'parallel' executor
[10.336s] DEBUG:colcon.colcon_parallel_executor.executor.parallel:run_until_complete
[10.338s] INFO:colcon.colcon_ros.task.ament_python.build:Building ROS package in '/home/eduard/Escritorio/Robokin/ROS/robokin/robokin_publisher' with build type 'ament_python'
[10.338s] Level 1:colcon.colcon_core.shell:create_environment_hook('robokin_publisher', 'ament_prefix_path')
[10.449s] INFO:colcon.colcon_core.plugin_system:Skipping extension 'colcon_core.shell.bat': Not used on non-Windows systems
[10.450s] INFO:colcon.colcon_core.shell:Creating environment hook '/home/eduard/Escritorio/Robokin/ROS/install/robokin_publisher/share/robokin_publisher/hook/ament_prefix_path.ps1'
[10.457s] INFO:colcon.colcon_core.shell:Creating environment descriptor '/home/eduard/Escritorio/Robokin/ROS/install/robokin_publisher/share/robokin_publisher/hook/ament_prefix_path.dsv'
[10.468s] INFO:colcon.colcon_core.shell:Creating environment hook '/home/eduard/Escritorio/Robokin/ROS/install/robokin_publisher/share/robokin_publisher/hook/ament_prefix_path.sh'
[10.593s] INFO:colcon.colcon_core.shell:Skip shell extension 'powershell' for command environment: Not usable outside of PowerShell
[10.596s] DEBUG:colcon.colcon_core.shell:Skip shell extension 'dsv' for command environment
[10.937s] INFO:colcon.colcon_ros.task.ament_cmake.build:Building ROS package in '/home/eduard/Escritorio/Robokin/ROS/robokin/robokin_world' with build type 'ament_cmake'
[10.939s] INFO:colcon.colcon_cmake.task.cmake.build:Building CMake package in '/home/eduard/Escritorio/Robokin/ROS/robokin/robokin_world'
[11.051s] INFO:colcon.colcon_core.shell:Skip shell extension 'powershell' for command environment: Not usable outside of PowerShell
[11.052s] DEBUG:colcon.colcon_core.shell:Skip shell extension 'dsv' for command environment
[12.167s] INFO:colcon.colcon_core.task.python.build:Building Python package in '/home/eduard/Escritorio/Robokin/ROS/robokin/robokin_publisher'
[12.298s] INFO:colcon.colcon_core.shell:Skip shell extension 'powershell' for command environment: Not usable outside of PowerShell
[12.302s] DEBUG:colcon.colcon_core.shell:Skip shell extension 'dsv' for command environment
[12.698s] DEBUG:colcon.colcon_core.event_handler.log_command:Invoking command in '/home/eduard/Escritorio/Robokin/ROS/build/robokin_world': CMAKE_PREFIX_PATH=${CMAKE_PREFIX_PATH}:/home/eduard/turtlebot3_ws/install/show_msg:/home/eduard/turtlebot3_ws/install/provide_map:/home/eduard/turtlebot3_ws/install/my_nav2_system:/home/eduard/turtlebot3_ws/install/my_first_subscriber:/home/eduard/turtlebot3_ws/install/my_first_service:/home/eduard/turtlebot3_ws/install/my_first_publisher:/home/eduard/turtlebot3_ws/install/my_first_node:/home/eduard/turtlebot3_ws/install/my_first_action:/opt/ros/galactic /usr/bin/cmake --build /home/eduard/Escritorio/Robokin/ROS/build/robokin_world -- -j2 -l2
[13.200s] DEBUG:colcon.colcon_core.event_handler.log_command:Invoked command in '/home/eduard/Escritorio/Robokin/ROS/build/robokin_world' returned '0': CMAKE_PREFIX_PATH=${CMAKE_PREFIX_PATH}:/home/eduard/turtlebot3_ws/install/show_msg:/home/eduard/turtlebot3_ws/install/provide_map:/home/eduard/turtlebot3_ws/install/my_nav2_system:/home/eduard/turtlebot3_ws/install/my_first_subscriber:/home/eduard/turtlebot3_ws/install/my_first_service:/home/eduard/turtlebot3_ws/install/my_first_publisher:/home/eduard/turtlebot3_ws/install/my_first_node:/home/eduard/turtlebot3_ws/install/my_first_action:/opt/ros/galactic /usr/bin/cmake --build /home/eduard/Escritorio/Robokin/ROS/build/robokin_world -- -j2 -l2
[13.611s] DEBUG:colcon.colcon_core.event_handler.log_command:Invoking command in '/home/eduard/Escritorio/Robokin/ROS/build/robokin_world': CMAKE_PREFIX_PATH=${CMAKE_PREFIX_PATH}:/home/eduard/turtlebot3_ws/install/show_msg:/home/eduard/turtlebot3_ws/install/provide_map:/home/eduard/turtlebot3_ws/install/my_nav2_system:/home/eduard/turtlebot3_ws/install/my_first_subscriber:/home/eduard/turtlebot3_ws/install/my_first_service:/home/eduard/turtlebot3_ws/install/my_first_publisher:/home/eduard/turtlebot3_ws/install/my_first_node:/home/eduard/turtlebot3_ws/install/my_first_action:/opt/ros/galactic /usr/bin/cmake --install /home/eduard/Escritorio/Robokin/ROS/build/robokin_world
[13.716s] Level 1:colcon.colcon_core.environment:create_environment_scripts_only(robokin_world)
[13.742s] DEBUG:colcon.colcon_core.event_handler.log_command:Invoked command in '/home/eduard/Escritorio/Robokin/ROS/build/robokin_world' returned '0': CMAKE_PREFIX_PATH=${CMAKE_PREFIX_PATH}:/home/eduard/turtlebot3_ws/install/show_msg:/home/eduard/turtlebot3_ws/install/provide_map:/home/eduard/turtlebot3_ws/install/my_nav2_system:/home/eduard/turtlebot3_ws/install/my_first_subscriber:/home/eduard/turtlebot3_ws/install/my_first_service:/home/eduard/turtlebot3_ws/install/my_first_publisher:/home/eduard/turtlebot3_ws/install/my_first_node:/home/eduard/turtlebot3_ws/install/my_first_action:/opt/ros/galactic /usr/bin/cmake --install /home/eduard/Escritorio/Robokin/ROS/build/robokin_world
[13.875s] Level 1:colcon.colcon_core.environment:checking '/home/eduard/Escritorio/Robokin/ROS/install/robokin_world' for CMake module files
[13.878s] Level 1:colcon.colcon_core.environment:checking '/home/eduard/Escritorio/Robokin/ROS/install/robokin_world' for CMake config files
[13.878s] Level 1:colcon.colcon_core.shell:create_environment_hook('robokin_world', 'cmake_prefix_path')
[14.064s] INFO:colcon.colcon_core.shell:Creating environment hook '/home/eduard/Escritorio/Robokin/ROS/install/robokin_world/share/robokin_world/hook/cmake_prefix_path.ps1'
[14.065s] INFO:colcon.colcon_core.shell:Creating environment descriptor '/home/eduard/Escritorio/Robokin/ROS/install/robokin_world/share/robokin_world/hook/cmake_prefix_path.dsv'
[14.066s] INFO:colcon.colcon_core.shell:Creating environment hook '/home/eduard/Escritorio/Robokin/ROS/install/robokin_world/share/robokin_world/hook/cmake_prefix_path.sh'
[14.067s] Level 1:colcon.colcon_core.environment:checking '/home/eduard/Escritorio/Robokin/ROS/install/robokin_world/lib'
[14.067s] Level 1:colcon.colcon_core.environment:checking '/home/eduard/Escritorio/Robokin/ROS/install/robokin_world/bin'
[14.068s] Level 1:colcon.colcon_core.environment:checking '/home/eduard/Escritorio/Robokin/ROS/install/robokin_world/lib/pkgconfig/robokin_world.pc'
[14.068s] Level 1:colcon.colcon_core.environment:checking '/home/eduard/Escritorio/Robokin/ROS/install/robokin_world/lib/python3.8/site-packages'
[14.069s] Level 1:colcon.colcon_core.environment:checking '/home/eduard/Escritorio/Robokin/ROS/install/robokin_world/bin'
[14.217s] INFO:colcon.colcon_core.shell:Creating package script '/home/eduard/Escritorio/Robokin/ROS/install/robokin_world/share/robokin_world/package.ps1'
[14.221s] INFO:colcon.colcon_core.shell:Creating package descriptor '/home/eduard/Escritorio/Robokin/ROS/install/robokin_world/share/robokin_world/package.dsv'
[14.226s] INFO:colcon.colcon_core.shell:Creating package script '/home/eduard/Escritorio/Robokin/ROS/install/robokin_world/share/robokin_world/package.sh'
[14.234s] INFO:colcon.colcon_core.shell:Creating package script '/home/eduard/Escritorio/Robokin/ROS/install/robokin_world/share/robokin_world/package.bash'
[14.239s] INFO:colcon.colcon_core.shell:Creating package script '/home/eduard/Escritorio/Robokin/ROS/install/robokin_world/share/robokin_world/package.zsh'
[14.244s] Level 1:colcon.colcon_core.environment:create_file_with_runtime_dependencies(/home/eduard/Escritorio/Robokin/ROS/install/robokin_world/share/colcon-core/packages/robokin_world)
[14.633s] Level 1:colcon.colcon_core.environment:create_environment_scripts_only(robokin_world)
[14.847s] Level 1:colcon.colcon_core.environment:checking '/home/eduard/Escritorio/Robokin/ROS/install/robokin_world' for CMake module files
[14.851s] Level 1:colcon.colcon_core.environment:checking '/home/eduard/Escritorio/Robokin/ROS/install/robokin_world' for CMake config files
[14.852s] Level 1:colcon.colcon_core.shell:create_environment_hook('robokin_world', 'cmake_prefix_path')
[14.995s] INFO:colcon.colcon_core.shell:Creating environment hook '/home/eduard/Escritorio/Robokin/ROS/install/robokin_world/share/robokin_world/hook/cmake_prefix_path.ps1'
[14.997s] INFO:colcon.colcon_core.shell:Creating environment descriptor '/home/eduard/Escritorio/Robokin/ROS/install/robokin_world/share/robokin_world/hook/cmake_prefix_path.dsv'
[14.999s] INFO:colcon.colcon_core.shell:Creating environment hook '/home/eduard/Escritorio/Robokin/ROS/install/robokin_world/share/robokin_world/hook/cmake_prefix_path.sh'
[15.005s] Level 1:colcon.colcon_core.environment:checking '/home/eduard/Escritorio/Robokin/ROS/install/robokin_world/lib'
[15.005s] Level 1:colcon.colcon_core.environment:checking '/home/eduard/Escritorio/Robokin/ROS/install/robokin_world/bin'
[15.006s] Level 1:colcon.colcon_core.environment:checking '/home/eduard/Escritorio/Robokin/ROS/install/robokin_world/lib/pkgconfig/robokin_world.pc'
[15.006s] Level 1:colcon.colcon_core.environment:checking '/home/eduard/Escritorio/Robokin/ROS/install/robokin_world/lib/python3.8/site-packages'
[15.007s] Level 1:colcon.colcon_core.environment:checking '/home/eduard/Escritorio/Robokin/ROS/install/robokin_world/bin'
[15.126s] INFO:colcon.colcon_core.shell:Creating package script '/home/eduard/Escritorio/Robokin/ROS/install/robokin_world/share/robokin_world/package.ps1'
[15.128s] INFO:colcon.colcon_core.shell:Creating package descriptor '/home/eduard/Escritorio/Robokin/ROS/install/robokin_world/share/robokin_world/package.dsv'
[15.131s] INFO:colcon.colcon_core.shell:Creating package script '/home/eduard/Escritorio/Robokin/ROS/install/robokin_world/share/robokin_world/package.sh'
[15.136s] INFO:colcon.colcon_core.shell:Creating package script '/home/eduard/Escritorio/Robokin/ROS/install/robokin_world/share/robokin_world/package.bash'
[15.138s] INFO:colcon.colcon_core.shell:Creating package script '/home/eduard/Escritorio/Robokin/ROS/install/robokin_world/share/robokin_world/package.zsh'
[15.140s] Level 1:colcon.colcon_core.environment:create_file_with_runtime_dependencies(/home/eduard/Escritorio/Robokin/ROS/install/robokin_world/share/colcon-core/packages/robokin_world)
[15.142s] INFO:colcon.colcon_ros.task.ament_python.build:Building ROS package in '/home/eduard/Escritorio/Robokin/ROS/robokin/robokin_nav_system' with build type 'ament_python'
[15.143s] Level 1:colcon.colcon_core.shell:create_environment_hook('robokin_nav_system', 'ament_prefix_path')
[15.285s] INFO:colcon.colcon_core.shell:Creating environment hook '/home/eduard/Escritorio/Robokin/ROS/install/robokin_nav_system/share/robokin_nav_system/hook/ament_prefix_path.ps1'
[15.290s] INFO:colcon.colcon_core.shell:Creating environment descriptor '/home/eduard/Escritorio/Robokin/ROS/install/robokin_nav_system/share/robokin_nav_system/hook/ament_prefix_path.dsv'
[15.291s] INFO:colcon.colcon_core.shell:Creating environment hook '/home/eduard/Escritorio/Robokin/ROS/install/robokin_nav_system/share/robokin_nav_system/hook/ament_prefix_path.sh'
[15.464s] INFO:colcon.colcon_core.shell:Skip shell extension 'powershell' for command environment: Not usable outside of PowerShell
[15.468s] DEBUG:colcon.colcon_core.shell:Skip shell extension 'dsv' for command environment
[15.986s] DEBUG:colcon.colcon_core.event_handler.log_command:Invoking command in '/home/eduard/Escritorio/Robokin/ROS/robokin/robokin_publisher': PYTHONPATH=/home/eduard/Escritorio/Robokin/ROS/build/robokin_publisher/prefix_override:/home/eduard/Escritorio/Robokin/ROS/install/robokin_publisher/lib/python3.8/site-packages:${PYTHONPATH} /usr/bin/python3 setup.py egg_info --egg-base ../../build/robokin_publisher build --build-base /home/eduard/Escritorio/Robokin/ROS/build/robokin_publisher/build install --record /home/eduard/Escritorio/Robokin/ROS/build/robokin_publisher/install.log --single-version-externally-managed
[17.256s] INFO:colcon.colcon_core.task.python.build:Building Python package in '/home/eduard/Escritorio/Robokin/ROS/robokin/robokin_nav_system'
[17.559s] INFO:colcon.colcon_core.shell:Skip shell extension 'powershell' for command environment: Not usable outside of PowerShell
[17.560s] DEBUG:colcon.colcon_core.shell:Skip shell extension 'dsv' for command environment
[18.041s] DEBUG:colcon.colcon_core.event_handler.log_command:Invoked command in '/home/eduard/Escritorio/Robokin/ROS/robokin/robokin_publisher' returned '0': PYTHONPATH=/home/eduard/Escritorio/Robokin/ROS/build/robokin_publisher/prefix_override:/home/eduard/Escritorio/Robokin/ROS/install/robokin_publisher/lib/python3.8/site-packages:${PYTHONPATH} /usr/bin/python3 setup.py egg_info --egg-base ../../build/robokin_publisher build --build-base /home/eduard/Escritorio/Robokin/ROS/build/robokin_publisher/build install --record /home/eduard/Escritorio/Robokin/ROS/build/robokin_publisher/install.log --single-version-externally-managed
[18.230s] Level 1:colcon.colcon_core.environment:checking '/home/eduard/Escritorio/Robokin/ROS/install/robokin_publisher' for CMake module files
[18.239s] Level 1:colcon.colcon_core.environment:checking '/home/eduard/Escritorio/Robokin/ROS/install/robokin_publisher' for CMake config files
[18.240s] Level 1:colcon.colcon_core.environment:checking '/home/eduard/Escritorio/Robokin/ROS/install/robokin_publisher/lib'
[18.243s] Level 1:colcon.colcon_core.environment:checking '/home/eduard/Escritorio/Robokin/ROS/install/robokin_publisher/bin'
[18.243s] Level 1:colcon.colcon_core.environment:checking '/home/eduard/Escritorio/Robokin/ROS/install/robokin_publisher/lib/pkgconfig/robokin_publisher.pc'
[18.244s] Level 1:colcon.colcon_core.environment:checking '/home/eduard/Escritorio/Robokin/ROS/install/robokin_publisher/lib/python3.8/site-packages'
[18.244s] Level 1:colcon.colcon_core.shell:create_environment_hook('robokin_publisher', 'pythonpath')
[18.403s] INFO:colcon.colcon_core.shell:Creating environment hook '/home/eduard/Escritorio/Robokin/ROS/install/robokin_publisher/share/robokin_publisher/hook/pythonpath.ps1'
[18.405s] INFO:colcon.colcon_core.shell:Creating environment descriptor '/home/eduard/Escritorio/Robokin/ROS/install/robokin_publisher/share/robokin_publisher/hook/pythonpath.dsv'
[18.408s] INFO:colcon.colcon_core.shell:Creating environment hook '/home/eduard/Escritorio/Robokin/ROS/install/robokin_publisher/share/robokin_publisher/hook/pythonpath.sh'
[18.415s] Level 1:colcon.colcon_core.environment:checking '/home/eduard/Escritorio/Robokin/ROS/install/robokin_publisher/bin'
[18.416s] Level 1:colcon.colcon_core.environment:create_environment_scripts_only(robokin_publisher)
[18.572s] INFO:colcon.colcon_core.shell:Creating package script '/home/eduard/Escritorio/Robokin/ROS/install/robokin_publisher/share/robokin_publisher/package.ps1'
[18.578s] INFO:colcon.colcon_core.shell:Creating package descriptor '/home/eduard/Escritorio/Robokin/ROS/install/robokin_publisher/share/robokin_publisher/package.dsv'
[18.579s] INFO:colcon.colcon_core.shell:Creating package script '/home/eduard/Escritorio/Robokin/ROS/install/robokin_publisher/share/robokin_publisher/package.sh'
[18.584s] INFO:colcon.colcon_core.shell:Creating package script '/home/eduard/Escritorio/Robokin/ROS/install/robokin_publisher/share/robokin_publisher/package.bash'
[18.586s] INFO:colcon.colcon_core.shell:Creating package script '/home/eduard/Escritorio/Robokin/ROS/install/robokin_publisher/share/robokin_publisher/package.zsh'
[18.591s] Level 1:colcon.colcon_core.environment:create_file_with_runtime_dependencies(/home/eduard/Escritorio/Robokin/ROS/install/robokin_publisher/share/colcon-core/packages/robokin_publisher)
[18.598s] INFO:colcon.colcon_ros.task.ament_cmake.build:Building ROS package in '/home/eduard/Escritorio/Robokin/ROS/robokin/robokin' with build type 'ament_cmake'
[18.601s] INFO:colcon.colcon_cmake.task.cmake.build:Building CMake package in '/home/eduard/Escritorio/Robokin/ROS/robokin/robokin'
[18.815s] INFO:colcon.colcon_core.shell:Skip shell extension 'powershell' for command environment: Not usable outside of PowerShell
[18.815s] DEBUG:colcon.colcon_core.shell:Skip shell extension 'dsv' for command environment
[19.387s] DEBUG:colcon.colcon_core.event_handler.log_command:Invoking command in '/home/eduard/Escritorio/Robokin/ROS/build/robokin': AMENT_PREFIX_PATH=/home/eduard/Escritorio/Robokin/ROS/install/robokin_world:/home/eduard/Escritorio/Robokin/ROS/install/robokin_publisher:${AMENT_PREFIX_PATH} CMAKE_PREFIX_PATH=/home/eduard/Escritorio/Robokin/ROS/install/robokin_world:/home/eduard/turtlebot3_ws/install/turtlebot3_simulations:/home/eduard/turtlebot3_ws/install/my_world:/home/eduard/turtlebot3_ws/install/turtlebot3_gazebo:/home/eduard/turtlebot3_ws/install/turtlebot3_fake_node:/home/eduard/turtlebot3_ws/install/package_name:/home/eduard/turtlebot3_ws/install/custom_interface:/home/eduard/turtlebot3_ws/install/show_msg:/home/eduard/turtlebot3_ws/install/provide_map:/home/eduard/turtlebot3_ws/install/my_nav2_system:/home/eduard/turtlebot3_ws/install/my_first_subscriber:/home/eduard/turtlebot3_ws/install/my_first_service:/home/eduard/turtlebot3_ws/install/my_first_publisher:/home/eduard/turtlebot3_ws/install/my_first_node:/home/eduard/turtlebot3_ws/install/my_first_action:/opt/ros/galactic PYTHONPATH=/home/eduard/Escritorio/Robokin/ROS/install/robokin_publisher/lib/python3.8/site-packages:${PYTHONPATH} /usr/bin/cmake --build /home/eduard/Escritorio/Robokin/ROS/build/robokin -- -j2 -l2
[19.733s] DEBUG:colcon.colcon_core.event_handler.log_command:Invoked command in '/home/eduard/Escritorio/Robokin/ROS/build/robokin' returned '0': AMENT_PREFIX_PATH=/home/eduard/Escritorio/Robokin/ROS/install/robokin_world:/home/eduard/Escritorio/Robokin/ROS/install/robokin_publisher:${AMENT_PREFIX_PATH} CMAKE_PREFIX_PATH=/home/eduard/Escritorio/Robokin/ROS/install/robokin_world:/home/eduard/turtlebot3_ws/install/turtlebot3_simulations:/home/eduard/turtlebot3_ws/install/my_world:/home/eduard/turtlebot3_ws/install/turtlebot3_gazebo:/home/eduard/turtlebot3_ws/install/turtlebot3_fake_node:/home/eduard/turtlebot3_ws/install/package_name:/home/eduard/turtlebot3_ws/install/custom_interface:/home/eduard/turtlebot3_ws/install/show_msg:/home/eduard/turtlebot3_ws/install/provide_map:/home/eduard/turtlebot3_ws/install/my_nav2_system:/home/eduard/turtlebot3_ws/install/my_first_subscriber:/home/eduard/turtlebot3_ws/install/my_first_service:/home/eduard/turtlebot3_ws/install/my_first_publisher:/home/eduard/turtlebot3_ws/install/my_first_node:/home/eduard/turtlebot3_ws/install/my_first_action:/opt/ros/galactic PYTHONPATH=/home/eduard/Escritorio/Robokin/ROS/install/robokin_publisher/lib/python3.8/site-packages:${PYTHONPATH} /usr/bin/cmake --build /home/eduard/Escritorio/Robokin/ROS/build/robokin -- -j2 -l2
[19.953s] DEBUG:colcon.colcon_core.event_handler.log_command:Invoking command in '/home/eduard/Escritorio/Robokin/ROS/build/robokin': AMENT_PREFIX_PATH=/home/eduard/Escritorio/Robokin/ROS/install/robokin_world:/home/eduard/Escritorio/Robokin/ROS/install/robokin_publisher:${AMENT_PREFIX_PATH} CMAKE_PREFIX_PATH=/home/eduard/Escritorio/Robokin/ROS/install/robokin_world:/home/eduard/turtlebot3_ws/install/turtlebot3_simulations:/home/eduard/turtlebot3_ws/install/my_world:/home/eduard/turtlebot3_ws/install/turtlebot3_gazebo:/home/eduard/turtlebot3_ws/install/turtlebot3_fake_node:/home/eduard/turtlebot3_ws/install/package_name:/home/eduard/turtlebot3_ws/install/custom_interface:/home/eduard/turtlebot3_ws/install/show_msg:/home/eduard/turtlebot3_ws/install/provide_map:/home/eduard/turtlebot3_ws/install/my_nav2_system:/home/eduard/turtlebot3_ws/install/my_first_subscriber:/home/eduard/turtlebot3_ws/install/my_first_service:/home/eduard/turtlebot3_ws/install/my_first_publisher:/home/eduard/turtlebot3_ws/install/my_first_node:/home/eduard/turtlebot3_ws/install/my_first_action:/opt/ros/galactic PYTHONPATH=/home/eduard/Escritorio/Robokin/ROS/install/robokin_publisher/lib/python3.8/site-packages:${PYTHONPATH} /usr/bin/cmake --install /home/eduard/Escritorio/Robokin/ROS/build/robokin
[20.045s] Level 1:colcon.colcon_core.environment:create_environment_scripts_only(robokin)
[20.059s] DEBUG:colcon.colcon_core.event_handler.log_command:Invoked command in '/home/eduard/Escritorio/Robokin/ROS/build/robokin' returned '0': AMENT_PREFIX_PATH=/home/eduard/Escritorio/Robokin/ROS/install/robokin_world:/home/eduard/Escritorio/Robokin/ROS/install/robokin_publisher:${AMENT_PREFIX_PATH} CMAKE_PREFIX_PATH=/home/eduard/Escritorio/Robokin/ROS/install/robokin_world:/home/eduard/turtlebot3_ws/install/turtlebot3_simulations:/home/eduard/turtlebot3_ws/install/my_world:/home/eduard/turtlebot3_ws/install/turtlebot3_gazebo:/home/eduard/turtlebot3_ws/install/turtlebot3_fake_node:/home/eduard/turtlebot3_ws/install/package_name:/home/eduard/turtlebot3_ws/install/custom_interface:/home/eduard/turtlebot3_ws/install/show_msg:/home/eduard/turtlebot3_ws/install/provide_map:/home/eduard/turtlebot3_ws/install/my_nav2_system:/home/eduard/turtlebot3_ws/install/my_first_subscriber:/home/eduard/turtlebot3_ws/install/my_first_service:/home/eduard/turtlebot3_ws/install/my_first_publisher:/home/eduard/turtlebot3_ws/install/my_first_node:/home/eduard/turtlebot3_ws/install/my_first_action:/opt/ros/galactic PYTHONPATH=/home/eduard/Escritorio/Robokin/ROS/install/robokin_publisher/lib/python3.8/site-packages:${PYTHONPATH} /usr/bin/cmake --install /home/eduard/Escritorio/Robokin/ROS/build/robokin
[20.239s] Level 1:colcon.colcon_core.environment:checking '/home/eduard/Escritorio/Robokin/ROS/install/robokin' for CMake module files
[20.253s] Level 1:colcon.colcon_core.environment:checking '/home/eduard/Escritorio/Robokin/ROS/install/robokin' for CMake config files
[20.253s] Level 1:colcon.colcon_core.shell:create_environment_hook('robokin', 'cmake_prefix_path')
[20.494s] INFO:colcon.colcon_core.shell:Creating environment hook '/home/eduard/Escritorio/Robokin/ROS/install/robokin/share/robokin/hook/cmake_prefix_path.ps1'
[20.497s] INFO:colcon.colcon_core.shell:Creating environment descriptor '/home/eduard/Escritorio/Robokin/ROS/install/robokin/share/robokin/hook/cmake_prefix_path.dsv'
[20.498s] INFO:colcon.colcon_core.shell:Creating environment hook '/home/eduard/Escritorio/Robokin/ROS/install/robokin/share/robokin/hook/cmake_prefix_path.sh'
[20.499s] Level 1:colcon.colcon_core.environment:checking '/home/eduard/Escritorio/Robokin/ROS/install/robokin/bin'
[20.500s] Level 1:colcon.colcon_core.environment:checking '/home/eduard/Escritorio/Robokin/ROS/install/robokin/lib/pkgconfig/robokin.pc'
[20.500s] Level 1:colcon.colcon_core.environment:checking '/home/eduard/Escritorio/Robokin/ROS/install/robokin/lib/python3.8/site-packages'
[20.501s] Level 1:colcon.colcon_core.environment:checking '/home/eduard/Escritorio/Robokin/ROS/install/robokin/bin'
[20.720s] INFO:colcon.colcon_core.shell:Creating package script '/home/eduard/Escritorio/Robokin/ROS/install/robokin/share/robokin/package.ps1'
[20.736s] INFO:colcon.colcon_core.shell:Creating package descriptor '/home/eduard/Escritorio/Robokin/ROS/install/robokin/share/robokin/package.dsv'
[20.737s] INFO:colcon.colcon_core.shell:Creating package script '/home/eduard/Escritorio/Robokin/ROS/install/robokin/share/robokin/package.sh'
[20.739s] INFO:colcon.colcon_core.shell:Creating package script '/home/eduard/Escritorio/Robokin/ROS/install/robokin/share/robokin/package.bash'
[20.741s] INFO:colcon.colcon_core.shell:Creating package script '/home/eduard/Escritorio/Robokin/ROS/install/robokin/share/robokin/package.zsh'
[20.742s] Level 1:colcon.colcon_core.environment:create_file_with_runtime_dependencies(/home/eduard/Escritorio/Robokin/ROS/install/robokin/share/colcon-core/packages/robokin)
[21.429s] Level 1:colcon.colcon_core.environment:create_environment_scripts_only(robokin)
[21.790s] Level 1:colcon.colcon_core.environment:checking '/home/eduard/Escritorio/Robokin/ROS/install/robokin' for CMake module files
[21.795s] Level 1:colcon.colcon_core.environment:checking '/home/eduard/Escritorio/Robokin/ROS/install/robokin' for CMake config files
[21.795s] Level 1:colcon.colcon_core.shell:create_environment_hook('robokin', 'cmake_prefix_path')
[21.989s] INFO:colcon.colcon_core.shell:Creating environment hook '/home/eduard/Escritorio/Robokin/ROS/install/robokin/share/robokin/hook/cmake_prefix_path.ps1'
[22.000s] INFO:colcon.colcon_core.shell:Creating environment descriptor '/home/eduard/Escritorio/Robokin/ROS/install/robokin/share/robokin/hook/cmake_prefix_path.dsv'
[22.002s] INFO:colcon.colcon_core.shell:Creating environment hook '/home/eduard/Escritorio/Robokin/ROS/install/robokin/share/robokin/hook/cmake_prefix_path.sh'
[22.004s] Level 1:colcon.colcon_core.environment:checking '/home/eduard/Escritorio/Robokin/ROS/install/robokin/bin'
[22.004s] Level 1:colcon.colcon_core.environment:checking '/home/eduard/Escritorio/Robokin/ROS/install/robokin/lib/pkgconfig/robokin.pc'
[22.005s] Level 1:colcon.colcon_core.environment:checking '/home/eduard/Escritorio/Robokin/ROS/install/robokin/lib/python3.8/site-packages'
[22.006s] Level 1:colcon.colcon_core.environment:checking '/home/eduard/Escritorio/Robokin/ROS/install/robokin/bin'
[22.167s] INFO:colcon.colcon_core.shell:Creating package script '/home/eduard/Escritorio/Robokin/ROS/install/robokin/share/robokin/package.ps1'
[22.177s] INFO:colcon.colcon_core.shell:Creating package descriptor '/home/eduard/Escritorio/Robokin/ROS/install/robokin/share/robokin/package.dsv'
[22.180s] INFO:colcon.colcon_core.shell:Creating package script '/home/eduard/Escritorio/Robokin/ROS/install/robokin/share/robokin/package.sh'
[22.182s] INFO:colcon.colcon_core.shell:Creating package script '/home/eduard/Escritorio/Robokin/ROS/install/robokin/share/robokin/package.bash'
[22.183s] INFO:colcon.colcon_core.shell:Creating package script '/home/eduard/Escritorio/Robokin/ROS/install/robokin/share/robokin/package.zsh'
[22.185s] Level 1:colcon.colcon_core.environment:create_file_with_runtime_dependencies(/home/eduard/Escritorio/Robokin/ROS/install/robokin/share/colcon-core/packages/robokin)
[22.194s] DEBUG:colcon.colcon_core.event_handler.log_command:Invoking command in '/home/eduard/Escritorio/Robokin/ROS/robokin/robokin_nav_system': PYTHONPATH=/home/eduard/Escritorio/Robokin/ROS/build/robokin_nav_system/prefix_override:/home/eduard/Escritorio/Robokin/ROS/install/robokin_nav_system/lib/python3.8/site-packages:${PYTHONPATH} /usr/bin/python3 setup.py egg_info --egg-base ../../build/robokin_nav_system build --build-base /home/eduard/Escritorio/Robokin/ROS/build/robokin_nav_system/build install --record /home/eduard/Escritorio/Robokin/ROS/build/robokin_nav_system/install.log --single-version-externally-managed
[23.292s] DEBUG:colcon.colcon_core.event_handler.log_command:Invoked command in '/home/eduard/Escritorio/Robokin/ROS/robokin/robokin_nav_system' returned '0': PYTHONPATH=/home/eduard/Escritorio/Robokin/ROS/build/robokin_nav_system/prefix_override:/home/eduard/Escritorio/Robokin/ROS/install/robokin_nav_system/lib/python3.8/site-packages:${PYTHONPATH} /usr/bin/python3 setup.py egg_info --egg-base ../../build/robokin_nav_system build --build-base /home/eduard/Escritorio/Robokin/ROS/build/robokin_nav_system/build install --record /home/eduard/Escritorio/Robokin/ROS/build/robokin_nav_system/install.log --single-version-externally-managed
[23.398s] Level 1:colcon.colcon_core.environment:checking '/home/eduard/Escritorio/Robokin/ROS/install/robokin_nav_system' for CMake module files
[23.400s] Level 1:colcon.colcon_core.environment:checking '/home/eduard/Escritorio/Robokin/ROS/install/robokin_nav_system' for CMake config files
[23.401s] Level 1:colcon.colcon_core.environment:checking '/home/eduard/Escritorio/Robokin/ROS/install/robokin_nav_system/lib'
[23.401s] Level 1:colcon.colcon_core.environment:checking '/home/eduard/Escritorio/Robokin/ROS/install/robokin_nav_system/bin'
[23.402s] Level 1:colcon.colcon_core.environment:checking '/home/eduard/Escritorio/Robokin/ROS/install/robokin_nav_system/lib/pkgconfig/robokin_nav_system.pc'
[23.402s] Level 1:colcon.colcon_core.environment:checking '/home/eduard/Escritorio/Robokin/ROS/install/robokin_nav_system/lib/python3.8/site-packages'
[23.402s] Level 1:colcon.colcon_core.shell:create_environment_hook('robokin_nav_system', 'pythonpath')
[23.627s] INFO:colcon.colcon_core.shell:Creating environment hook '/home/eduard/Escritorio/Robokin/ROS/install/robokin_nav_system/share/robokin_nav_system/hook/pythonpath.ps1'
[23.632s] INFO:colcon.colcon_core.shell:Creating environment descriptor '/home/eduard/Escritorio/Robokin/ROS/install/robokin_nav_system/share/robokin_nav_system/hook/pythonpath.dsv'
[23.641s] INFO:colcon.colcon_core.shell:Creating environment hook '/home/eduard/Escritorio/Robokin/ROS/install/robokin_nav_system/share/robokin_nav_system/hook/pythonpath.sh'
[23.648s] Level 1:colcon.colcon_core.environment:checking '/home/eduard/Escritorio/Robokin/ROS/install/robokin_nav_system/bin'
[23.651s] Level 1:colcon.colcon_core.environment:create_environment_scripts_only(robokin_nav_system)
[23.855s] INFO:colcon.colcon_core.shell:Creating package script '/home/eduard/Escritorio/Robokin/ROS/install/robokin_nav_system/share/robokin_nav_system/package.ps1'
[23.868s] INFO:colcon.colcon_core.shell:Creating package descriptor '/home/eduard/Escritorio/Robokin/ROS/install/robokin_nav_system/share/robokin_nav_system/package.dsv'
[23.871s] INFO:colcon.colcon_core.shell:Creating package script '/home/eduard/Escritorio/Robokin/ROS/install/robokin_nav_system/share/robokin_nav_system/package.sh'
[23.875s] INFO:colcon.colcon_core.shell:Creating package script '/home/eduard/Escritorio/Robokin/ROS/install/robokin_nav_system/share/robokin_nav_system/package.bash'
[23.883s] INFO:colcon.colcon_core.shell:Creating package script '/home/eduard/Escritorio/Robokin/ROS/install/robokin_nav_system/share/robokin_nav_system/package.zsh'
[23.884s] Level 1:colcon.colcon_core.environment:create_file_with_runtime_dependencies(/home/eduard/Escritorio/Robokin/ROS/install/robokin_nav_system/share/colcon-core/packages/robokin_nav_system)
[23.887s] DEBUG:colcon.colcon_parallel_executor.executor.parallel:closing loop
[23.889s] DEBUG:colcon.colcon_parallel_executor.executor.parallel:loop closed
[23.891s] DEBUG:colcon.colcon_parallel_executor.executor.parallel:run_until_complete finished with '0'
[23.891s] DEBUG:colcon.colcon_core.event_reactor:joining thread
[24.242s] INFO:colcon.colcon_core.plugin_system:Skipping extension 'colcon_notification.desktop_notification.terminal_notifier': Not used on non-Darwin systems
[24.242s] INFO:colcon.colcon_core.plugin_system:Skipping extension 'colcon_notification.desktop_notification.win32': Not used on non-Windows systems
[24.242s] INFO:colcon.colcon_notification.desktop_notification:Sending desktop notification using 'notify2'
[24.270s] DEBUG:colcon.colcon_core.event_reactor:joined thread
[24.380s] INFO:colcon.colcon_core.shell:Creating prefix script '/home/eduard/Escritorio/Robokin/ROS/install/local_setup.ps1'
[24.382s] INFO:colcon.colcon_core.shell:Creating prefix util module '/home/eduard/Escritorio/Robokin/ROS/install/_local_setup_util_ps1.py'
[24.388s] INFO:colcon.colcon_core.shell:Creating prefix chain script '/home/eduard/Escritorio/Robokin/ROS/install/setup.ps1'
[24.467s] INFO:colcon.colcon_core.shell:Creating prefix script '/home/eduard/Escritorio/Robokin/ROS/install/local_setup.sh'
[24.469s] INFO:colcon.colcon_core.shell:Creating prefix util module '/home/eduard/Escritorio/Robokin/ROS/install/_local_setup_util_sh.py'
[24.470s] INFO:colcon.colcon_core.shell:Creating prefix chain script '/home/eduard/Escritorio/Robokin/ROS/install/setup.sh'
[24.547s] INFO:colcon.colcon_core.shell:Creating prefix script '/home/eduard/Escritorio/Robokin/ROS/install/local_setup.bash'
[24.550s] INFO:colcon.colcon_core.shell:Creating prefix chain script '/home/eduard/Escritorio/Robokin/ROS/install/setup.bash'
[24.627s] INFO:colcon.colcon_core.shell:Creating prefix script '/home/eduard/Escritorio/Robokin/ROS/install/local_setup.zsh'
[24.629s] INFO:colcon.colcon_core.shell:Creating prefix chain script '/home/eduard/Escritorio/Robokin/ROS/install/setup.zsh'
